495625 705494 470
229705 378426 443
608223 564520 434
326615 702673 470
340025 202673 443
725345 953825 476
551058 754246 447
490218 876848 470
636134 132980 470
521760 736096 452
140609 287770 443
828233 367910 470
986094 11984 476
700138 983739 476
61597 324117 443
468919 436897 444
519574 66398 470
352271 184084 443
289793 174935 443
804421 635930 468
467252 690203 470
491944 221682 449
858870 492631 470
624318 114551 470
798483 18607 470
998485 729852 476
840000 402978 470
846005 908175 432
441650 324300 449
12431 566648 470
595342 266331 470
49857 881381 470
877527 501434 470
874802 453758 470
179709 542739 470
229809 481469 449
916604 44090 476
143105 362603 443
465372 727192 470
362724 34826 443
755574 817748 468
402845 414393 449
751123 523224 452
579952 927721 476
116262 826659 470
292418 310199 371
784273 509062 470
692869 610900 447
656785 672301 398
854142 158194 470
546318 377466 470
687002 304319 470
365206 612973 470
413725 320283 449
381835 209069 443
341725 30697 443
115037 154231 375
661393 657657 398
885794 296336 470
327129 190421 443
964918 587439 476
492947 467825 426
988820 833506 476
233242 727782 470
812016 295687 470
217220 906939 470
702853 50267 470
316621 912000 476
71085 17457 340
140753 554713 470
529151 375373 470
194003 945041 476
345000 329512 366
589763 720255 447
712582 694417 411
379904 548336 470
251583 18037 443
880715 892953 401
670846 134091 470
716348 576612 447
77643 546003 470
255533 351562 441
717193 969758 476
864245 328997 470
762303 54098 470
554601 223545 470
540688 719600 452
883482 562438 468
504687 81347 449
704703 292189 470
847694 573609 468
300009 265977 389
11866 149418 375
116605 171213 383
812328 386567 470
459094 764445 470
771323 992578 476
480168 604244 470
341418 553140 470
968599 767303 476
635706 793385 468
360891 525508 470
549498 752243 447
813224 194569 470
813376 710047 468
254654 890999 470
438688 223285 449
440235 100054 449
298128 421371 449
652284 116870 470
576106 476052 470
914005 39696 476
407727 719480 470
826461 376454 470
757595 474604 470
894243 145141 470
550170 719338 447
489925 365923 449
333562 582988 470
678791 540837 452
348283 573229 470
773997 623415 468
692208 523342 452
297682 303282 371
966453 509410 476
619606 80057 470
950878 651444 476
503444 251305 449
657340 273883 470
868486 129320 470
739121 695950 424
172501 913738 476
695210 759553 424
739807 583835 447
70186 819307 470
452337 924764 476
286866 798425 470
283046 847783 470
50857 290120 443
901600 832658 432
855302 375759 470
449100 346738 449
731991 973467 476
830298 561745 468
141246 614787 470
465924 565726 470
864008 46213 470
881882 298173 470
961622 406012 476
541077 681714 452
613149 737953 447
96936 582857 470
719285 346764 470
838103 663848 468
157458 155356 383
421559 717173 470
154427 186554 383
937193 897694 476
863329 572971 468
575478 942282 476
868563 412100 470
944023 847953 476
309426 837759 470
673432 92449 470
985626 291146 476
719419 284307 470
258035 565412 470
203119 580340 470
10762 224173 386
762744 136622 470
231086 288114 407
120274 378498 443
735858 757831 424
893256 10234 470
844727 212038 470
198975 427960 449
643682 125609 470
130632 74243 354
186830 189388 329
648454 136813 470
448347 857186 470
170865 275904 443
228839 688876 470
9774 168062 383
159816 137654 383
479626 79159 449
856096 285837 470
676430 764849 442
833304 446591 470
40254 707441 470
649616 827778 468
457437 662976 470
437619 443800 400
579386 822288 468
722226 399190 470
696724 69243 470
366984 692259 470
775066 762451 468
17052 987499 476
229821 322612 443
234610 665468 470
82340 554802 470
818411 299132 470
812936 824616 450
726697 958660 476
28145 624677 470
519297 978668 476
109064 64200 354
76060 514025 470
97439 910727 476
631286 412408 470
434726 316562 449
243412 495609 449
925028 791464 476
918539 897204 476
375061 648248 470
458703 651396 470
788704 679639 468
584274 117175 470
895727 190072 470
559085 931766 476
405972 791365 470
279550 426305 449
519914 498074 470
866352 479955 470
472051 88044 449
816622 218736 470
80769 226486 386
733368 194922 470
704440 987085 476
434948 421325 418
196001 583624 470
7236 62549 340
542748 478862 470
307619 800905 470
216332 500713 449
828629 97318 470
692744 38431 470
790418 66258 470
323286 856884 470
743372 113355 470
283354 699505 470
305014 825065 470
179131 921724 476
854029 625131 468
939144 345896 476
668667 455445 470
661289 974606 476
771162 128260 470
880080 763023 468
319236 417862 449
636505 785113 468
341214 41072 443
362826 947971 476
138116 983330 476
111204 594986 470
55821 73164 335
445980 746013 470
638951 4190 470
861517 850776 388
892486 133496 470
799626 188326 470
185901 338770 443
496679 283103 449
777411 714228 468
856730 182491 470
471540 395883 449
146122 526945 470
453296 584735 470
572945 515786 452
83642 725291 470
185102 318402 443
896168 662366 468
131123 763478 470
821764 573415 468
693004 667123 442
883907 957626 476
656785 879091 468
906293 73327 470
345092 690325 470
852536 370399 470
491928 168012 449
379398 189126 443
323222 691097 470
161101 748986 470
883112 381953 470
6572 606412 470
871906 561224 468
26970 469374 449
328449 965353 476
361456 406297 436
59620 860282 470
210676 203676 373
982337 83142 476
137416 490750 449
737250 65800 470
924386 853659 476
372766 538107 470
812712 607891 468
562514 692510 447
160142 13577 383
789026 303346 470
716892 43101 470
503428 599438 470
766587 698509 424
391677 164852 443
694021 850112 468
606428 316958 470
91669 527411 470
3489 774755 470
85135 456362 449
999879 926594 458
3178 321145 443
993215 617933 476
452682 982964 476
901490 562597 468
331254 942804 476
453271 339122 449
625554 370278 470
432721 961485 476
817728 321478 470
118532 598205 470
378186 520396 470
697690 254327 470
965831 986310 458
499250 696162 470
637926 466114 470
41831 105054 351
989164 960320 458
582171 688384 447
652579 242645 470
320317 699921 470
550120 219022 470
760545 848565 468
715257 410942 470
710051 576523 447
352351 776194 470
200884 211305 373
472270 668367 470
549423 60207 470
704726 832421 468
819687 780486 468
342336 420316 449
320842 762395 470
331283 741560 470
252058 252854 319
576935 532714 452
80408 482484 449
580313 273894 470
891041 909096 401
485102 139062 449
397219 394125 405
110199 890061 470
40321 742493 470
199439 366744 443
880609 670163 468
127804 902172 470
196923 302728 443
462913 88480 449
585367 830992 468
964247 217568 476
997958 368805 476
715495 903036 468
268573 226838 443
814702 478475 470
368662 52891 443
84356 856614 470
503011 636774 470
360095 328271 441
94730 785486 470
625411 563583 447
880185 531018 468
450043 953638 476
370968 587518 470
387284 373668 423
346645 932621 476
219534 178740 386
41274 690831 470
338278 198468 443
362680 627651 470
541075 723365 452
534295 541866 377
884258 979023 476
352131 671062 470
881671 641209 468
678033 101629 470
564326 556133 359
582950 53308 470
261449 157469 443
120033 470340 449
624823 19684 470
469097 893385 470
886829 121253 470
715614 549926 447
341048 159244 443
438146 923938 476
883366 751261 468
283655 307656 389
118432 94629 354
4231 691384 470
207700 325548 443
938859 263444 476
776853 46025 470
551820 542139 452
521871 474918 470
454185 850508 470
339542 951484 476
439285 925447 476
498583 482817 426
46162 11410 324
311673 607108 470
61947 723653 470
26747 197367 383
157193 210120 373
665062 911443 476
204866 664249 470
430945 238103 449
250120 41351 443
452045 5492 449
55882 693697 470
601349 42504 470
54735 928727 476
304763 516619 470
481923 628392 470
997947 260557 476
774789 857692 468
95019 92546 315
824591 670181 468
838608 154070 470
462844 329128 449
282466 996453 476
889687 496299 470
219349 972566 476
180719 626022 470
226276 919609 476
125114 420061 449
625515 981162 476
500016 780052 470
794099 82818 470
671422 54064 470
698938 425956 470
42739 701217 470
704758 621169 442
363452 947186 476
732740 609133 447
260545 237951 368
61358 266368 443
189415 415093 449
435495 536785 470
461383 777246 470
334700 348561 441
692659 132525 470
933685 732130 476
257212 450549 449
656825 853116 468
337087 966378 476
264919 980721 476
837831 540618 468
785234 289854 470
408806 314414 441
989471 804698 476
830429 254321 470
172841 808894 470
360342 496153 449
505037 306426 449
559423 840007 468
113191 351873 443
727808 270288 470
171518 457921 449
462805 203555 449
219513 81119 386
774798 581743 468
645161 745144 442
872033 14516 470
178399 305696 443
604818 106710 470
693794 563733 447
264942 681270 470
408885 213550 443
321009 814815 470
938606 181963 476
906676 636733 468
174972 341266 443
101372 340912 443
48674 147835 375
284145 147290 443
499098 458709 444
3375 744517 470
752609 39565 470
510069 249025 449
479876 455509 444
134857 540791 470
881282 685858 468
580331 965733 476
929430 654814 476
267006 215552 443
758541 203668 470
134529 834203 470
752498 790175 468
711309 785374 468
729186 604499 447
241519 877945 470
154818 71875 375
14065 709903 470
887905 912098 476
860200 64822 470
113230 229361 386
31924 645367 470
170175 633637 470
100788 111882 354
751232 970565 476
573136 140864 470
926207 756640 476
562329 368987 470
691940 662393 442
671092 466805 470
725720 330433 470
256670 597954 470
276999 19806 443
284176 959246 476
525829 821469 468
686643 705833 442
767840 798851 468
149842 877598 470
719752 417693 470
630229 728700 442
963649 204071 476
746159 682642 442
990846 225129 476
470012 645092 470
925621 552765 476
728816 361130 470
101988 876817 470
183338 193359 360
10185 656908 470
548640 221492 470
484869 202257 449
216871 854468 470
51839 985492 476
899205 520171 468
292971 132897 443
492157 837378 470
438718 228373 449
401923 816368 470
571452 575530 372
732612 735852 424
480734 928413 476
980466 140232 476
68321 566699 470
157662 935462 476
659652 816472 468
223163 394303 443
814217 563615 468
949517 263554 476
756862 734762 424
735779 561253 447
629433 10574 470
918538 10430 476
471593 288913 449
710193 376738 470
866140 500279 470
793147 284275 470
590085 522778 452
764318 73998 470
481290 101852 449
627277 375472 470
957624 487771 476
668140 806696 468
128741 208793 383
857506 300989 470
678716 112203 470
618169 411943 470
634395 359017 470
118811 990683 476
321748 411574 449
482183 810534 470
358321 573143 470
240732 878216 470
992186 782203 476
194182 700794 470
739815 722917 424
66493 604829 470
409422 358460 436
403613 288419 441
80249 132205 354
74309 724078 470
897036 207625 470
46348 197441 383
743711 201489 470
623495 980454 476
406460 434987 449
511971 716468 452
457727 124889 449
743805 975685 476
670276 77634 470
596926 182870 470
112394 719703 470
599332 223350 470
680065 513842 452
916546 148742 476
598845 14553 470
52440 407701 443
23661 844577 470
888818 183157 470
10090 72912 340
204250 195539 342
801687 405364 470
961786 260166 476
533970 612021 452
905166 577078 468
690954 713862 442
578867 954994 476
157342 292996 443
587460 509214 470
333939 693561 470
462219 653794 470
178205 110653 383
897826 962485 476
17828 531198 470
964459 136516 476
360363 993337 476
261436 310043 407
176715 687957 470
15195 782710 470
992680 919895 458
839062 382155 470
573719 827302 468
313174 247080 407
363262 104657 443
657494 873783 468
615352 311590 470
187828 885491 470
986275 467800 476
794062 45491 470
825321 542736 468
806710 598510 468
466973 686074 470
205676 547916 470
481692 443351 444
403780 646628 470
174657 392399 443
752209 643186 442
449202 662198 470
195619 869412 470
424442 510562 444
644989 163730 470
760580 90482 470
190485 25256 383
322232 823175 470
843905 147828 470
507260 257171 449
898530 254523 470
859416 353438 470
255382 944687 476
319721 752811 470
547723 676315 447
764036 269127 470
221675 918522 476
317456 814205 470
882955 467629 470
143990 7415 375
556592 568491 421
679839 463435 470
687379 89429 470
238912 712269 470
139225 89327 354
595956 509451 470
752376 38708 470
455119 965639 476
194290 661505 470
863978 756916 468
442902 54023 449
121392 302108 443
764086 939105 476
822080 738212 468
409248 914556 476
323651 139729 443
745023 82526 470
763888 589643 447
767752 682318 442
419884 20381 449
219650 798485 470
295359 509124 449
635637 422109 470
367794 874144 470
226489 365129 443
159429 487500 449
886812 905430 401
514104 141331 470
698139 109612 470
592357 793693 468
519322 900724 468
954966 786685 476
645659 91628 470
465684 789022 470
193607 869685 470
782404 699967 468
652802 120237 470
781275 297466 470
837549 503683 470
250409 195239 443
538603 73889 470
274779 348365 441
698494 742266 424
709599 593655 447
793122 531879 468
738955 440693 470
54647 849407 470
214475 637884 470
174626 913093 476
407328 999911 476
787344 418630 470
581396 401102 470
472569 756610 470
661232 66654 470
304968 894955 470
589109 875550 468
933156 799483 476
928153 75114 476
942693 914679 445
994252 994126 290
671377 950479 476
506141 901397 470
963298 523874 476
372978 509486 449
711240 245850 470
768842 491362 470
601035 539128 452
211073 449937 449
933830 396379 476
519653 136382 470
286912 790419 470
704305 675527 442
130163 873518 470
99405 126585 354
487858 966469 476
613143 527985 452
33494 750409 470
316405 829692 470
621347 835027 468
846167 133453 470
98143 961930 476
878331 445541 470
837689 936842 476
284934 851189 470
245604 224779 443
488151 445841 444
562379 222493 470
348549 172548 443
436317 863445 470
449292 618844 470
886415 535228 468
890533 392941 470
609366 632983 447
113159 674902 470
161209 392245 443
462566 3101 449
764707 927702 476
104828 504747 449
513557 691307 452
377226 767517 470
882065 339340 470
858548 730598 468
154182 333987 443
658482 688396 398
794419 58081 470
429218 672134 470
6750 481628 449
785518 833374 468
756040 913696 476
618420 867296 468
431837 961473 476
738960 542328 452
179678 402765 443
917625 562783 476
657957 221018 470
984891 477668 476
282262 243432 407
968696 457459 476
905657 435155 470
127352 853195 470
602533 746948 447
128707 253336 443
529224 318794 470
36079 283082 443
975551 638300 476
36762 370434 443
429538 357033 449
457049 747477 470
905296 267365 470
201762 652131 470
867885 834997 419
531633 784689 468
522400 952692 476
698317 120036 470
372346 16571 443
405777 302970 441
123583 841039 470
277898 216279 443
423743 824329 470
334143 203007 443
983684 376074 476
780803 937388 476
806386 303298 470
636651 446355 470
524687 415600 470
428113 299725 449
698547 429358 470
286292 990540 476
483332 602005 470
54844 972944 476
648618 775021 468
261370 455427 449
400391 590373 470
929812 161332 476
525270 694521 452
795591 684054 468
826153 715 470
312187 672787 470
570730 466842 470
151268 383302 443
319032 861783 470
933341 682937 476
408537 412184 449
647399 810411 468
689185 501475 470
574423 820897 468
507716 277459 449
18571 380752 443
654623 948257 476
952572 756695 476
579783 197097 470
30956 582647 470
739871 813917 468
53865 854777 470
509225 169509 449
560012 805351 468
884118 889911 401
179158 294937 443
641460 130639 470
976228 536918 476
161794 124084 383
676851 767726 442
65815 166777 383
117234 347406 443
184731 840793 470
422726 725871 470
827866 736386 468
439010 532810 470
17283 84936 351
561189 570657 421
801379 531468 468
238854 84944 443
237426 448662 449
948309 256936 476
461626 844275 470
356610 71492 443
492842 889550 470
449484 748774 470
666483 599312 447
647462 633302 416
911472 474633 476
852579 232857 470
341255 18957 443
834898 589615 468
844954 809355 450
189477 268160 443
925560 947946 445
638346 170855 470
501626 308473 449
889588 556596 468
31782 750324 470
114091 934133 476
403207 530422 470
564612 216192 470
536924 800759 468
142608 589152 470
327242 437606 449
68865 797082 470
589070 115369 470
566182 819269 468
142195 459875 449
900111 427261 470
14065 733937 470
966065 194549 476
436425 219120 449
250121 316188 407
34115 556777 470
297667 207881 443
129878 794402 470
216884 466124 449
232996 97217 443
724698 120731 470
14916 139474 354
490266 436802 444
750560 408734 470
583923 363825 470
114497 553992 470
765577 908556 468
192215 921575 476
751869 619226 442
497285 701896 470
218092 636748 470
531728 680396 452
883951 444683 470
496996 507374 426
790691 217610 470
477654 520124 470
800883 695717 468
335915 668901 470
891689 850271 432
56245 416433 449
147183 309520 443
615930 492414 470
955228 529751 476
289257 90382 443
634283 89055 470
90465 314394 443
301998 111961 443
290737 331433 384
47298 974297 476
192489 769063 470
410482 483214 444
114941 631536 470
897568 995297 476
768838 524844 468
962343 75491 476
741558 181727 470
420317 840618 470
951263 487825 476
889632 755550 468
104121 387656 443
485788 261578 449
125919 80341 354
295762 226892 443
232977 120042 443
894154 844964 432
535089 456137 470
423876 533870 470
587783 860454 468
847266 837131 401
9604 865744 470
32241 388778 443
133990 227444 386
67366 136032 354
967348 495571 476
942946 476790 476
436494 697525 470
62457 904804 470
892809 946041 476
162630 490059 449
807494 339731 470
246040 540700 470
476101 415522 444
973794 820567 476
574179 509347 470
349457 738004 470
265657 521604 470
551239 460196 470
547073 435203 470
599395 661147 447
667785 264318 470
80625 11072 351
533775 439641 470
495598 514514 470
95730 144170 375
543123 635233 452
565276 106963 470
792932 323434 470
946605 267211 476
222266 305352 443
374486 884949 470
891999 784553 468
402292 439929 449
991793 252574 476
165591 789179 470
315309 997591 476
416481 14502 449
722501 512676 452
186485 753493 470
653791 599786 447
497307 38909 449
529288 659804 452
928139 982887 458
397532 611021 470
444285 575480 470
166027 897650 470
412564 237482 449
692264 804196 468
349893 285554 441
937576 384601 476
717172 38547 470
184767 398225 443
303756 297015 371
615222 810460 468
700432 907750 468
571965 211440 470
147827 264723 443
737042 393088 470
272953 980268 476
