==2882== Memcheck, a memory error detector
==2882== Copyright (C) 2002-2009, and GNU GPL'd, by Julian Seward et al.
==2882== Using Valgrind-3.6.0.SVN-Debian and LibVEX; rerun with -h for copyright info
==2882== Command: RunCollatz.c++.app
==2882== 
1 1 1
1000000 1000000 153
131149 322412 443
35991 968566 525
86055 933234 525
328115 443148 449
407417 736779 509
357594 743003 509
98747 623482 470
439643 209401 449
256072 261421 345
441711 924800 525
135703 340270 443
94207 365943 443
232208 378410 441
107095 879716 525
274491 819651 509
36647 937771 525
131866 95161 354
434278 915172 525
452406 236980 449
192911 27840 383
133192 378224 443
144485 412982 449
457587 568732 470
380457 587342 470
165246 582412 470
417556 290496 449
241808 179717 443
499425 62094 449
353910 639705 509
251846 394685 441
496493 580630 470
2935 750440 509
176799 71253 383
125301 952443 525
428587 475618 444
460548 170803 449
7071 993411 525
293357 559566 470
211595 390520 443
498262 970892 525
399313 412331 449
223790 997235 525
163418 791799 509
198494 504029 449
179056 491903 449
411359 942723 525
329673 196294 443
104316 530425 470
251928 14943 443
159958 249057 443
25894 396179 443
301730 651736 509
101618 190841 383
465782 241938 449
103219 137063 354
79034 238399 443
356179 165692 443
174413 936844 525
407972 826522 509
124910 891321 525
118561 149215 375
225127 149540 386
9326 346510 443
404787 766204 509
340357 829098 509
74637 434146 449
175616 360692 443
372404 735295 509
3308 395424 443
247683 956262 525
402083 663865 509
480142 485521 413
475893 279158 449
51352 71987 340
3882 52069 324
88480 59986 351
210512 748399 509
435196 948426 525
382460 241393 441
483508 627389 509
421744 714423 509
410480 881243 525
8420 633812 509
144893 932698 525
430073 122583 449
287474 166734 443
365 303053 443
394082 93994 443
175043 231594 443
369386 64442 443
360364 763082 509
412360 963069 525
289684 603572 470
335869 938140 525
194857 643576 509
393148 498956 449
222724 366607 443
58293 935736 525
127752 9091 354
233717 630021 509
180119 1120 383
32588 556185 470
210389 717318 509
272132 719861 509
242634 313799 407
286365 303427 389
89158 336918 443
5410 965210 525
362013 552477 470
132226 37550 354
443172 989935 525
149358 300868 443
176532 991521 525
360625 740023 509
178207 867392 525
215985 534358 470
224454 518919 470
39274 26064 324
349183 394174 436
10905 811639 509
381745 79424 443
130451 911850 525
167322 709070 509
284204 212195 443
415109 408012 449
404844 861663 525
287016 2664 443
408064 761642 509
191627 87891 383
57004 915729 525
124436 436599 449
155284 436193 449
117319 593366 470
440823 585796 470
33147 606171 470
229698 620695 470
70892 106258 354
348410 668205 509
36872 587173 470
53365 405688 443
430494 769935 509
122834 640593 509
466301 569628 470
201783 208458 373
319216 416260 449
24135 464887 449
264559 198620 443
385821 181956 443
174197 182070 365
97550 717871 509
366920 160038 443
430156 680372 509
9679 981234 525
302094 372606 441
335106 433232 449
221387 114936 386
269920 344931 407
381166 641260 509
399372 599621 470
268492 156319 443
287747 365703 441
482848 679403 509
240296 401269 441
279023 405258 441
163158 95225 383
63870 292601 443
121197 307057 443
126126 947667 525
295765 781163 509
281966 817012 509
141646 777727 509
434062 621481 470
456755 308592 449
60016 442306 449
334512 308208 384
150388 39028 375
304196 333416 384
96335 492045 449
179106 84426 383
241345 112372 443
413777 538926 470
330610 910935 525
404364 617122 470
388109 514058 470
282105 464142 449
364279 217216 443
206915 424703 449
233742 614363 470
141701 547333 470
188039 483077 449
135266 19295 354
359053 235664 441
72447 584902 470
225843 512482 470
8920 496249 449
174725 555689 470
136749 389935 443
222975 367917 443
326534 855501 525
391346 443829 449
129221 442671 449
274102 992204 525
384261 221869 443
217716 947720 525
324722 571691 470
281116 454310 449
384254 976922 525
252991 755277 509
443346 49295 449
111447 624327 470
454565 749480 509
246341 984949 525
116428 269734 443
246874 16091 443
351785 248689 441
310826 9453 443
344390 549687 470
96226 24781 351
46660 589339 470
153341 194272 383
335521 104522 443
16357 744284 509
148119 475295 449
335313 968573 525
287236 531437 470
73125 571297 470
336470 527627 470
404350 558824 470
168777 296292 443
404603 219019 443
465584 304989 449
432515 237794 449
152395 604049 470
361193 126757 443
221407 76496 386
22410 947360 525
189377 720853 509
87423 314667 443
415953 635967 509
425636 382456 449
410442 252613 449
3164 36662 324
15077 672120 509
128966 667411 509
469417 759341 509
155470 963650 525
324206 492818 449
449186 959862 525
377993 725999 509
282068 901737 525
286002 272281 389
47029 736714 509
133595 824009 509
236336 661380 509
155428 736956 509
213432 655295 509
338225 862290 525
487907 150548 449
272108 523583 470
25251 252802 443
99061 804081 509
433560 902015 525
387629 791848 509
282618 357234 441
20181 582783 470
327385 615796 470
343319 956158 525
325087 253792 407
447855 131394 449
94669 889369 525
218682 513788 470
447973 192826 449
284350 617762 470
192533 850037 525
488510 496529 426
254534 714125 509
387107 27178 443
174068 578470 470
477213 131773 449
491279 582520 470
15260 886890 525
274459 152681 443
260195 242209 363
124939 402123 443
299908 402206 441
450459 433970 400
42619 325295 443
457136 631195 509
70853 207750 383
229910 453972 449
428884 227831 449
439818 720349 509
397908 761935 509
351911 25932 443
422377 453585 418
98523 989775 525
61054 739821 509
240156 810399 509
20308 633890 509
427736 320888 449
478918 325916 449
358029 796355 509
357946 593668 470
421529 428791 418
385521 790125 509
488110 662833 509
183287 89052 383
89640 178427 383
363192 310807 441
180597 804776 509
174568 795877 509
459664 395072 449
170521 633214 509
6786 313146 443
3670 608590 470
317697 457676 449
20658 622029 470
119285 595960 470
186489 60956 383
43172 165345 383
196826 832583 509
218009 288915 443
198200 551736 470
51696 422815 449
310407 625883 470
190455 539075 470
237777 822471 509
125681 814706 509
471327 923228 525
431060 653993 509
3104 595005 470
326804 999940 525
133936 189475 383
112362 171245 383
57926 516463 470
139998 197882 383
136999 432855 449
486879 598928 470
334037 803260 509
214033 879615 525
89349 42689 351
328531 484012 449
99559 186146 383
109003 205621 383
339125 943244 525
46464 138520 354
216452 409940 443
29967 392483 443
439226 319157 449
451538 17474 449
418718 446641 418
285757 586544 470
489552 638102 509
156372 562006 470
313085 739734 509
108448 16135 354
136632 302289 443
447039 82778 449
358492 629982 509
499827 603198 470
339229 380929 441
240009 699305 509
261383 607630 470
440237 240709 449
497780 860087 525
325997 908682 525
462492 323994 449
70269 906860 525
77858 268611 443
158551 25744 383
496584 659414 509
478093 371510 449
101886 579446 470
276471 559199 470
76862 936907 525
94818 597914 470
329758 785426 509
132828 385436 443
72857 903152 525
448660 318727 449
406038 441147 449
470022 853471 525
373884 911589 525
80554 954833 525
176192 889384 525
398485 144464 443
32654 154854 375
420668 839299 525
250400 701232 509
263922 335367 407
50669 513601 470
461290 245576 449
249115 125695 443
64710 782367 509
30888 348339 443
148948 580992 470
438068 393382 449
470990 250493 449
390312 341619 441
214228 180115 373
376904 74254 443
173548 934716 525
253824 280914 407
493476 22760 449
95039 262909 443
194448 687411 509
408313 263485 441
228869 493649 449
304646 142542 443
103300 333170 443
111952 676252 509
184860 55732 383
278911 670298 509
469619 171222 449
406174 217053 443
418382 967816 525
405673 176036 443
462526 252720 449
307021 324930 384
169604 193471 365
428306 303210 449
353153 457026 449
88736 903298 525
69560 277996 443
70972 724260 509
70373 773938 509
159666 623445 470
59210 503810 449
457440 946020 525
444149 112577 449
65740 752113 509
244741 102663 443
206408 264507 443
243594 605347 470
429496 280783 449
308864 471829 449
377088 406054 436
209332 975246 525
469005 665538 509
473635 962551 525
453895 696807 509
191436 807213 509
272071 790287 509
394026 825621 509
331258 516391 470
208364 314233 443
386063 366700 423
386617 623598 470
142724 612897 470
436648 452234 400
411148 381136 449
39334 965180 525
278362 232762 407
182800 761854 509
224724 795196 509
342074 239393 407
288062 588693 470
257128 152422 443
439189 378579 449
216818 611844 470
21538 569166 470
346358 809142 509
131565 331338 443
495628 385816 449
228258 988345 525
81776 519055 470
100473 939128 525
222698 138127 386
155073 653877 509
39912 91046 351
32938 64416 340
430426 265419 449
29157 943613 525
419654 576692 470
4717 599845 470
465433 87142 449
345945 890054 525
232027 847773 525
389299 681792 509
177920 923072 525
452198 732558 509
111214 214485 383
115295 970947 525
222065 871097 525
31391 356625 443
149962 122669 375
387202 796765 509
246515 282214 407
272109 320214 389
5847 67226 340
411595 692930 509
323162 920325 525
456374 782612 509
339235 134208 443
299807 789475 509
466886 435365 444
372516 161970 443
278922 576676 470
438940 966172 525
71274 874563 525
52616 590799 470
372502 615287 470
223611 285447 443
277776 52045 443
219766 582520 470
355919 273963 441
227785 500639 449
312175 547488 470
470412 504892 426
57369 851677 525
405353 184851 443
434249 886785 525
86639 573131 470
229365 294961 443
114745 44030 354
434373 711801 509
113677 323921 443
158149 318142 443
458905 327578 449
302929 555760 470
122245 231983 443
319038 753187 509
238461 159159 443
189216 382948 443
379041 185199 443
165397 460242 449
491245 100173 449
324300 44049 443
332004 743623 509
180415 294061 443
79086 31139 351
336143 96576 443
1053 311961 443
291642 556157 470
435628 747151 509
292606 843185 525
250311 492919 449
187088 132983 383
465968 544172 470
93921 860765 525
125841 819762 509
172695 740648 509
271432 528486 470
292306 66305 443
9086 328373 443
381694 865791 525
131257 471671 449
62654 866604 525
159107 439015 449
238008 818744 509
352925 147506 443
12492 653785 509
52987 455381 449
199325 309811 443
174552 896405 525
11930 437290 449
131631 804456 509
408945 684383 509
143960 149292 357
176339 886240 525
146606 239748 443
84268 116252 354
54906 460981 449
34759 275357 443
94054 931135 525
438364 571566 470
104161 308450 443
76239 669290 509
429586 536372 470
402421 676817 509
433164 44493 449
400900 106663 443
257674 961426 525
408650 735001 509
280018 33518 443
446446 96337 449
305329 600206 470
40702 942685 525
248967 983730 525
423918 42705 449
17138 817901 509
61379 852033 525
476600 139620 449
351023 675523 509
497501 874459 525
410656 604676 470
477044 162952 449
248169 511393 449
312510 240452 407
290327 970859 525
239444 105253 443
492611 79059 449
208486 248179 443
258322 538663 470
122531 234691 443
197967 747463 509
448933 618187 470
498970 685736 509
449141 331504 449
170201 416079 449
294007 921857 525
162463 885773 525
72384 678494 509
311145 215834 443
454377 184180 449
46669 258243 443
438928 468426 444
251957 532831 470
458591 707747 509
214143 505046 449
139304 304048 443
131493 675436 509
142171 391949 443
475067 826324 509
122109 827805 509
125644 231454 443
141117 440874 449
418568 869238 525
342648 87214 443
414354 356094 449
420133 720266 509
264817 318729 407
240255 920353 525
149074 668714 509
216248 404195 443
310614 319205 384
449331 96547 449
64188 340518 443
163148 481367 449
150084 983205 525
208094 896383 525
449196 582958 470
322223 690481 509
319562 64394 443
497809 299579 449
287489 269763 407
210396 443595 449
372194 941031 525
214258 604821 470
444331 837864 525
382440 447881 449
127617 24816 354
176404 346870 443
346197 291590 441
247052 196197 443
79247 95442 333
462678 714865 509
73383 709517 509
34164 742470 509
77782 37549 351
291533 881001 525
318951 516271 470
262413 148763 443
203771 193486 360
423028 452313 418
91907 512074 470
381941 805158 509
362415 865781 525
357275 465318 449
364277 132166 443
14788 649915 509
338072 998875 525
113622 458308 449
426956 593243 470
478620 125056 449
212110 67747 383
60357 673081 509
181294 236355 443
52835 48764 340
473835 899633 525
38229 531952 470
355539 639287 509
128061 284093 443
307458 665388 509
305856 224672 443
467071 966023 525
491971 343720 449
430652 729819 509
484062 584179 470
92514 623064 470
394023 742607 509
265532 255831 407
158111 9967 383
87535 142839 375
272750 671295 509
388898 334285 441
364273 512221 470
125566 203803 383
205632 983881 525
187780 576560 470
472730 628144 509
110203 976919 525
154332 863582 525
6592 570366 470
331815 474628 449
334072 792582 509
67315 316431 443
279347 667372 509
18340 474412 449
74149 954786 525
322322 878420 525
129217 410408 449
15171 548628 470
44097 207879 383
237568 785630 509
427376 71689 449
261876 202351 443
383534 634540 509
181210 233247 443
55208 674064 509
481115 502338 426
202972 416921 449
499955 118724 449
420213 650084 509
162210 58189 383
415425 264653 449
322964 712736 509
326205 820820 509
414372 174162 449
131481 291448 443
277716 305112 389
209642 491733 449
492552 350123 449
444815 956251 525
324984 467323 449
243857 369301 441
97012 134230 354
191233 777271 509
328399 623762 470
208252 755314 509
145632 818480 509
65720 209900 383
285600 310911 389
496584 650336 509
433543 735685 509
98149 329235 443
309180 739354 509
438532 785753 509
21271 662055 509
46065 825177 509
360408 391089 436
479134 744347 509
270770 933728 525
115182 407251 443
254979 823600 509
481441 676873 509
294713 815125 509
247914 897520 525
122593 336404 443
488926 954597 525
97653 430208 449
306130 903061 525
248243 152369 443
80630 19175 351
61640 100447 351
160135 325085 443
250732 156254 443
21323 205957 383
316771 189021 443
385571 409472 436
148224 865056 525
200754 586962 470
158105 223914 386
281453 856578 525
176341 631200 509
185287 292922 443
100694 134161 354
88939 622894 470
388173 370401 423
465328 325293 449
383168 723331 509
279054 8378 443
355201 517050 470
269202 806763 509
85976 521108 470
374808 999309 525
370447 751930 509
485780 400035 449
306928 824704 509
236048 765698 509
348984 62591 443
46234 992292 525
401298 203097 443
464362 589222 470
68940 778373 509
381013 282798 441
172517 109859 383
72008 280256 443
435148 123343 449
203394 237545 443
479278 473944 382
403953 603859 470
221131 193274 386
78651 917176 525
277439 609302 470
201085 181745 360
72238 301329 443
445850 658663 509
44705 537571 470
267619 133467 443
312762 495682 449
48950 529515 470
102900 266552 443
79075 187715 383
61748 26267 340
357566 802373 509
42591 694089 509
318677 834095 509
74214 403516 443
398806 640822 509
311618 209507 443
27083 74035 340
208771 778800 509
367407 362559 361
310017 785349 509
383835 204745 443
63494 112688 354
300101 607054 470
323341 835 443
131562 452813 449
393177 697773 509
379358 112619 443
77747 307551 443
374694 405806 436
91788 621110 470
46313 773125 509
247139 70026 443
95817 148492 375
69354 204212 383
288086 23959 443
54617 399965 443
345601 97539 443
385960 728616 509
143631 713454 509
281776 662063 509
131821 421829 449
270758 620894 470
489764 948620 525
219263 475056 449
37615 851674 525
346207 839084 525
201874 198073 342
263486 215858 443
249954 595774 470
373675 915637 525
361636 460112 449
430593 77563 449
470056 899760 525
495206 618488 470
276473 707140 509
190891 593229 470
53868 696915 509
46204 318060 443
97561 592458 470
478932 663529 509
137974 372485 443
246841 947341 525
329656 269064 407
318461 854021 525
55735 974967 525
155729 825327 509
226569 311211 443
192140 981606 525
478639 397490 449
370321 766404 509
442701 465402 444
415281 845429 525
122995 924141 525
72411 976169 525
384855 82212 443
147303 659548 509
398878 342049 441
275244 946223 525
271767 550182 470
242188 551303 470
100203 231757 443
4286 558817 470
83707 26330 351
178718 719269 509
476517 959302 525
288376 922719 525
306354 752573 509
431880 36031 449
223459 152162 386
423351 393273 449
7964 605702 470
278712 495774 449
397126 783668 509
209754 731507 509
350091 374749 410
48907 545719 470
457515 746077 509
436688 251685 449
189466 335912 443
56780 581983 470
138420 390863 443
93307 668025 509
399506 620373 470
494052 803327 509
348082 37450 443
473404 347381 449
426597 389524 449
132004 312264 443
306988 977166 525
98576 966678 525
412609 638405 509
77089 340290 443
452448 819682 509
199509 91885 383
398059 931402 525
297911 723440 509
476813 543326 470
95351 751000 509
198241 239132 443
242721 169915 443
24029 79933 351
89851 112193 354
342074 187471 443
166374 758996 509
92744 401317 443
27729 678297 509
244448 413138 449
34404 149136 375
296931 937958 525
37208 313682 443
54429 909011 525
254635 370176 441
499396 649169 509
476940 923160 525
58706 688960 509
308928 640812 509
80821 517238 470
246121 793601 509
352416 502739 449
315523 188203 443
497565 58706 449
363175 396558 436
273544 554108 470
449433 328002 449
223112 136064 386
336724 167854 443
440031 410107 418
156975 677492 509
15528 344957 443
401972 637456 509
496373 532947 470
137320 541333 470
397801 469733 449
301946 170177 443
29064 460340 449
242010 314052 407
72132 822338 509
350626 173710 443
109940 243314 443
240503 935447 525
323921 801146 509
129917 591675 470
193161 723188 509
199764 100832 383
83485 840062 525
23665 554377 470
265474 280827 407
350947 664580 509
97941 765406 509
186121 5736 383
330768 789550 509
445426 479389 444
222291 663051 509
466637 808387 509
325281 225730 443
351278 493674 449
458644 52005 449
417121 434633 418
276246 337094 389
289564 655441 509
155382 737381 509
244311 488425 449
379204 4777 443
408229 223388 443
185160 861779 525
141179 754981 509
277764 407615 441
281551 23656 443
312278 606727 470
66798 712765 509
158737 43116 383
426507 610477 470
81221 601402 470
24845 29113 308
256123 974370 525
17137 160694 383
78863 954961 525
95502 213603 383
360940 756366 509
433300 68672 449
316476 717329 509
365532 615403 470
336111 982210 525
7678 949711 525
253695 110265 443
455224 348075 449
386316 616106 470
437784 145616 449
290642 69102 443
425548 382067 449
2054 755736 509
118351 934535 525
406270 29057 443
210491 390368 443
449532 677339 509
258039 593429 470
316891 20411 443
6827 305766 443
469664 257289 449
248474 513998 470
208607 864761 525
172850 55879 383
42196 480445 449
313986 947425 525
375291 308739 441
497016 336783 449
67843 106080 351
8185 735809 509
==2882== 
==2882== HEAP SUMMARY:
==2882==     in use at exit: 122,880 bytes in 6 blocks
==2882==   total heap usage: 2,411,972 allocs, 2,411,966 frees, 78,014,336 bytes allocated
==2882== 
==2882== LEAK SUMMARY:
==2882==    definitely lost: 0 bytes in 0 blocks
==2882==    indirectly lost: 0 bytes in 0 blocks
==2882==      possibly lost: 0 bytes in 0 blocks
==2882==    still reachable: 122,880 bytes in 6 blocks
==2882==         suppressed: 0 bytes in 0 blocks
==2882== Rerun with --leak-check=full to see details of leaked memory
==2882== 
==2882== For counts of detected and suppressed errors, rerun with: -v
==2882== ERROR SUMMARY: 0 errors from 0 contexts (suppressed: 18 from 7)
