==8445== Memcheck, a memory error detector
==8445== Copyright (C) 2002-2011, and GNU GPL'd, by Julian Seward et al.
==8445== Using Valgrind-3.7.0 and LibVEX; rerun with -h for copyright info
==8445== Command: RunCollatz.c++.app
==8445== 
289384 930887 476
692778 636916 442
747794 238336 470
885387 760493 468
516650 641422 452
202363 490028 449
368691 520060 470
897764 513927 468
180541 383427 443
89173 455737 449
5212 595369 470
702568 956430 476
465783 21531 449
722863 665124 442
174068 703136 470
513930 979803 476
634023 723059 442
133070 898168 470
961394 18457 476
175012 478043 449
176230 377374 443
484422 544920 470
413785 898538 470
575199 594325 434
798316 664371 468
566414 803527 468
776092 268981 470
759957 241874 470
806863 999171 476
906997 497282 470
702306 420926 470
477085 336328 449
660337 126506 470
750847 621730 442
661314 925858 476
616125 353896 470
819583 100546 470
898815 233368 470
515435 990365 476
344044 313751 384
171088 426809 449
117277 947179 476
695789 393585 470
705404 502652 470
392755 612400 470
999933 95061 476
549677 993369 476
947740 210013 476
636227 698587 442
348095 297540 441
140796 480571 449
651435 960379 476
97468 66602 351
710098 612903 447
573318 570493 372
926653 260757 476
997302 560281 476
724287 209442 470
953866 429690 476
228445 346620 443
558441 744730 447
958032 108118 476
738098 905772 468
834482 890676 432
120710 698928 470
704568 777857 468
179498 872354 470
254587 276966 407
455307 964684 476
406220 28625 443
51529 332872 443
805733 48830 470
409504 530020 470
258271 363369 441
959709 486716 476
226341 518150 470
747797 700724 424
142619 2246 375
122847 493452 449
892922 243556 470
192380 597489 470
537765 888229 468
469842 792351 470
165194 441501 449
757035 87765 470
470125 324915 449
936988 275857 476
373744 346492 392
322228 148366 443
709860 281937 470
151433 452552 449
316438 899229 470
153276 975408 476
901475 276122 470
468859 794396 470
36030 661238 470
908236 573794 468
65819 894429 470
366144 231012 441
335929 639530 470
318777 322405 371
964444 255764 476
114614 854539 470
118607 436841 449
2905 344819 443
235129 670689 470
797370 67918 470
569918 466997 470
43325 987744 476
259471 512184 470
298491 295500 327
689773 206726 470
385645 755591 470
617506 268140 470
502955 469787 426
907670 338083 470
308543 388465 441
110198 939508 476
759356 228805 470
376349 278612 441
573623 127829 470
949300 887344 476
195747 35569 383
354341 755423 470
23312 613811 470
267606 321802 389
425662 473731 444
44879 811306 470
229321 178737 386
79445 248627 443
648523 503466 470
586709 473417 470
408283 213259 443
412925 167638 449
442063 305625 449
962601 532037 476
433453 911900 476
419380 145551 449
947469 290072 476
900974 487132 470
903882 684931 468
808934 845895 450
158661 370164 443
657200 387982 470
548900 252997 470
152960 713774 470
272814 739669 470
187191 681096 470
952927 116467 476
365085 911341 476
422091 327685 449
443377 855543 470
755937 379108 470
517446 219757 470
669180 418419 470
706888 89413 470
103349 32173 351
451660 262010 449
402337 625211 470
166343 467588 449
878207 319302 470
697714 667373 442
575322 401256 470
864820 44600 470
517722 229905 470
955940 939812 414
73941 915668 476
311706 346229 441
811128 829151 450
565985 996659 476
763921 789225 468
602423 867270 468
821397 54082 470
645631 740085 442
679293 811973 468
207673 73851 383
647626 905386 468
741223 739300 393
306641 606043 470
783899 340714 470
352299 256191 441
280525 942591 476
688210 108582 470
288820 499337 449
937733 371156 476
495995 218005 449
160380 614770 470
85274 981777 476
668851 247256 470
721861 348143 470
575580 445885 470
421994 223206 449
867622 679568 468
962505 690614 476
801962 262755 470
31327 154260 375
518945 828203 468
613203 723507 447
936785 902022 476
222843 390869 443
789529 235190 470
608873 949909 476
849959 210499 470
448037 518809 470
457754 686249 470
383304 33334 443
132134 321649 443
772891 999755 476
517568 251747 470
690369 319530 470
514501 238047 470
473789 549798 470
66250 86991 351
273304 3034 443
505364 12498 449
910254 294893 476
247687 519126 470
761153 613997 447
245976 209189 443
649158 703730 442
895437 32461 470
253415 543922 470
870461 26305 470
60029 388028 443
278051 266749 389
707557 308903 470
504795 697698 470
858700 571044 468
301040 132003 443
90429 806404 470
144501 682 375
617648 908539 468
36160 895152 470
522536 282135 470
104340 171693 383
502216 516128 470
720505 755630 424
60050 590965 470
298286 636430 470
495344 576336 470
903178 202901 470
885239 407972 470
416950 260290 449
495368 717989 470
392293 585796 470
40744 53145 340
102830 658391 470
961683 655341 476
553542 570 470
453827 174233 449
172262 956043 476
690361 409118 470
228024 266762 443
82 526310 470
903191 495426 470
618997 806368 468
214678 504235 449
730691 631627 442
764525 226058 470
349615 673169 470
328206 390359 441
726313 947387 476
565101 204347 470
602727 634995 447
204917 56553 383
325579 893530 470
528947 532291 346
302648 756971 470
799052 819081 450
799632 218594 470
830858 418628 470
541313 561887 452
439215 788356 470
193513 720091 470
14413 59480 340
909611 858970 432
966190 152275 476
806356 47642 470
356621 925434 476
198988 77889 383
498339 524567 470
487771 27285 449
56857 790418 470
300607 372261 441
125850 100238 354
107206 473060 449
35218 648519 470
34946 990784 476
436874 228459 449
710874 967638 476
804290 620484 468
826608 770479 468
772758 149315 470
334472 645730 470
591101 533460 452
723619 89439 470
58026 211389 383
633075 631234 385
518158 933682 476
3494 160359 383
550271 110700 470
633418 101840 470
275570 668364 470
92623 228795 386
413174 319848 449
196432 217463 386
456683 539391 470
504293 745792 470
205058 355116 443
391522 796158 470
888575 631492 468
401948 462952 449
359232 35022 443
610538 393741 470
485055 614031 470
554099 35326 470
241082 187517 443
653517 33003 470
372232 746140 470
261797 785405 470
582339 974581 476
519219 39022 470
513971 539863 439
784813 235380 470
894978 692686 468
31537 299905 443
324177 433484 449
279208 199760 443
984858 889745 476
593500 469912 470
20128 663951 470
505237 777561 470
367819 675106 470
810564 740050 468
421245 588712 470
41806 519935 470
563292 77376 470
558956 593615 434
133590 343769 443
828994 544919 468
552806 376883 470
844823 876983 432
326718 124031 443
593094 311575 470
530127 186594 470
781487 550254 468
850544 803075 450
327815 734714 470
478180 138378 449
474763 415776 444
727089 32920 470
935711 806733 476
110295 11018 354
400347 760236 470
871138 745692 468
305154 423944 449
122574 666329 470
300926 449292 449
306711 894019 470
277218 836837 470
596964 575056 434
387091 963859 476
378131 714905 470
698572 372662 470
369634 689686 470
304790 613074 470
722605 756852 424
419806 349251 449
767869 336504 470
109486 639007 470
82196 414640 449
62950 721121 470
80968 880227 470
686764 387678 470
290597 963982 476
740866 887561 468
539037 127956 470
367771 433519 449
359212 66343 443
322533 245197 407
272380 627322 470
858271 994985 476
384173 794428 470
344235 152041 443
647284 970073 476
307399 245831 407
901064 370348 470
966951 982031 458
250574 653715 470
886060 57523 470
134048 626925 470
945083 189436 476
271233 829205 470
622955 630444 385
411899 945487 476
875641 684279 468
89160 250263 443
679263 989684 476
561042 539849 452
141724 208325 383
26273 449123 449
454155 927336 476
335822 937458 476
909366 102748 470
591172 311777 470
160270 725219 470
938702 621704 476
914654 209934 476
450908 53960 449
356729 862807 470
515798 748721 452
547085 121309 470
515335 742699 452
110992 76377 354
798899 252716 470
801053 825172 450
218190 771560 470
752507 554011 447
709017 178225 470
173110 816540 470
490001 333379 449
58110 945054 476
955082 489115 476
671339 405990 470
59427 28068 340
785148 575224 468
776788 332232 470
696533 292123 470
591282 323876 470
884851 390180 470
576591 202255 470
215351 311132 443
973814 967858 458
381495 199182 443
146082 554604 470
15721 152434 375
887983 590182 468
97488 359416 443
79297 768826 470
765405 138723 470
796893 550552 468
230298 90033 386
399135 443182 449
898507 990416 476
767058 299709 470
380596 860000 470
501963 112298 449
687484 475777 470
80155 68978 351
191310 742588 470
139933 723383 470
895022 544267 468
313564 508861 449
903683 909212 383
277686 669087 470
564286 590931 434
735991 794584 468
197315 651477 470
754117 95821 470
641893 37526 470
395529 538840 470
897526 897491 326
651137 101361 470
889619 247644 470
170338 80929 383
506583 826622 470
804311 917956 476
370889 634226 470
426816 274571 449
543438 220854 470
460009 107723 449
811784 712351 468
418658 9098 449
363828 689127 470
621270 522072 452
726652 533150 452
60911 140529 354
430640 228399 449
241889 836611 470
992394 928578 458
433891 498977 444
755200 754553 318
416932 126088 449
388778 360100 423
400658 448567 449
580953 377018 470
72642 392736 443
89369 491299 449
918185 453196 476
696777 55806 470
975267 423429 476
588955 552529 434
80309 19594 351
297279 322198 384
372556 289673 441
250775 806446 470
305001 522326 470
560998 238284 470
648413 466128 470
598383 565422 434
914694 179335 476
942440 987335 458
88422 548160 470
994986 522958 476
1355 691762 470
578763 492973 470
631542 167717 470
561853 711851 447
703663 375483 470
550400 76218 470
665155 801174 468
399016 486507 449
839852 476365 470
724791 488264 470
942492 323173 476
570038 373538 470
18860 28829 308
360872 107281 443
576988 355857 470
146591 578342 470
563971 725353 447
587666 195512 470
893070 149518 470
907362 113084 470
41352 974113 476
189301 706507 470
291639 104668 443
709365 131490 470
581033 434155 470
136105 39876 354
273680 706142 470
413413 292539 449
734970 290637 470
916171 311957 476
162845 62761 383
406650 726815 470
304466 994315 476
922327 713887 476
660184 346040 470
826970 701536 468
320153 532622 470
924394 611791 476
637290 150110 470
259632 734674 470
584265 395736 470
774549 374296 470
101878 704314 470
666834 353199 470
994950 99356 476
665156 157794 470
678469 588157 447
400961 982934 476
98824 323287 443
213172 275359 443
185678 40141 383
493246 22182 449
572762 933991 476
150324 210051 383
84101 409955 443
461076 668365 470
322043 235625 407
42660 423920 449
456290 225845 449
293470 451239 449
841552 474977 470
125384 520020 470
63134 526344 470
19305 161957 383
365982 232476 441
953667 68012 476
788968 446913 470
90193 361730 443
380903 756869 470
88132 465003 449
683175 549208 447
649719 5217 470
301184 692378 470
945488 757473 476
434574 238958 449
725063 276126 470
713934 366798 470
312497 293419 384
893142 848154 432
971727 775475 476
596981 925394 476
843486 385949 470
372306 450031 449
264030 269560 345
206899 352161 443
734563 406425 470
417720 384281 449
411642 718903 470
593011 873481 468
992727 27584 476
628790 234141 470
303709 342724 384
600939 132558 470
152494 10432 375
980711 124221 476
785906 577691 468
49614 629392 470
963639 938271 414
79422 227668 386
207830 802672 470
96181 458744 449
209096 513900 470
843025 137089 470
749155 952387 476
10570 258233 443
979970 155711 476
492374 800031 470
498434 609664 470
932588 167280 476
620095 429650 470
291500 922352 476
7340 857465 470
551743 487331 470
312087 147516 443
231350 519916 470
950187 843882 476
495012 675635 470
874134 854388 432
812723 623288 468
806774 339644 470
881520 786743 468
495355 890245 470
103125 510140 449
16260 552064 470
677419 636354 429
981713 485270 476
558706 505405 470
342734 626800 470
992735 654820 476
774316 740436 468
691088 240854 470
100670 702451 470
916488 974803 458
556838 245563 470
598090 363611 470
585206 995961 476
666705 596912 447
402558 769830 470
623404 418817 470
321893 300822 384
571523 303606 470
302444 646580 470
325362 161529 443
273379 834448 470
332701 564046 470
574883 23788 470
804900 675552 468
242590 721387 470
650354 799427 468
966949 764795 476
163037 68507 383
277108 346093 441
665418 679665 398
115922 288821 443
98481 954167 476
105995 186355 383
774124 408438 470
832934 99485 470
86318 106313 354
933932 419018 476
186710 25166 383
959157 991609 458
217070 201746 386
712996 867423 468
1172 196296 383
148570 680560 470
264802 425677 449
26653 446572 449
105341 658926 470
251744 720173 470
613092 874090 468
906528 903567 383
798879 255813 470
3051 885197 470
362125 453334 449
304214 65187 443
478500 263371 449
56795 695569 470
465116 286142 449
79343 982640 476
482438 744264 470
663199 263591 470
169940 206203 365
226514 791632 470
865129 478258 470
511805 994572 476
352347 934684 476
898139 151226 470
190496 417541 449
36422 68973 340
387227 340635 441
134159 865726 470
120357 190953 383
77646 585473 470
993447 673340 476
568112 475884 470
417604 747662 470
255826 587543 470
470217 482340 382
379175 335345 441
960597 407331 476
846268 829295 419
342014 260758 407
980520 48861 476
194651 533293 470
117833 581877 470
390280 251991 441
963954 510636 476
959296 41599 476
96108 952742 476
714938 180571 470
944977 132541 476
444585 200802 449
720084 914801 476
199493 615610 470
766497 676441 442
22940 612764 470
505736 881305 470
389874 2607 443
930165 584524 476
52252 564350 470
682752 442531 470
816340 646705 468
953166 291987 476
688303 565626 447
761080 919592 476
262548 222408 443
568485 707132 447
939562 804920 476
621932 139054 470
420529 388428 449
815495 959820 476
517544 837582 468
841124 423769 470
840188 287640 470
524644 892439 468
851989 207395 470
851321 184681 470
854099 804487 450
993019 58753 476
886464 754099 468
494696 149011 449
976506 63180 476
856143 916067 476
868099 994426 476
571473 804979 468
382854 386967 348
764798 416749 470
224548 122273 386
840517 581087 468
409913 365160 436
989878 261901 476
572554 841198 468
962933 943004 414
162036 955952 476
518108 48499 470
710050 529155 452
713862 202907 470
592335 570004 434
635326 976785 476
564429 206798 470
781764 463634 470
110116 546561 470
880382 851015 432
185186 720898 470
432101 595098 470
602409 938330 476
373350 691314 470
295880 852635 470
634317 457915 470
808586 668776 468
22766 34987 311
197931 736627 470
237893 306617 407
306630 389570 441
799753 387410 470
596367 581516 434
367396 222834 443
644429 247777 470
73848 829614 470
485027 22301 449
941063 603787 476
960630 830764 476
295101 256509 407
683398 929417 476
230776 491983 449
114545 253541 443
43321 828827 470
506519 797566 470
651795 329500 470
187135 451547 449
716909 299854 470
33063 84304 351
522687 193843 470
848433 596535 468
539808 849811 468
618835 480870 470
453597 95816 449
827985 748697 468
352325 511383 449
194466 99452 383
519717 825362 468
869344 563038 468
654188 375862 470
360603 305982 441
705361 64089 470
273880 938621 476
363942 823294 470
22925 886629 470
17136 387709 443
483163 556943 470
753871 101997 470
554164 207467 470
197812 898501 470
472516 66488 449
926235 183333 476
682291 445951 470
8694 551634 470
525340 662881 452
927495 402294 476
485214 632855 470
466383 275445 449
571476 830324 468
98739 110752 354
716952 115874 470
14812 716466 470
189169 768682 470
334814 259684 407
492500 48978 449
674536 965015 476
115465 600770 470
148347 314108 443
563073 673392 447
865741 88412 470
852624 309588 470
7058 337837 443
458794 473440 444
613282 546621 452
820115 228372 470
657372 53419 470
860597 188535 470
769884 49765 470
473568 104698 449
825801 966068 476
153675 500336 449
447434 785491 470
617458 112133 470
615950 180530 470
785524 481691 470
785293 638148 468
307630 792350 470
492336 766423 470
782141 621969 468
313044 602256 470
850340 486767 470
172026 710937 470
191654 458261 449
277053 665221 470
562958 619205 447
631288 232984 470
119541 78722 354
534827 736998 452
707206 667128 442
433879 492729 444
665170 219171 470
647228 972799 476
11521 139564 354
739222 793661 468
277884 568617 470
912268 128224 476
55383 84293 351
355512 247036 441
542554 632564 452
428609 621863 470
251769 59896 443
371199 887661 470
654969 422377 470
141010 362174 443
89504 574888 470
371255 754674 470
794058 18482 470
243824 321930 407
674397 983045 476
631943 952281 476
68013 544210 470
596856 639748 447
144855 952367 476
403135 203760 443
101282 831743 470
341974 869402 470
891639 713172 468
273414 62959 443
651900 414423 470
941485 257756 476
505662 829091 470
528781 816072 468
363924 772604 470
138001 38321 354
272001 769943 470
506953 340013 449
830505 103808 470
979760 975359 383
572526 382895 470
179118 190159 365
214637 521091 470
59561 622627 470
750615 332974 470
201938 918866 476
263749 143422 443
176621 769410 470
488864 705401 470
101833 852787 470
478005 239834 449
407459 266357 441
526128 914411 476
606369 356632 470
534570 586129 452
848342 623447 468
485375 27459 449
813606 700011 468
64902 873166 470
838990 331868 470
722491 40927 470
250733 986239 476
700700 943706 476
272001 189563 443
165458 373833 443
42349 643462 470
130018 449808 449
426170 172498 449
880570 32539 470
529129 415140 470
135019 377471 443
38586 620393 470
921281 368543 476
836755 502534 470
241708 675744 470
834401 480551 470
233022 601486 470
466789 933721 476
545191 255141 470
639635 710648 442
145326 681984 470
870462 791695 468
648143 296631 470
964192 45064 476
845521 493321 470
976555 980539 383
387143 531493 470
600931 308423 470
900035 437686 470
327309 658095 470
629781 161709 470
138645 862803 470
279546 121785 443
796523 341088 470
376926 436158 449
51736 38603 314
634493 438549 470
830297 798987 450
251531 310841 407
844050 97052 470
320513 336957 384
77590 707655 470
868449 194873 470
532429 768483 468
632558 376089 470
426577 262338 449
537798 565221 452
125140 333695 443
687006 438015 470
674783 580283 447
390524 242870 441
135237 25016 354
681418 481885 470
340354 449300 449
792725 700755 468
546351 113237 470
37711 140293 354
337243 906159 470
335165 386024 441
674642 967722 476
762112 617570 442
746411 816261 468
182791 387903 443
149956 386148 443
825917 341090 470
482782 216440 449
583959 618018 447
757807 265376 470
99902 614512 470
714675 408979 470
315266 777378 470
38567 352977 443
917670 892162 476
259135 252834 363
==8445== 
==8445== HEAP SUMMARY:
==8445==     in use at exit: 122,880 bytes in 6 blocks
==8445==   total heap usage: 6 allocs, 0 frees, 122,880 bytes allocated
==8445== 
==8445== LEAK SUMMARY:
==8445==    definitely lost: 0 bytes in 0 blocks
==8445==    indirectly lost: 0 bytes in 0 blocks
==8445==      possibly lost: 0 bytes in 0 blocks
==8445==    still reachable: 122,880 bytes in 6 blocks
==8445==         suppressed: 0 bytes in 0 blocks
==8445== Rerun with --leak-check=full to see details of leaked memory
==8445== 
==8445== For counts of detected and suppressed errors, rerun with: -v
==8445== ERROR SUMMARY: 0 errors from 0 contexts (suppressed: 17 from 6)
