900000 1000000 515
326123 329007 322
853330 849495 357
188672 189490 316
834848 830254 419
311211 311764 309
969106 967850 352
560042 560197 284
306602 304686 309
977391 978185 383
145328 141082 375
217211 220505 355
906281 901559 445
370689 370925 304
359914 357763 379
612018 613136 310
668609 667323 367
761937 762532 362
810831 807094 439
952817 954529 414
664101 661389 367
903614 906177 445
452892 451368 294
234365 238573 350
910108 910053 476
346424 347028 348
704617 702064 380
899950 901913 401
573372 569162 377
84022 88943 333
51742 47875 309
384127 387170 348
810858 806760 439
685404 688382 398
552816 550061 377
266203 266425 301
915557 912248 401
299076 301215 371
93716 91860 315
573057 574034 359
477092 474390 351
63047 63316 317
214141 212309 373
514270 514505 258
963611 962828 414
161784 165540 339
470810 466911 413
179289 181796 365
148503 145362 357
897525 901061 401
514442 512913 351
360259 362974 443
789827 786931 406
966357 968732 321
919523 916969 352
609896 614263 354
194375 193090 329
26201 30768 308
93900 89327 333
635256 635768 416
588459 587149 328
516245 518956 439
75915 72144 325
61925 62836 317
15670 13613 271
637121 637633 354
301668 300758 309
405073 406201 438
390342 385908 436
419866 421128 343
648246 645039 341
428430 429730 281
159062 156091 383
691913 695875 367
719963 719293 349
745959 750212 393
853497 853402 220
813889 818783 357
138855 135319 331
867244 870727 388
15802 12844 276
399650 401533 387
239513 235938 350
849676 850055 357
632406 629540 385
653916 656617 385
754017 752690 424
566094 568011 359
267390 266169 345
602585 605780 372
321078 319371 371
469485 471060 338
71252 69135 312
108319 111692 323
616202 612574 447
353384 357334 379
216326 214121 324
387405 390563 436
12691 11143 263
796097 796239 269
243699 240816 319
644455 647646 323
990295 985746 396
631480 636341 416
206444 202751 355
690765 691130 336
320010 316802 353
424087 428993 374
898125 897011 339
590389 594072 403
957843 956354 352
588390 592422 403
155012 150193 352
349727 354201 379
227660 222876 368
526211 528345 377
54389 54225 260
462197 466779 369
393003 391216 330
26081 27916 308
62138 61935 317
840280 843864 388
609484 606288 436
764671 766112 362
253282 250160 332
747078 747483 349
480524 476413 446
111183 115840 349
49789 45456 314
512134 513784 333
337378 335926 366
180410 183547 365
938667 938204 308
159316 161997 370
470342 465476 413
652579 653013 279
627206 626434 310
906145 907329 445
219474 215614 386
470215 474847 382
208913 208458 311
401480 405778 438
11975 11148 250
40670 45518 314
698556 697764 367
768321 770303 426
321977 320341 371
872228 873793 326
321072 320530 371
322159 325564 384
224758 221939 337
761802 763631 375
645739 645178 310
810287 814199 439
526039 521344 408
774951 779059 437
956115 951181 414
419672 420740 343
422002 418287 343
467319 472297 413
741105 737337 424
603129 603936 297
641188 637757 449
769610 771169 426
241769 241094 275
916872 918957 352
522754 519895 364
40598 44035 288
809639 805008 406
755058 755603 362
588372 584774 359
785347 789824 406
443695 440634 356
232478 234476 381
397368 394553 405
428360 428699 281
113305 113017 261
642954 647645 354
242262 241039 275
438253 438649 294
961639 957721 447
669357 671101 323
494933 492186 426
376882 377079 317
14461 14226 196
357739 360796 443
122085 120337 336
864148 864218 282
805924 801491 406
149085 153374 370
970750 969002 458
781320 782855 362
616059 613932 447
837791 841250 525
299055 295227 371
785489 787089 375
92244 89556 333
464757 465632 369
623064 618187 372
608128 608646 341
430132 426966 374
679799 680098 336
288996 286534 422
832465 834893 388
99102 98960 328
18263 20110 274
568044 563994 421
879173 879452 326
954010 953050 414
210478 212709 355
451693 451395 294
235418 239304 350
188534 185007 347
571078 572204 359
992385 990200 321
883994 885216 370
325577 322654 384
693661 696632 367
570722 566128 377
702211 705844 504
245339 241870 337
186437 189416 347
253113 249250 332
161372 162773 339
521468 516768 439
460577 461541 444
97178 97010 253
681694 682383 323
126327 125363 318
809404 812857 439
887880 885365 401
986115 987321 396
719478 715578 380
546399 547223 452
666569 664289 398
675987 680570 380
423762 422471 418
884604 885578 370
662102 657226 398
879019 880349 357
868571 866211 357
319738 322017 371
493828 488978 426
969431 972008 458
985883 983396 427
183290 184958 316
214836 211427 373
810973 811413 287
584481 583374 434
937904 938707 445
283123 118584 443
117814 493090 449
99425 94074 328
363020 148745 443
277068 267504 440
481460 105298 449
204345 440861 449
498739 67906 449
280102 101649 443
490776 1395 449
36838 438207 449
109439 403148 443
114601 252367 443
42942 230705 443
40362 454720 449
120800 82669 354
47310 455188 449
404492 272992 443
276432 342164 422
314429 183376 443
138774 277179 443
131457 226255 386
380938 18862 443
76813 401709 443
488666 429914 446
118324 285681 443
483746 213881 449
172602 343954 443
418046 474677 444
473079 226663 449
445109 491171 446
51973 161430 383
254549 351551 441
40589 229763 386
387389 297766 443
326857 180958 443
11521 289034 443
21605 10520 279
125619 405216 443
175774 305976 443
377134 275813 443
259636 341979 440
225409 238374 443
62064 88713 351
54469 401350 443
392966 182859 443
41727 210682 383
275260 498806 449
118611 496907 449
194078 249212 443
217047 310099 443
430383 38744 449
181745 133661 383
43762 492499 449
242410 304814 440
184915 481540 449
282294 159546 443
112148 71957 354
309884 62877 443
58223 131009 354
39093 81460 351
443954 34142 449
309956 104890 443
363194 130062 443
236626 224481 443
270204 37558 443
452375 133910 449
384848 467381 449
132345 224735 386
493680 85242 449
113943 411690 449
65697 457892 449
402071 37545 443
420377 353210 449
141785 475404 449
82614 97405 333
264511 267521 345
434228 327643 449
465615 314001 449
324979 316825 384
450896 252214 449
437355 88721 449
497499 248321 449
408858 286319 443
310755 455977 449
3134 203973 383
422646 384121 449
487004 44833 449
469847 355688 449
314306 319051 353
109734 132146 349
239416 355343 441
81263 124960 354
83435 158813 383
494292 414389 446
54242 311239 443
335711 48481 443
277949 276604 389
413642 300676 449
33789 344226 443
22006 223134 386
97051 14626 351
496938 444725 446
85397 409142 443
53775 227529 386
272756 263295 440
338795 313813 384
481950 246066 449
3391 66586 340
392315 232456 443
310035 331191 384
401789 245127 443
309167 322818 384
64305 72378 325
484069 175388 449
82788 64392 351
446798 70951 449
375640 307386 443
282422 105559 443
350365 276226 441
481097 237518 449
211767 170043 373
67917 306985 443
404191 442516 449
39015 212069 383
137328 48767 354
39046 375906 443
373358 144151 443
369981 141643 443
159532 386771 443
404027 187791 443
274779 115144 443
284560 465139 449
321519 495215 449
438071 18215 449
134582 256791 443
387460 369221 423
197980 368468 443
152379 410458 449
157265 432256 449
145893 472407 449
490283 214364 449
428372 408994 449
452372 66974 449
459308 168979 449
43395 37349 306
95684 402981 443
453468 205254 449
21520 189353 383
231847 237396 381
57425 448918 449
289161 298495 358
391233 58548 443
287012 312600 422
191225 66592 383
490957 125371 449
311990 259403 440
262969 378325 443
379591 127472 443
47696 369413 443
447560 32176 449
463207 340801 449
148075 79669 375
441345 4349 449
323773 367159 443
275448 188060 443
14780 378626 443
423905 262609 449
392821 371969 436
486836 486111 382
279714 117660 443
420213 87382 449
261044 320135 440
276779 293222 422
107513 477511 449
66387 93611 351
246217 312634 440
209699 330227 443
382038 239026 443
18687 188322 383
55343 109015 354
174945 369730 443
436376 228124 449
292563 125682 443
498985 309745 449
346161 432100 449
386752 187193 443
16644 397156 443
283134 196428 443
357347 1157 443
423862 192036 449
111449 482184 449
44647 161526 383
17901 97423 351
40159 358530 443
27566 109742 354
421253 284234 449
13885 171847 383
296597 208126 443
303084 306194 340
72155 234143 443
167809 407879 443
357340 186331 443
325031 129816 443
190243 309329 443
454168 144797 449
145973 453322 449
304589 117393 443
171923 40520 383
93022 260163 443
101715 190819 383
100848 93263 341
235588 417964 449
168871 474311 449
139153 294367 443
152872 116221 375
404749 422662 449
347097 164757 443
40013 445167 449
404829 464652 449
396827 168580 443
385233 403410 436
130483 180591 383
233969 185296 443
83636 87502 333
261331 54487 443
222610 207530 386
16201 356037 443
314567 213157 443
366690 396016 436
423278 327706 449
89035 338095 443
18489 246256 443
335213 352827 441
39281 469097 449
496667 418027 446
125382 207086 383
206655 53898 383
432019 442612 420
26961 364911 443
473716 107299 449
246029 51985 443
300321 168154 443
175095 53119 383
494603 197543 449
366438 168383 443
494918 239221 449
293645 426062 449
88715 472556 449
227595 50747 386
93073 320168 443
499235 498907 276
766492 766767 300
433255 432391 420
664798 669477 398
740736 736041 424
451205 453243 369
371314 371312 118
33866 37306 324
450579 446670 369
249816 251671 332
360924 359000 443
269212 270728 440
424254 423622 418
831490 836398 388
816655 812230 375
446569 450956 387
227381 226371 368
682724 685560 380
204577 203239 311
29465 32038 285
951901 947896 414
352067 355040 348
140207 135810 344
118372 119624 318
326226 325192 340
464618 467663 369
716088 714339 305
734994 737687 424
664736 660121 367
138329 138599 313
575397 571408 372
517681 519180 439
530526 527151 377
904926 909503 445
9516 6314 260
398863 400962 374
867913 863447 421
726804 729371 362
588087 585250 359
310930 314451 384
666382 661750 398
48021 52555 340
241050 238570 368
524050 526869 408
84875 83693 320
105235 109076 354
696112 695662 305
182072 183594 334
1928 901 182
406589 407832 343
479377 474775 382
409811 411248 449
14537 9770 276
71673 75956 325
159901 159372 308
234654 238834 350
884417 882342 370
926404 930650 476
74336 70689 325
748796 751800 393
567726 566219 359
533674 533674 165
654416 649527 385
938080 941567 507
260103 256130 345
381835 381980 224
883739 879314 357
798320 800963 375
109135 105843 354
213296 217796 386
979222 976787 383
810529 813567 439
730723 730623 318
714234 714652 274
646476 645774 323
679885 684813 380
496261 494642 351
208067 211291 355
662651 658497 354
523789 527565 408
227803 225009 368
374725 377780 423
871708 869851 357
722600 726715 380
772559 772230 331
965100 968126 365
388846 388846 74
71534 75160 325
256456 251756 363
374168 375719 361
704652 702185 504
838715 839032 282
2269 1806 183
794382 797681 468
647919 646315 341
28317 28766 228
402374 401376 299
980647 984968 427
307185 305279 309
976113 976821 383
378093 373337 423
560719 562070 328
732993 731843 380
335039 337600 366
870429 866406 388
610322 612927 354
770202 768258 426
223805 227086 368
950669 949206 352
602947 607676 372
789754 789745 194
476846 477016 307
758531 758497 362
196542 199460 329
343953 343321 304
870477 871005 295
851774 848062 357
208034 210883 342
518692 516835 333
21893 23957 282
258152 257278 332
410220 413943 374
537231 534639 377
248987 251917 350
386342 381405 374
94368 99196 328
216579 212390 386
96464 96473 191
208481 206287 373
488049 491916 382
196407 194854 360
271265 272184 270
250736 248109 350
81209 84040 320
748446 746564 362
601572 603289 385
184621 183703 316
206960 208887 311
378805 375009 423
931380 931650 308
40942 37074 306
656756 659492 429
51797 50348 309
668737 673721 367
771091 770418 349
530435 534609 377
254105 249506 332
737381 738929 424
730951 729385 413
710945 715360 411
370706 370078 392
933179 935737 414
781971 777695 507
1315 2723 209
51519 49472 309
362505 367015 361
690765 687636 336
779395 781072 507
503019 501674 426
718811 719737 318
342328 339111 366
966557 968506 321
783037 780139 507
810424 813171 439
980145 975915 383
443861 444479 338
17465 16467 266
904772 907528 445
974578 970565 458
676058 680757 380
570170 567975 359
830775 835455 419
515371 511211 470
722789 724044 380
793217 792495 437
738364 738592 256
704480 700846 411
449416 453877 387
870626 867247 388
448896 451245 387
241671 239596 368
204155 204326 311
6486 3991 262
774416 777764 437
471845 468401 382
4594 4867 197
946032 942424 383
301987 304303 340
182395 179733 365
919907 920885 339
202675 200570 342
833027 833056 282
822668 821580 520
835787 838059 525
279527 276477 389
271184 274613 358
910574 906633 476
220522 225073 368
316339 313459 340
614374 615023 447
625292 622994 385
547429 550744 377
185757 183529 329
477441 478820 351
328135 327579 322
64683 67015 268
791080 789812 375
877950 882703 357
911197 909346 476
758608 763136 380
736963 732613 424
874477 877208 432
513039 510130 470
284065 285145 358
546209 543324 359
58836 63653 335
250603 246599 350
465930 469723 413
629730 628261 279
517582 521410 439
75147 74912 307
213181 215571 373
214040 209167 373
653697 655261 385
265127 263255 332
757724 762053 380
453850 452097 369
369308 370174 392
463439 461393 369
958396 961552 447
558190 556810 315
900228 901694 401
77046 76884 351
957729 962050 447
48211 43722 314
390177 391537 361
787429 786768 362
155938 159869 383
870666 867068 388
567835 572797 377
236231 231940 381
136191 139237 331
971815 967759 458
99650 101709 341
885275 883064 370
168064 170450 334
806716 804472 375
696670 696997 336
891006 887837 401
39888 40278 306
592247 588097 403
970750 969002 458
781320 782855 362
616059 613932 447
837791 841250 525
299055 295227 371
785489 787089 375
92244 89556 333
464757 465632 369
623064 618187 372
608128 608646 341
430132 426966 374
679799 680098 336
288996 286534 422
832465 834893 388
99102 98960 328
18263 20110 274
568044 563994 421
879173 879452 326
954010 953050 414
210478 212709 355
451693 451395 294
235418 239304 350
188534 185007 347
571078 572204 359
992385 990200 321
883994 885216 370
325577 322654 384
693661 696632 367
570722 566128 377
702211 705844 504
245339 241870 337
186437 189416 347
253113 249250 332
161372 162773 339
521468 516768 439
460577 461541 444
97178 97010 253
681694 682383 323
126327 125363 318
809404 812857 439
887880 885365 401
986115 987321 396
719478 715578 380
546399 547223 452
666569 664289 398
675987 680570 380
423762 422471 418
884604 885578 370
662102 657226 398
879019 880349 357
868571 866211 357
319738 322017 371
493828 488978 426
969431 972008 458
985883 983396 427
183290 184958 316
214836 211427 373
810973 811413 287
584481 583374 434
937904 938707 445
66445 64370 268
607209 607699 341
211160 210508 355
163560 168432 352
272173 271982 239
219309 220766 355
562310 559756 359
830608 833393 419
993272 988864 352
116461 117383 305
596618 593874 372
580216 583465 328
202869 198348 342
185692 190506 360
209607 206949 311
758577 758946 243
475388 471680 382
482351 483154 276
595468 591793 403
722502 725095 380
862004 861069 326
731162 735284 380
929733 929243 308
203752 205997 355
104624 101003 310
629561 632706 385
71811 68349 325
672757 672979 261
62141 59354 335
772610 777575 437
991754 987044 396
261813 264696 407
357907 355362 379
594299 594781 328
563369 562654 359
540123 542913 441
991281 987804 352
578742 578881 315
17160 15636 266
574348 574565 284
554348 551093 421
259901 262764 345
426146 423686 356
610331 611385 341
796932 796106 375
473534 475580 382
376573 372516 361
700261 701919 411
931512 927896 383
404226 408400 438
624280 621360 372
648466 650799 418
394796 393215 405
984598 987667 427
741455 738895 424
249682 252934 332
777208 772855 437
638622 642508 449
449145 447240 369
132967 135029 313
366103 366088 242
760689 763013 362
794270 790233 437
195675 197701 329
493532 489704 426
942872 947561 383
997151 992635 365
178616 183114 365
554939 552740 421
799700 800256 375
459913 456354 356
315816 317744 353
290784 288157 422
603330 608056 372
937394 932584 414
983741 985062 383
793431 791183 437
490662 490911 320
667748 663768 398
757932 759576 362
739450 734623 424
717922 718831 336
36044 31336 324
847302 850447 419
793272 788945 437
604903 607923 341
158632 154771 383
652088 652887 354
607816 604350 341
902517 902595 383
445119 445101 170
18187 22640 274
96825 94077 328
276087 277343 314
646901 643572 323
364703 365592 361
470954 469016 338
563841 567692 421
711914 708356 380
532814 534072 377
241425 240727 288
200987 204463 342
789559 787629 406
286813 286918 283
564383 561879 359
387300 388676 330
538262 533976 377
972456 973597 383
365956 362721 361
834284 834399 282
295563 292561 358
837875 842595 388
295768 291613 358
710315 713253 411
992361 990440 321
950657 955312 414
119866 115039 349
80053 81288 320
734022 733912 349
748033 752891 393
12457 9582 268
36965 39806 306
992621 989205 352
895804 896352 339
272047 267964 440
811606 816174 375
942095 939075 507
51295 54672 340
234344 233779 381
684044 686637 354
737148 733931 424
908773 911582 476
522269 520538 364
205025 207531 373
805814 804077 375
8629 10789 260
269572 265972 345
86411 89537 333
780893 779206 507
65491 65511 268
722992 722302 411
61082 65290 330
261002 260772 332
74647 78237 351
323977 322372 322
447963 452596 387
132369 127585 344
634465 636388 416
82595 79756 320
355960 358373 379
249081 245935 350
426685 427227 356
855845 853567 452
496276 497743 289
224550 224503 223
414137 418873 387
171838 168058 334
66571 68722 312
316020 311787 384
371767 374276 348
627379 624101 509
419654 424371 418
632141 629852 341
848195 851829 357
349418 346996 335
46828 47885 314
24104 22131 282
553223 556890 421
437967 434995 387
242666 245883 337
341137 340460 304
335496 336956 366
857167 856214 375
385733 386905 330
987375 986670 396
255547 259277 345
34144 30616 285
815843 820593 450
185499 182707 334
99269 102919 341
331014 326582 353
571020 573154 372
70655 67996 312
672797 674807 367
906575 902936 445
886680 888034 401
302344 301459 296
481106 481233 351
