424 184684 383
265014 191704 443
114792 293592 443
244655 57065 443
232821 168281 443
4922 29962 308
48281 54371 340
146053 39033 375
2931 123831 354
187175 197195 360
54481 217271 386
115392 18702 354
256685 263005 345
98951 287041 443
313233 303343 384
46651 151421 375
282547 68697 443
276457 326637 389
200383 128603 383
97428 275308 443
123170 30360 354
18436 2896 279
90414 89434 315
226495 274475 443
158910 67300 383
153511 150071 339
243949 35499 443
126244 240854 443
187576 118416 383
73778 139328 354
169456 324406 443
113248 55388 354
161199 20839 383
165425 48345 383
46404 296594 443
99316 139786 354
316741 223871 443
287462 269252 389
62717 58307 335
155742 50982 375
239871 132911 443
186377 223567 386
236561 155751 443
120530 273510 443
169426 217256 386
34311 311081 443
180087 113387 383
122883 277543 443
149469 89109 375
97598 242228 443
64236 249476 443
130318 164148 383
9012 325922 443
16569 174119 383
276258 205388 443
64841 275961 443
36031 243511 443
308370 93750 443
45978 240228 443
232004 196694 443
82823 47353 351
20008 264198 443
69017 37897 340
4683 37293 324
246497 224847 443
24227 143117 375
228149 95159 386
76171 189361 383
206019 52509 383
315573 227993 443
62254 110094 354
326102 149902 443
31963 204863 383
143447 305247 443
293158 95048 443
252018 134598 443
205818 197978 355
152828 195908 383
280102 271582 389
236232 185392 443
60390 241800 443
296581 79591 443
198166 228896 386
115124 162034 383
242738 200568 443
226476 263636 443
188769 284349 443
201436 238456 443
218822 319992 443
186529 100229 383
35582 284772 443
243902 50762 443
26013 25113 264
268708 178628 443
134025 97905 354
164245 50035 383
241838 102868 443
314277 286187 389
98339 309339 443
21559 257229 443
199778 313308 443
286935 214265 443
34351 165501 383
95130 301460 443
217199 37549 386
124246 162806 383
166889 125309 383
174389 198679 365
1947 231967 443
204175 282875 443
244895 162835 443
257351 181151 443
313176 206726 443
122645 43145 354
311862 200542 443
108095 18335 354
43141 277571 443
195592 236472 443
4826 41456 324
202231 71301 383
55363 204513 383
104679 120459 354
262933 264403 407
200250 261550 443
47466 206506 383
83142 44752 351
21697 140197 354
99061 179591 383
102037 36267 351
44154 93154 351
293352 258752 407
201600 118340 383
74888 282988 443
81780 177740 383
17642 26692 308
139860 31030 354
292142 76282 443
41005 305285 443
15443 19253 279
299731 130621 443
310045 274335 389
275941 227261 443
84932 1432 351
312870 130650 443
191883 83613 383
309750 142710 443
2361 308341 443
257617 188977 443
72860 125510 354
136954 26964 354
280206 21266 443
216952 226592 368
173728 224678 386
225944 238524 443
10199 284659 443
231537 28017 443
310610 19270 443
47585 321715 443
95773 302283 443
227599 71659 386
78835 170875 383
34884 295784 443
26269 256289 443
319290 254240 407
69033 149633 375
245971 37381 443
101964 325264 443
82616 62036 351
50311 203271 383
307727 64127 443
211540 215210 373
149253 301893 443
49412 208522 383
138303 309013 443
189595 175795 365
130080 114780 349
260593 64403 443
127614 193584 383
64783 51093 340
148880 198020 383
144613 224293 386
273850 194060 443
311125 287055 389
323570 60730 443
188246 144866 383
232177 16277 443
85277 133587 354
232721 238701 381
128977 130237 344
101136 127186 354
115863 240423 443
241305 242305 275
65606 89336 351
298562 120542 443
35854 297354 443
169739 214589 373
225337 29647 386
24845 9125 282
100685 228495 386
129392 22242 354
237551 65121 443
201765 214605 373
32226 178716 383
319353 152063 443
238519 173999 443
227024 121944 386
16386 265356 443
19945 101775 351
69631 105491 351
3011 144141 375
198562 248562 443
114637 276127 443
204252 326792 443
184443 282973 443
100415 93145 341
200730 128190 383
10182 149332 375
306961 131701 443
200415 264895 443
190919 194989 347
259913 151463 443
193150 186520 360
220455 112595 386
87605 111935 354
252653 121823 443
38308 237768 443
292939 59989 443
295577 255627 407
64689 295429 443
312414 278144 389
206025 60785 383
86842 82142 320
258252 56022 443
157608 26718 383
280285 40855 443
187870 154990 383
62884 238484 443
5043 212223 383
57070 23640 340
221720 274900 443
121659 255439 443
209144 75924 383
318190 92330 443
252069 49769 443
3048 114238 354
112488 135858 349
29723 178653 383
110762 215462 383
175479 186799 365
152635 85205 375
282905 159455 443
185418 232468 443
283191 278711 358
283242 211332 443
271530 250880 407
297643 299023 371
144240 35280 375
269705 140165 443
297 215447 383
20897 29447 308
224109 264649 443
46822 15892 324
6091 320611 443
17598 299558 443
141479 6919 354
128440 214310 383
7496 270686 443
207846 180366 373
151863 70393 375
256308 112258 443
199247 33607 383
247675 49455 443
233191 327271 407
210261 203561 373
225504 94974 386
95162 179652 383
80762 179142 383
311972 219492 443
204273 146073 383
244305 324055 407
206275 298135 443
300946 165666 443
147374 291424 443
59952 82572 351
239372 308392 407
13561 210161 383
182315 178425 365
20126 326386 443
196912 16512 383
216353 108943 383
214178 134538 383
72634 222344 386
163043 166353 352
142574 1494 354
123189 42149 354
240290 292010 407
213190 168590 373
241564 313624 407
119043 36773 354
269101 149031 443
284902 249492 407
136540 306750 443
54031 69241 335
193709 38799 383
190091 226201 386
300041 219461 443
265055 123935 443
253149 66999 443
127237 59397 354
64114 314624 443
125099 99629 354
64949 15169 340
249388 288708 407
147014 139724 375
151185 162165 383
78169 183319 383
302132 292892 371
19550 160860 383
244850 247750 350
298161 259521 407
181160 16800 383
258998 230748 381
239786 181336 443
286908 261148 407
129423 157913 383
213644 294 383
247791 72011 443
18861 219751 386
113343 228683 386
142965 321695 443
96770 156300 383
25993 33103 308
46876 300816 443
122508 266688 443
266801 78651 443
84066 88276 333
75176 277276 443
290884 276824 389
13411 56871 340
116634 147224 375
293102 204162 443
298741 171251 443
327463 317633 384
275328 48078 443
93197 56037 351
243082 234822 368
211374 266314 443
268106 40856 443
122916 212946 383
291535 10555 443
147091 2491 375
137134 51324 354
164402 79592 383
297052 69962 443
252708 74808 443
264246 279196 389
176606 324996 443
211973 74633 383
121596 120236 318
183935 130385 383
106482 294592 443
308080 40990 443
292938 146018 443
208008 183538 373
138835 5415 354
45767 87637 351
223378 183988 386
198981 258291 443
268179 242319 407
169269 6599 383
245210 109410 443
151485 251635 443
206761 7931 383
317556 163996 443
87158 269478 443
195703 86393 383
150761 245161 443
4768 156168 383
132355 125715 344
94652 195582 383
141629 305259 443
174703 3313 383
283515 143345 443
109116 197386 383
183383 12793 383
76374 307154 443
315925 199505 443
25064 133384 354
163384 26244 383
99718 256098 443
192822 70862 383
183744 286534 443
98776 238276 443
75730 62500 330
291753 188203 443
326129 19429 443
84205 55665 351
75860 162170 383
16164 26104 282
91674 168944 383
135105 303015 443
95741 155901 375
311738 179698 443
260326 262696 332
285114 104234 443
87802 309112 443
41835 253925 443
57654 8754 340
149030 282560 443
4751 69731 340
261237 255487 345
97905 256065 443
275953 79513 443
7552 24822 282
116738 234408 443
59137 97637 351
244098 44168 443
172244 117604 383
52059 294879 443
9596 59466 340
81677 187017 383
176932 217882 386
305577 309757 371
50222 182842 383
293323 23773 443
269492 127242 443
220190 147770 386
311126 321836 384
194914 89264 383
64879 196789 383
116447 75357 354
226691 310691 443
321978 77848 443
77281 294271 443
106983 176133 383
110285 114095 323
95098 71868 351
242383 264443 407
225028 88518 386
21129 236519 443
111939 14559 354
6827 274667 443
177144 197944 365
254730 209730 443
249027 284437 407
138782 257712 443
143650 13820 375
88243 22383 351
321809 165969 443
23280 120430 354
281836 110596 443
94888 16718 351
56523 22593 340
98616 257846 443
27432 86112 351
71291 184351 383
207197 35047 383
248661 109391 443
92584 227514 386
185991 284591 443
260647 327577 407
202795 194905 360
63666 320766 443
13870 78340 351
133318 260498 443
294930 124340 443
67670 17360 340
116002 118382 336
319832 73292 443
113704 312454 443
66097 92537 351
174338 95368 383
32653 34983 311
276501 220161 443
1902 161012 383
306491 95241 443
244751 286341 407
272010 198550 443
256980 49200 443
225794 129324 386
33419 134889 354
225268 84848 386
74932 61942 330
250124 15614 443
18415 314985 443
185305 315415 443
287920 133930 443
135509 215799 383
309723 92783 443
201947 16217 383
138270 312770 443
65839 135799 354
204199 264909 443
34502 129252 354
103817 270097 443
102093 64783 351
153716 326086 443
120751 137231 344
190206 287626 443
128913 311643 443
137172 199332 383
27423 49553 324
28630 103970 351
206169 109059 383
201378 46818 383
270334 143884 443
72416 35186 340
86712 2422 351
252508 35248 443
121065 296225 443
72978 99178 351
101798 135808 354
275787 127517 443
237305 240825 368
26793 246773 443
209005 117855 383
30942 136092 354
112444 299304 443
101691 50561 351
59748 89238 351
56524 109874 354
164477 315787 443
146304 299174 443
157922 154702 383
81471 306941 443
98167 269507 443
206416 260536 443
85526 94886 333
281633 169563 443
83957 301817 443
30663 270663 443
92628 125798 354
168791 141411 383
319480 24460 443
299760 134900 443
61505 33345 340
222157 172837 386
274337 88977 443
285230 48830 443
176427 72327 383
67061 64801 268
65397 313527 443
242096 96476 443
257602 301902 407
276675 84875 443
20290 296150 443
292548 117788 443
125041 108621 349
290837 124567 443
221071 87531 386
172971 262821 443
244564 159484 443
183196 91366 383
17758 298608 443
120752 92542 354
106368 16448 354
81547 132337 354
286818 199278 443
64511 148021 375
142003 208563 383
57171 105741 351
232464 64744 443
15511 243541 443
42880 27000 324
186442 174662 365
25302 99822 351
134777 43827 354
268915 166725 443
323739 300339 384
93211 231661 443
96596 112946 354
265796 169496 443
271726 181676 443
166984 310214 443
155309 147899 370
179858 119708 383
216186 40166 383
36856 91696 351
259298 120988 443
243915 152005 443
144870 192000 383
207113 182723 373
274168 60868 443
35817 13327 324
83886 134456 354
145087 43617 375
280752 264322 389
302723 102693 443
198861 3381 383
176056 126786 383
77693 290233 443
50017 5437 324
300395 213895 443
132901 316481 443
130947 165857 383
107627 204947 383
95027 174837 383
156664 107544 383
150855 190965 383
302221 39651 443
48736 81076 351
33440 225940 386
160811 148691 383
137141 209691 383
272178 120808 443
170413 315323 443
237809 206649 443
266545 279375 389
243660 118750 443
268366 256816 407
184561 57261 383
248096 135606 443
56035 178335 383
104412 73762 351
228860 219630 368
18372 107982 354
105090 100810 341
120773 90593 354
77414 85474 338
247740 190980 443
233360 110730 443
7086 229566 386
41421 235891 443
171696 283166 443
162262 10102 383
181372 114562 383
250441 7431 443
179238 245138 443
260197 273697 407
97150 176510 383
33369 127609 354
218960 53040 386
219805 242005 443
247921 186621 443
36533 87543 351
320302 159882 443
262540 200840 443
158154 327194 443
310642 72302 443
188650 47700 383
150064 210484 383
214886 243276 443
213249 65419 383
239910 325890 407
292721 179461 443
284719 201849 443
239569 49799 443
50075 132635 354
234883 271973 407
20899 129369 354
159942 147912 383
189665 110025 383
118089 245689 443
31357 326727 443
129997 35467 354
142194 88394 354
73738 85648 351
292653 288023 389
134911 76051 354
242282 111982 443
197721 203641 342
223645 77225 386
174220 234460 443
4962 167422 383
318135 291525 384
80568 33948 351
152808 198838 383
126557 38237 354
242464 13394 443
222914 313404 443
246055 46245 443
200791 217251 386
23313 297343 443
205956 291316 443
49885 294465 443
86179 57519 351
273395 219645 443
146980 322100 443
232257 19097 443
244752 319212 407
102944 38564 351
95626 310576 443
81852 70762 351
141202 67422 354
246859 127809 443
182846 206686 360
241267 241197 213
180297 321207 443
107386 140926 349
227961 160611 386
87946 34336 351
45817 148767 375
211859 280759 443
267911 204771 443
33520 83300 351
229751 230731 443
121900 157880 383
32403 148943 375
170643 106823 383
270069 241779 407
16968 61408 340
139999 210849 383
295163 276223 389
158278 157238 339
248299 125829 443
89793 118923 354
269443 248353 407
73507 27037 340
205037 251427 443
83477 158927 383
184146 114016 383
316915 131635 443
291277 194117 443
113839 262619 443
267063 138753 443
207236 321966 443
163618 60398 383
78127 282467 443
324269 268689 389
105437 130647 354
305039 296189 371
250243 172273 443
300490 210520 443
86377 94597 333
84571 94061 333
299635 268205 389
105575 75325 351
80453 305923 443
33890 189160 383
123201 62731 354
293845 101345 443
246430 235700 368
179555 120795 383
22583 253343 443
104910 101040 310
172341 107231 383
196128 189918 360
216427 232597 443
23539 96599 351
253030 326840 407
100032 155692 375
168968 61368 383
123624 167434 383
237008 231898 381
40431 313581 443
18485 74705 340
43814 319144 443
257115 200625 443
200742 275052 443
327049 281039 389
51552 35302 324
320750 191500 443
22459 108459 354
141193 240663 443
195530 287740 443
297321 67481 443
58708 143998 375
71049 273539 443
280542 130442 443
310894 15644 443
98510 170230 383
219121 94931 386
285816 154786 443
298770 191790 443
146168 223498 386
321807 316367 371
28842 16632 308
282630 194210 443
190231 92741 383
126877 288897 443
317188 18938 443
112685 117505 349
103909 69339 351
160820 20040 383
130299 186329 383
231532 186312 443
198655 64085 383
254290 296820 407
266111 261781 407
252373 64603 443
168417 276347 443
238944 226314 443
129943 287833 443
174622 82912 383
223081 209981 386
184247 88917 383
66416 287046 443
48849 236629 443
182461 203871 360
327660 196020 443
172103 14983 383
292511 180591 443
1767 305827 443
32729 42889 324
125058 249808 443
107011 5311 354
121190 2060 354
188292 244602 443
143998 37618 375
129364 104824 354
195686 184946 360
191628 77478 383
76716 205396 383
215561 249181 443
167618 57538 383
154345 322565 443
7274 24024 282
127608 103948 354
272743 187933 443
129343 301383 443
36914 282124 443
246698 326288 407
9909 152499 375
116481 111501 349
6708 308768 443
254509 254379 257
201241 14441 383
181554 228624 386
93866 239686 443
113946 167056 383
309543 303093 371
186857 307937 443
100490 324700 443
308120 198150 443
54284 237444 443
106005 164755 383
5079 51599 324
98599 278109 443
114488 418 354
93656 179766 383
250906 25046 443
264130 68410 443
146771 253961 443
299879 176529 443
81885 200845 383
233916 312516 407
47568 113828 354
255032 242782 363
264252 35662 443
8338 308868 443
66478 208908 383
108845 249265 443
312618 50468 443
58220 138560 354
129284 247744 443
272526 226766 443
163357 210027 373
93110 59750 351
203570 10720 383
109362 321462 443
18263 187193 383
47138 130388 354
99067 71637 351
86937 195407 383
109471 191041 383
241168 8408 443
208304 26464 383
172002 196462 365
6762 218632 386
137748 24818 354
268988 35438 443
192045 232785 443
201358 14028 383
183836 201706 360
274798 179408 443
187223 314273 443
16784 215764 383
259821 277011 407
288638 160038 443
250966 6856 443
151383 95083 375
212859 29459 383
8223 70593 340
176699 106789 383
298581 230421 443
252655 16245 443
80731 179301 383
47166 176166 383
149580 277600 443
134531 50941 354
118307 124497 336
117994 162254 383
122755 181345 383
150392 121712 375
326309 50859 443
148795 69245 375
294013 230253 443
231065 94135 443
57687 154087 375
137850 7050 354
98351 108921 354
180860 277350 443
205436 179996 365
320194 156224 443
225984 213774 386
296707 181097 443
124946 260696 443
91030 24390 351
108200 143190 375
149856 163406 383
258098 46338 443
268159 137889 443
280757 250217 407
25551 19891 282
167992 136432 383
163226 301056 443
70573 185103 383
177093 197623 365
206875 148055 383
101430 188430 383
221623 316213 443
95793 11883 351
130644 45924 354
204161 6571 383
250139 284129 407
162520 187390 365
261257 55087 443
175851 109521 383
144901 249591 443
17912 170142 383
148563 210613 383
84736 254036 443
135446 73746 354
276528 152768 443
5339 107629 354
325047 327307 340
278933 24523 443
283939 225719 443
194734 234084 443
95063 284413 443
142637 214107 383
180391 43611 383
111727 206557 383
115159 145249 375
4907 67677 340
297570 266330 389
257402 206672 443
72843 81613 351
247069 270929 407
253879 316889 407
435 283185 443
123572 133892 344
31553 304673 443
277611 269201 363
67396 212686 383
210990 243150 443
130549 240089 443
242172 97232 443
290080 154640 443
309480 137940 443
187186 230446 386
253157 166277 443
13351 206211 383
267934 89654 443
188674 146944 383
237762 130012 443
211016 75526 383
63807 109447 354
37905 3625 324
82734 114354 354
295624 255644 407
129478 238898 443
121583 14313 354
64656 40756 340
138388 19828 354
266121 162931 443
38331 271241 443
169920 314620 443
284991 173701 443
84017 141807 354
23185 199155 383
14427 59377 340
70299 314549 443
139743 179823 383
265703 68173 443
253682 53862 443
52311 171581 383
155686 83116 375
36887 131727 354
312468 327658 384
276725 20485 443
45937 273127 443
14061 541 276
205810 227410 386
136760 243210 443
133786 109996 349
216051 44901 383
297450 83890 443
187199 269209 443
59289 146109 375
214800 227170 386
213978 168548 373
208316 245946 443
298502 148552 443
261614 122954 443
263349 1479 443
104729 104299 310
222428 294228 443
163675 120345 383
22711 253301 443
