176532 991521 525
360625 740023 509
178207 867392 525
215985 534358 470
224454 518919 470
39274 26064 324
349183 394174 436
10905 811639 509
381745 79424 443
130451 911850 525
167322 709070 509
284204 212195 443
415109 408012 449
404844 861663 525
287016 2664 443
408064 761642 509
191627 87891 383
57004 915729 525
124436 436599 449
155284 436193 449
117319 593366 470
440823 585796 470
33147 606171 470
229698 620695 470
70892 106258 354
348410 668205 509
36872 587173 470
53365 405688 443
430494 769935 509
122834 640593 509
466301 569628 470
201783 208458 373
319216 416260 449
24135 464887 449
264559 198620 443
385821 181956 443
174197 182070 365
97550 717871 509
366920 160038 443
430156 680372 509
9679 981234 525
302094 372606 441
335106 433232 449
221387 114936 386
269920 344931 407
381166 641260 509
753177 556036 509
710666 178487 509
173192 817645 509
490858 333833 449
59082 945397 525
955743 490046 525
671350 407385 509
59698 29060 340
785328 576899 509
778475 333702 509
698487 293985 509
591416 323977 470
885982 390560 525
578583 202490 470
216184 312412 443
975184 969361 458
382653 200055 443
147848 555844 470
17700 152910 375
889677 590985 525
98308 359625 443
81032 769657 509
767009 140729 509
798716 552337 509
231832 91397 443
400243 444523 449
899585 991658 507
768500 299772 509
382219 861287 525
502261 112607 449
687904 477446 509
81968 70557 351
191705 744019 509
140605 723609 509
896929 544486 525
314594 509441 449
904111 909829 445
279098 671120 509
564762 592019 434
737662 796594 468
197620 652109 509
755321 97205 509
643768 38026 509
396976 540191 470
899313 899236 251
652797 101422 509
890886 248970 525
171978 82592 383
507193 826786 509
806200 918326 525
371273 634998 509
427767 275384 449
544828 221070 470
460708 109590 449
813088 712574 468
420388 10708 449
364684 689914 509
622116 522656 452
727939 533296 509
62847 141457 354
432532 229848 449
242878 837623 509
993021 929059 507
434419 500215 444
755846 754823 362
418541 127119 449
389821 360513 436
402502 448853 449
581582 377414 470
72648 394670 443
89989 493035 449
919581 454672 525
697153 55902 509
977327 425093 525
589197 554378 434
80754 21729 351
298430 323632 384
373556 291452 441
252691 807974 509
305871 522741 470
562797 238616 470
649859 466823 509
599128 566565 434
915675 180710 525
943979 988322 458
89584 548172 470
995562 523369 525
2844 692715 509
579270 494375 470
632012 168467 509
562957 712766 509
704400 375591 509
550602 77956 470
667042 803292 504
400135 487117 449
840238 477136 525
725733 490097 509
943958 324861 525
570867 373839 470
19776 29051 308
362161 109359 443
577222 357723 470
146933 580065 470
564643 726202 509
588644 196655 470
17 170 122
469 936 179
763 975 179
416 431 134
735 824 153
623 781 171
411 518 142
681 840 171
149 396 144
272 630 144
5 977 179
651 886 179
271 281 92
76 688 145
119 728 171
840 964 179
221 871 171
385 484 134
348 712 171
375 626 142
171 416 144
186 979 179
96 618 144
149 513 144
896 974 174
347 741 171
27 849 171
10 603 144
489 962 179
414 670 145
454 969 179
410 850 171
97 264 128
34 295 128
105 522 144
77 870 171
122 686 145
495 771 171
115 703 145
58 444 144
422 617 142
475 897 179
310 923 179
57 106 119
196 412 144
206 231 115
137 389 144
383 964 179
95 661 145
301 497 144
764 778 153
588 628 132
135 666 145
593 659 145
237 489 144
656 918 179
516 806 171
354 493 142
99 934 179
656 887 179
28 453 144
660 826 171
69 272 128
435 987 179
188 909 179
30 39 107
56 189 125
154 220 125
142 872 179
274 724 171
233 389 144
381 606 142
115 823 171
289384 930887 525
692778 636916 442
747794 238336 470
885387 760493 525
516650 641422 452
202363 490028 449
368691 520060 470
897764 513927 525
180541 383427 443
89173 455737 449
5212 595369 470
702568 956430 525
465783 21531 449
722863 665124 442
174068 703136 470
513930 979803 525
634023 723059 442
133070 898168 525
961394 18457 525
175012 478043 449
176230 377374 443
484422 544920 470
413785 898538 525
575199 594325 434
798316 664371 468
566414 803527 468
776092 268981 470
759957 241874 470
806863 999171 525
906997 497282 525
702306 420926 470
477085 336328 449
660337 126506 470
750847 621730 442
661314 925858 525
616125 353896 470
819583 100546 470
898815 233368 525
515435 990365 525
344044 313751 384
171088 426809 449
117277 947179 525
695789 393585 470
705404 502652 470
392755 612400 470
999933 95061 525
549677 993369 525
947740 210013 525
636227 698587 442
348095 297540 441
140796 480571 449
651435 960379 525
97468 66602 351
710098 612903 447
573318 570493 372
926653 260757 525
997302 560281 525
724287 209442 470
953866 429690 525
228445 346620 443
558441 744730 447
958032 108118 525
738098 905772 525
834482 890676 525
120710 698928 470
704568 777857 468
179498 872354 525
254587 276966 416
455307 964684 525
406220 28625 443
51529 332872 443
805733 48830 470
409504 530020 470
258271 363369 441
959709 486716 525
226341 518150 470
747797 700724 424
142619 2246 375
122847 493452 449
892922 243556 525
192380 597489 470
537765 888229 525
469842 792351 470
165194 441501 449
757035 87765 470
470125 324915 449
936988 275857 525
373744 346492 419
322228 148366 443
709860 281937 470
151433 452552 449
316438 899229 525
153276 975408 525
901475 276122 525
468859 794396 470
36030 661238 470
908236 573794 525
65819 894429 525
366144 231012 441
335929 639530 470
318777 322405 371
964444 255764 525
114614 854539 525
118607 436841 449
2905 344819 443
235129 670689 470
797370 67918 470
569918 466997 470
43325 987744 525
259471 512184 470
298491 295500 327
1275 833475 509
409380 914031 525
293733 206453 443
909698 400210 525
972903 498990 525
309494 270524 389
207852 548075 470
533053 578365 452
389687 807168 509
827966 682804 504
600819 497816 470
276390 416170 449
930199 587738 525
70948 475324 449
360821 241512 441
143614 267823 443
539040 316929 470
9102 719720 509
406776 558342 470
372701 928819 525
613268 344026 470
33435 622017 470
474442 752866 509
7800 234671 443
854109 308204 525
176737 703297 509
61700 409388 443
915034 796141 525
967379 834720 525
416692 701524 509
192776 759765 509
117292 374027 443
542069 430532 470
671904 736920 504
4549 844628 525
693358 648313 442
768940 552899 509
125611 891485 525
840879 935775 476
630141 731126 504
506637 105646 449
776790 702054 504
609737 839725 525
606285 471382 470
176341 107510 383
34267 415462 449
70492 171770 383
655854 672958 442
289324 622702 470
934381 21571 525
898559 37443 525
280457 93990 443
921381 100685 525
515708 333590 470
157263 914949 525
212066 106070 383
85562 577386 470
149232 639208 509
71797 904642 525
737109 44905 509
589073 951806 525
147627 786678 509
351653 991291 525
254554 898444 525
329979 267685 407
10698 558126 470
188251 846070 525
948994 898047 507
258033 356828 441
859682 708015 525
66077 134393 354
23097 286546 443
849367 366532 525
153412 708428 509
785469 678604 504
910596 151081 525
651451 720285 504
867387 652233 525
42262 73595 340
699586 781752 504
557781 349835 470
305482 751708 509
280332 976337 525
937453 692295 525
819590 88404 509
498288 562733 470
637646 826014 504
657048 255663 509
663066 36256 509
291685 327382 384
949205 497394 525
944879 578267 525
114824 309751 443
546204 966946 525
756900 845727 525
390652 271048 441
2990 910022 525
622337 385041 470
67143 944698 525
680094 402500 509
476695 399321 449
902970 901139 401
250710 390745 441
634833 596081 509
705719 161442 509
744232 431176 509
486065 431638 444
530667 268419 470
889578 352304 525
8804 155590 375
918915 208522 525
532122 932478 525
600058 185272 470
71428 265618 443
267520 195730 443
494312 323320 449
608728 478096 470
416341 622053 470
485736 224205 449
681401 798620 504
377440 468142 449
614112 39528 470
359108 287516 441
642058 804709 504
726423 889772 525
463847 108856 449
204006 237728 443
123953 372830 443
25710 379719 443
672678 468450 509
475755 323391 449
277729 35816 443
95678 830619 509
930964 376295 525
583481 794143 509
771428 299828 509
376650 155112 443
164001 61497 383
662019 582121 509
828001 841540 525
696130 149328 509
159608 270587 443
674690 589575 509
755797 105454 509
610876 775958 509
43580 236357 443
307643 399461 441
283867 236376 407
946683 772447 525
862732 548958 525
145213 129715 375
783718 931836 525
107626 263156 443
165056 243135 443
448801 144096 449
453251 571621 470
176863 704254 509
819627 15958 509
739914 640032 504
331674 725168 509
421146 379592 449
364377 475840 449
738277 601959 509
907564 342796 525
405189 471489 449
578896 272716 470
300071 209708 443
989779 970362 458
29363 513974 470
802355 568402 468
586310 907617 468
537410 835121 468
766531 549282 447
591104 802406 468
581880 844149 468
546608 810127 468
713200 557780 447
703599 556038 447
865487 532267 468
721008 559932 447
550228 738644 447
516441 853248 468
735633 574839 447
814984 547717 468
577325 850667 468
576741 750478 447
586820 884200 468
572598 740313 447
821946 575588 468
529166 896815 468
749812 573180 447
513331 804732 468
813206 519849 468
530174 815781 468
596607 888062 468
462805 967 449
919016 753796 476
683492 363018 470
331036 612452 470
998306 710550 476
728943 466618 470
38100 748477 470
306372 354977 441
128734 605319 470
213851 276792 443
963917 233378 476
970377 147950 476
958222 219013 476
509570 557928 470
980606 984641 427
235556 207497 443
351605 445989 449
691149 513188 452
689732 507931 470
347922 277776 441
256332 418915 449
917590 922257 432
284131 999157 476
838126 957545 476
956930 234446 476
972262 589975 476
781134 594160 468
443967 884857 470
761114 301167 470
200944 481349 449
110204 890870 470
135357 627172 470
760650 275735 470
335107 452872 449
640677 80854 470
985969 858303 476
392468 820046 470
435040 472651 444
184520 452671 449
562171 526209 452
607667 940444 476
952758 437813 476
82713 280313 443
767855 75806 470
350925 922907 476
486330 860711 470
470625 647235 470
427097 176461 449
637510 378885 470
177954 786305 470
905814 128846 470
742238 714568 424
702098 192790 470
961401 567806 476
698001 94683 470
601780 792012 468
169644 471429 449
514108 548859 452
602262 376969 470
474447 353193 449
655680 952471 476
342891 612196 470
429615 402466 449
295685 718066 470
645539 387284 470
201111 268318 443
641933 15106 470
99392 678944 470
502974 834266 470
830806 419083 470
251951 773698 470
47263 922585 476
145715 931962 476
120275 372545 443
565380 235327 470
433978 808045 470
303262 236484 407
709760 444296 470
98426 555228 470
170249 574897 470
268627 605865 470
940116 72535 476
270109 833225 470
93039 264396 443
363057 562726 470
403374 881840 470
735011 991804 476
527564 593644 452
870952 245033 470
763810 922388 476
177535 972811 476
360291 774723 470
966128 129910 476
975478 749723 476
573378 545560 452
385987 494089 449
403952 52623 443
154186 497050 449
579038 30976 470
122964 980565 476
793008 21857 470
110637 488354 449
141886 645968 470
492553 292203 449
747559 358939 470
806740 690495 468
346337 404873 436
634351 434470 470
148052 463344 449
82669 816035 470
201738 346134 443
490774 987834 476
941048 690270 476
651534 402634 470
433433 336792 449
132447 385587 443
569303 972370 476
260010 898489 470
645504 290373 470
971769 202757 476
110359 779215 470
574878 976654 476
700654 307301 470
770605 111373 470
848474 645151 468
309806 136287 443
205457 48302 383
780015 895573 468
192300 433296 449
763883 482403 470
668829 477666 470
639736 747619 442
931936 238846 476
118301 660344 470
705424 336994 470
813344 641402 468
901342 929642 476
391933 634771 470
272111 297804 389
537812 439287 470
373088 444472 449
408865 553409 470
136815 985489 476
841194 793799 468
528900 574613 452
43456 293004 443
196548 630472 470
720869 882804 468
61360 252788 443
735592 163359 470
875552 418748 470
17558 133481 354
212469 756310 470
861027 388820 470
130739 692884 470
796999 309724 470
924650 626150 476
698478 153138 470
166036 49971 383
987059 809323 476
442385 67537 449
852994 444073 470
394889 91327 443
198506 618193 470
383486 751980 470
16532 501739 449
834749 217247 470
405380 638923 470
617743 615554 372
987490 858000 476
627920 878456 468
771829 629684 468
263129 246705 407
458975 257540 449
292992 932579 525
696140 640344 442
751708 239184 470
886825 763791 525
517842 643800 452
204413 492728 449
370257 522264 470
901852 517861 525
183271 386507 443
89781 458343 449
5282 596411 470
703156 959882 525
466455 23253 449
723419 665590 442
178358 704072 470
516132 983405 525
636653 724329 442
135808 900418 525
963512 22635 525
176268 481355 449
178492 380680 443
486140 548748 470
415001 900050 525
578667 598271 434
798614 668447 468
568672 803895 468
776916 271829 470
763779 243372 470
807137 999255 525
908961 497552 525
703328 425094 470
480959 339982 449
661481 128824 470
752457 624994 442
663514 928724 525
618407 354064 470
821461 104548 470
902811 236464 525
516655 993535 525
346792 315271 441
174042 427521 449
119167 950957 525
699349 395003 470
706386 506488 470
394259 615348 470
4041 97589 351
552499 997055 525
949626 213981 525
637937 702085 442
351033 301452 441
142868 481497 449
655515 964329 525
98102 70386 351
712850 614757 447
575978 571699 372
930027 262077 525
999220 561251 525
725091 210628 470
956254 431478 525
229173 350514 443
558883 745270 447
960158 111384 525
742326 909786 525
837420 892320 525
123930 700510 470
705830 778853 468
182008 873402 525
255241 280110 407
455845 968090 525
406924 31825 443
51849 336952 443
805957 51070 470
410260 531050 470
261697 366515 441
962527 490870 525
229087 521412 470
748197 701302 424
144853 2582 375
123147 494330 449
894902 247076 525
194842 600733 470
537987 888905 525
474136 793227 470
169016 442039 449
761319 87997 470
473863 325225 449
937004 279821 525
376294 347266 392
322928 150048 443
713780 285457 470
152975 454924 449
318926 901171 525
156228 975834 525
903753 279374 525
470165 798656 470
38508 665006 470
911446 576494 525
65971 897639 525
369722 234986 441
339679 643098 470
322983 325599 384
968322 259988 525
117478 856673 525
119311 440405 449
6723 345149 443
237919 671753 470
800072 68902 470
572926 468357 470
44737 988736 525
259789 514902 470
299451 298296 371
691965 210898 470
386847 757935 470
620594 268626 470
504979 472331 426
911724 340019 525
309987 392105 441
112064 939520 525
760836 231375 470
379927 279616 441
576523 129903 470
951368 888652 476
198805 36353 383
357011 755597 470
25090 616799 470
270500 324540 389
427152 474523 444
47495 813998 470
232459 180147 443
82625 249495 443
652477 506406 470
589513 474521 470
410569 213635 449
414043 171406 449
445009 306027 449
963077 533589 525
435929 914446 525
422242 146791 449
950799 291310 525
902388 487946 525
908108 684945 525
812486 847317 525
159469 372038 443
661316 391928 470
552184 255999 470
153480 716718 470
274462 742993 470
191241 685030 470
956627 117341 525
368493 913693 525
423367 331571 449
447283 859295 525
758075 381582 470
518144 220933 470
672892 420533 470
708878 93059 470
105479 33423 351
452434 264948 449
405461 625807 470
168933 469702 449
881805 322412 525
698478 668325 442
577462 401776 470
865412 46148 525
519116 233907 470
959840 942482 414
77535 919180 525
313836 347667 441
812820 831979 450
568599 997769 525
764569 789535 468
602885 870048 525
822957 55320 470
647053 740475 442
681127 815985 468
210179 74991 383
650454 908656 525
289383 930886 525
692777 636915 442
747793 238335 509
885386 760492 525
516649 641421 509
202362 490027 449
368690 520059 470
897763 513926 525
180540 383426 443
89172 455736 449
5211 595368 470
702567 956429 525
465782 21530 449
722862 665123 504
174067 703135 509
513929 979802 525
634022 723058 504
133069 898167 525
961393 18456 525
175011 478042 449
176229 377373 443
484421 544919 470
413784 898537 525
575198 594324 434
798315 664370 504
566413 803526 509
776091 268980 509
759956 241873 509
806862 999170 525
906996 497281 525
702305 420925 509
477084 336327 449
660336 126505 509
750846 621729 509
661313 925857 525
616124 353895 470
819582 100545 509
898814 233367 525
515434 990364 525
344043 313750 384
171087 426808 449
117276 947178 525
695788 393584 509
705403 502651 509
392754 612399 470
999932 95060 525
549676 993368 525
947739 210012 525
636226 698586 442
348094 297539 441
140795 480570 449
651434 960378 525
97467 66601 351
710097 612902 509
573317 570492 372
926652 260756 525
997301 560280 525
724286 209441 509
953865 429689 525
228444 346619 443
558440 744729 509
958031 108117 525
738097 905771 525
834481 890675 525
120709 698927 509
704567 777856 504
179497 872353 525
254586 276965 407
455306 964683 525
406219 28624 443
51528 332871 443
805732 48829 509
409503 530019 470
258270 363368 441
959708 486715 525
226340 518149 470
747796 700723 504
142618 2245 354
122846 493451 449
892921 243555 525
192379 597488 470
537764 888228 525
469841 792350 509
165193 441500 449
757034 87764 509
470124 324914 449
936987 275856 525
373743 346491 410
322227 148365 443
709859 281936 509
151432 452551 449
316437 899228 525
153275 975407 525
901474 276121 525
468858 794395 509
36029 661237 509
908235 573793 525
65818 894428 525
366143 231011 441
335928 639529 509
318776 322404 371
964443 255763 525
114613 854538 525
118606 436840 449
2904 344818 443
235128 670688 509
797369 67917 509
569917 466996 470
43324 987743 525
259470 512183 470
298490 295499 327
689772 206725 509
385644 755590 509
617505 268139 470
502954 469786 426
907669 338082 525
308542 388464 441
110197 939507 525
759355 228804 509