==30588== Memcheck, a memory error detector
==30588== Copyright (C) 2002-2011, and GNU GPL'd, by Julian Seward et al.
==30588== Using Valgrind-3.7.0 and LibVEX; rerun with -h for copyright info
==30588== Command: RunCollatz.c++.app
==30588== 
225267 721909 509
337338 412936 449
265804 771304 509
307300 598271 470
803397 992118 525
574236 639288 509
809986 961982 525
565009 983967 525
203526 636113 509
512203 896844 525
937432 996683 507
765064 938048 525
859786 962875 515
26357 836847 520
536470 946706 525
842892 852784 419
503930 780804 509
819600 893869 525
909621 930014 515
605067 623524 447
346441 760499 509
998485 999745 396
103214 781292 509
491251 734209 509
619924 877184 525
524831 810642 509
473618 718297 509
402668 616604 470
178345 811130 509
22702 591487 470
700862 723276 504
494958 654960 509
442879 916941 525
942231 986447 458
641892 767938 504
263246 505966 449
804653 825456 520
888712 907400 445
909264 991405 515
721753 788963 507
199653 776181 509
742441 890401 525
65215 890805 525
216257 884267 525
266916 752977 509
878496 888752 401
908999 922983 476
65866 205366 383
112978 746298 509
944187 954979 414
317462 409747 443
363292 624253 470
453542 535393 470
900878 912680 476
644710 701869 442
945620 961076 447
704044 753918 504
340417 350398 441
615200 897586 525
368754 590241 470
708617 888444 525
899867 975751 515
714145 799893 507
404286 507565 449
523787 733132 509
565308 805543 509
316488 837730 520
657645 779484 504
973485 992012 427
631949 888719 525
455048 808120 509
815094 938779 525
66451 809050 509
440301 448638 369
31126 708355 509
251913 643077 509
553070 690017 509
975554 977933 383
132552 724184 509
225983 258448 443
162702 383983 443
187958 293686 443
308569 946073 525
416765 459181 420
983401 985520 427
124841 520363 470
281403 537619 470
763677 871311 525
245967 608881 470
497175 713876 509
227317 245378 443
807734 921008 525
230599 728370 509
952602 993322 458
368133 769263 509
364980 858972 525
377907 915326 525
589893 766939 509
806165 912419 525
571299 864216 525
941176 943146 339
817817 962024 525
134465 911145 525
591074 886169 525
113137 191662 383
959617 992263 458
516065 621951 452
804484 901725 525
928188 973435 507
699776 934445 525
491385 601314 470
796757 857591 525
757933 831099 520
642300 664724 429
236884 618567 470
114752 425241 449
729228 977525 525
682364 901964 525
808078 907634 525
554773 774217 509
287276 345501 422
1514 48079 324
362127 423956 449
421388 633445 509
241717 319130 440
529557 746564 509
366364 815487 509
543594 944135 525
939050 989671 507
204639 304628 443
128421 581141 470
240014 301548 440
854415 913949 476
486738 980404 525
743679 961944 525
342838 660229 509
605818 755744 509
702298 750807 504
207411 766016 509
576116 706584 509
453930 675792 509
969462 992737 458
243976 525916 470
950716 957356 414
673702 996360 525
188139 850625 525
440160 594872 470
612150 968994 525
631029 936064 525
701115 857011 525
67507 255878 443
37433 203232 383
209769 549184 470
186881 834499 520
133243 572725 470
603521 863858 525
211220 902284 525
281632 336329 422
856281 923547 476
983913 985853 427
295758 349160 441
69911 214328 383
325855 536287 470
97382 393813 443
779101 804359 507
468913 518023 470
948651 982751 458
259270 566377 470
797895 890291 525
414464 517653 470
90053 641374 509
304480 778086 509
201661 538765 470
36240 596600 470
996546 997670 352
631185 952179 525
552395 651143 509
629161 761161 504
105702 794242 509
815113 889142 525
226917 521844 470
4885 714990 509
715959 992450 525
548920 833006 520
289692 978854 525
942722 948872 383
226665 983096 525
412458 513056 470
971443 983248 427
740870 943769 525
916047 922700 445
364659 410793 449
568327 768900 509
619487 896141 525
10809 103660 351
993437 998541 365
272050 741575 509
794800 889653 525
928066 993928 507
667463 791022 507
925801 998738 507
394387 508916 449
709486 771752 468
446428 846021 525
149232 482576 449
313903 464467 449
981818 996285 427
99859 811748 509
972716 980984 427
538456 975608 525
986124 999612 396
92429 298163 443
167017 438800 449
384746 811412 509
130219 634193 509
684499 842699 525
76644 549377 470
970073 994969 458
699121 982825 525
670964 965502 525
945038 972639 458
926536 965997 507
973971 978500 416
941134 945504 383
222040 687518 509
766633 780315 468
524010 560596 452
399491 912570 525
746237 811756 507
99419 134042 354
346982 446754 449
5412 472483 449
782678 856448 525
979060 980793 383
986491 998486 396
349139 702981 509
22185 54526 340
911143 920569 434
721137 932171 525
877209 879715 401
964514 987293 458
875548 920970 476
425222 545678 470
510623 531211 470
817289 910553 525
501903 559876 470
597901 784010 509
261936 347627 441
123474 740303 509
717746 911272 525
183671 320564 443
129235 483876 449
652564 682357 429
516293 909119 525
539342 886551 525
917397 928373 515
290685 563459 470
968302 977119 458
974441 988438 427
406668 648404 509
852544 949238 515
688310 778657 504
509106 661120 509
166703 431588 449
860862 923907 476
659507 727055 504
34020 728494 509
118816 255169 443
460888 817478 509
481354 841237 525
765468 832133 520
137379 621489 470
563754 782968 509
166402 728369 509
524387 700943 509
965217 985657 458
834382 977344 525
794310 958761 525
952653 960756 414
711612 711767 274
697663 923202 525
697026 991816 525
603645 741150 509
247543 987303 525
11045 256477 443
581035 781773 509
769005 854120 525
638779 896321 525
738844 985392 525
298751 981091 525
613785 660810 509
192147 784116 509
617037 966935 525
691475 852276 525
684659 772448 504
978891 987410 427
385107 402730 436
37032 323697 443
228548 606753 470
978793 998875 427
490626 636592 509
281939 485836 449
524810 977177 525
918782 950922 515
172162 475093 449
7820 263032 443
124766 631887 509
237495 681509 509
189629 455950 449
63844 535154 470
321461 536789 470
763169 844887 525
609109 630184 509
650012 696746 442
949722 996527 458
48878 211690 383
458635 807405 509
117803 325672 443
609662 844508 525
434182 502455 446
218577 859253 525
677979 840902 525
87416 131426 354
275054 807900 509
566363 897357 525
374313 764921 509
206993 210988 342
845649 900784 452
346352 894400 525
908864 938463 515
49002 751517 509
356956 970933 525
207009 870496 525
902771 987290 515
870402 907516 445
641774 874423 525
220897 372726 443
762101 908144 525
491391 543982 470
11377 678568 509
365227 627475 509
626363 926370 525
583458 644712 509
98785 387234 443
320816 938897 525
536591 985378 525
802822 931595 525
595322 963152 525
514202 952962 525
493068 676459 509
280078 626282 470
382408 857527 525
350923 676397 509
813875 876456 525
680733 994444 525
771794 775431 437
724203 807032 507
971065 981185 427
1190 439021 449
229193 744855 509
264810 476683 449
491152 856452 525
753675 824872 520
321368 553849 470
667084 964091 525
62586 959855 525
45600 623806 470
271668 486098 449
358991 862685 525
204918 816470 509
661655 944577 525
597016 778348 509
928021 930618 383
234244 690832 509
704152 901541 525
76788 713769 509
152115 755681 509
89629 562254 470
149332 545097 470
931567 950037 507
624346 994089 525
70622 966064 525
146675 223893 386
172742 221554 386
482680 589593 470
143861 788793 509
934322 984240 507
820507 896382 525
918732 970969 515
959104 968804 447
981687 994157 427
406853 708994 509
177630 789985 509
399909 847514 525
665568 862674 525
720348 901006 525
306188 539724 470
870974 956755 515
392493 803865 509
795866 862048 525
352148 921468 525
436803 511151 446
450303 494136 446
775323 853791 525
691253 701704 442
717363 953465 525
111744 581223 470
259404 706591 509
278892 981859 525
627760 692231 449
63957 766243 509
111855 661474 509
292256 461733 449
126354 343639 443
207893 979662 525
863075 963695 515
365265 744269 509
753881 811822 507
309208 714477 509
595771 613730 436
169947 206162 365
881179 939327 515
486649 741792 509
823375 979515 525
293111 378998 443
246326 692423 509
649608 935579 525
841443 998242 515
594560 861861 525
392691 849491 525
337793 529236 470
452826 756211 509
617766 855217 525
204787 542043 470
729040 843428 525
648551 689851 429
188356 829603 520
19865 200888 383
667971 754222 504
108512 897067 525
776603 992173 525
610862 669920 509
567257 701959 509
314301 556494 470
39288 215880 383
745787 918305 525
266857 293926 440
651579 912838 525
380344 772000 509
225758 685171 509
622083 905196 525
441707 974980 525
192572 620363 470
40963 909751 525
104925 474862 449
880415 999722 515
74721 628935 509
884435 900191 401
207768 621921 470
601864 738230 509
656890 782760 507
269345 271990 440
780116 904397 525
83071 637333 509
502693 893685 525
853091 905052 452
149929 496752 449
341604 718589 509
406055 603293 470
312132 716751 509
532492 623911 452
342155 546821 470
909122 961513 515
518841 817556 509
130520 430408 449
581639 597530 434
539627 729552 509
659838 668888 398
439589 708200 509
73544 133030 354
872485 926054 515
985064 990170 427
678592 816921 507
825456 967022 525
374522 960562 525
797531 992448 525
387140 984377 525
814390 819661 450
885 526627 470
181951 823463 520
662211 681161 398
457796 827404 520
949873 962923 447
230248 826979 520
482740 772357 509
305071 495156 449
995615 999068 396
594915 931120 525
486707 711176 509
82795 510435 449
623855 921451 525
372781 741301 509
993789 997546 365
499316 893148 525
616008 794355 509
901787 905244 401
507471 617620 470
785513 987843 525
785257 800814 468
370797 804001 509
741283 932526 525
26588 415259 449
982302 987201 427
563628 705110 509
251175 921757 525
218221 924904 525
685626 787237 507
420456 534060 470
152717 602603 470
369095 776884 509
425576 878753 525
38669 101525 351
932503 948052 507
728249 999922 525
140929 813246 509
20031 127291 354
423658 433004 420
48619 248004 443
174976 218263 386
80932 997808 525
977968 996998 427
366251 606465 470
773056 854737 525
892227 957854 515
495462 672705 509
655280 995504 525
982904 992468 427
612015 899597 525
233834 855304 525
794135 976939 525
59536 75268 335
929924 961979 507
369396 906412 525
932049 934340 414
448333 802027 509
257179 629521 509
822165 934167 525
847021 967351 515
897462 899487 370
868172 975870 515
31768 326881 443
27792 460977 449
955791 967362 447
234420 435469 449
981438 989708 427
555855 971688 525
354854 377789 443
410809 975559 525
851 189051 383
906316 957339 515
184331 956843 525
832289 906812 525
732124 942245 525
324616 453387 449
439877 848821 525
801771 970666 525
528434 963553 525
926662 942493 507
969569 983613 458
37139 154277 375
133822 565358 470
367189 487713 449
667578 908923 525
854946 913101 476
526006 875263 525
597734 650769 509
908773 914335 476
211914 255388 443
786827 983599 525
526859 886873 525
360479 878914 525
605606 632399 509
551281 899367 525
478306 691099 509
354838 673661 509
905997 942979 515
88520 599451 470
888815 930381 515
286975 592735 470
490578 942950 525
572667 726117 509
837862 884442 452
436588 935087 525
710745 826370 520
158735 286863 443
196818 201653 342
39136 963613 525
83762 237523 443
753714 900512 525
669575 925644 525
442609 480495 446
744516 751701 393
534730 775560 509
814994 906967 525
875783 876663 370
306196 794169 509
312187 943954 525
704154 959355 525
386412 685550 509
922096 928483 515
8668 67052 340
518951 778035 509
449504 556486 470
78620 191150 383
805114 860580 525
698073 755700 504
863744 984880 515
734734 821389 507
44644 851822 525
871262 895188 432
733124 951604 525
798541 997359 525
595014 740956 509
504148 835786 520
493979 811490 509
433131 642198 509
811224 919927 525
182831 886315 525
390227 649879 509
59054 677494 509
37151 482214 449
987690 991566 352
23513 254293 443
797975 859193 525
739599 910307 525
269289 662361 509
509871 803660 509
88212 512158 470
343187 488884 449
253312 646130 509
611702 761663 509
799061 840781 525
836335 920170 525
10785 366009 443
741008 928413 525
817075 980854 525
194248 887154 525
841839 945027 515
243515 809423 509
439764 649059 509
972953 988361 427
437326 526921 470
436597 919057 525
288496 511540 449
496450 815534 509
936342 951296 507
170154 765373 509
590169 873052 525
233321 768049 509
14928 532266 470
142973 386881 443
444789 456661 387
116443 214020 383
941785 957473 414
524886 724706 509
268468 302869 440
620007 670444 509
470804 574832 470
40220 380002 443
365657 959786 525
682458 951332 525
222469 943161 525
905763 910457 476
189290 660254 509
987680 991141 352
93425 976758 525
893083 901276 401
813841 942745 525
767061 818309 507
492330 688255 509
166652 267436 443
763598 915121 525
21765 201578 383
924050 983351 515
670729 785078 507
333139 547769 470
810542 825196 520
929862 998302 507
949942 984290 458
317349 347111 441
122863 573794 470
251394 976526 525
842839 954563 515
763036 925820 525
401194 614171 470
795362 930851 525
970016 988070 458
220558 303651 443
264037 298676 440
856392 929150 515
887562 928396 515
185703 782021 509
906263 977277 515
240314 411435 449
100824 145504 375
843910 928006 515
811849 850877 525
157615 650685 509
723132 964342 525
292321 948590 525
459562 580336 470
847645 976318 515
937818 984988 507
347050 729573 509
788176 847128 525
656663 743844 504
141159 303930 443
329075 719096 509
367924 469403 449
882285 896828 401
999692 999910 259
746494 972387 525
865112 907245 445
277598 460236 449
595808 932317 525
552071 729708 509
670310 966307 525
757269 787185 507
791269 827137 520
400107 504684 449
188772 982552 525
392464 804095 509
191853 245936 443
561328 702574 509
39437 71684 340
846095 923611 476
138209 882075 525
581917 621962 447
411953 748169 509
939469 974186 507
592813 840490 525
755364 789722 507
922493 966857 515
831802 880983 525
757825 959874 525
212362 881970 525
648214 781469 507
171358 282709 443
958077 996322 458
128428 773837 509
675127 792813 507
654893 932379 525
755550 812890 507
56760 648675 509
520018 956492 525
901685 972652 515
701339 940753 525
913781 986519 515
584670 897125 525
281775 712875 509
960983 979610 458
943920 974700 458
164088 953738 525
627001 697532 449
325486 908060 525
538705 598226 452
879142 898855 401
544068 608705 452
541595 924968 525
806914 865428 525
549809 863453 525
290667 915036 525
756264 847743 525
80394 742531 509
405237 699892 509
296322 692172 509
249321 853761 525
54555 583468 470
691539 766662 504
573808 962338 525
907488 972419 515
132345 481143 449
556362 997083 525
59866 620178 470
778652 798029 507
298304 912912 525
872815 979195 515
204994 939078 525
204256 226362 386
592743 859332 525
135054 548091 470
961166 962623 370
663478 822779 520
834557 998905 525
309281 726521 509
714746 814731 507
965398 973641 458
804014 933437 525
18349 623710 470
900451 954454 515
362372 531975 470
663532 819880 507
380026 798667 509
503623 662295 509
956126 992672 458
789702 939797 525
313283 562011 470
847287 976643 515
53532 504580 449
475282 651848 509
600697 645475 509
209512 679169 509
824875 938257 525
350187 688547 509
947129 997494 458
91478 135548 354
532520 795951 509
638323 793847 507
106197 361956 443
515599 700565 509
888401 946676 515
384017 997267 525
162343 554276 470
971853 978870 416
485168 912234 525
294789 726277 509
547895 602042 434
151007 231889 443
613288 992736 525
263661 553748 470
582125 873746 525
847197 912996 476
515658 740807 509
792321 950701 525
900245 935917 515
572373 896765 525
737624 744389 424
97201 961803 525
776632 931039 525
51278 342895 443
546909 820545 509
951279 989110 458
521679 834000 520
682240 955465 525
197795 800289 509
749223 878582 525
460291 581378 470
326381 860047 525
608067 714740 509
74988 559529 470
191685 445375 449
120822 928323 525
89151 788748 509
433827 851125 525
490149 587059 470
315985 677329 509
874639 896578 432
340162 445800 449
885200 970489 515
653611 765135 504
101246 676023 509
779841 786803 507
683225 866687 525
889568 961733 515
115117 699482 509
134887 167935 383
29849 45226 324
381185 996424 525
797858 838273 525
331757 877128 525
889579 926069 515
677323 964326 525
643172 928780 525
593152 950140 525
677676 844818 525
476841 661942 509
188882 859618 525
12314 180151 383
585052 607300 403
197184 925998 525
219275 299862 443
466644 722259 509
496856 510313 426
25226 213135 383
320724 857837 525
557134 940638 525
612200 697677 509
540555 565130 452
318990 754651 509
718310 939385 525
532422 978061 525
124071 890594 525
617389 912054 525
380691 529084 470
256250 773793 509
311393 661941 509
300781 413859 449
328903 727406 509
238103 812988 509
755043 972753 525
268819 671930 509
143873 538447 470
960103 995671 458
579570 792276 509
489839 589939 470
665176 884186 525
172446 357760 443
26508 375724 443
543561 801647 509
26173 706038 509
477258 570521 470
891107 930629 515
412617 805293 509
135430 351470 443
82343 293362 443
74885 890065 525
30488 817778 509
432069 617125 470
705086 925415 525
834568 872460 525
965814 972636 458
338823 922976 525
781150 828086 520
918272 962380 515
235491 898592 525
74828 308071 443
195195 788107 509
161176 761484 509
446687 921095 525
444633 751469 509
561877 952761 525
219159 565735 470
418437 573078 470
298618 693946 509
566233 963768 525
557654 682155 509
817362 974379 525
157355 379691 443
169814 274889 443
742597 791271 507
240169 604145 470
473543 892808 525
654251 919110 525
381576 822347 520
276573 549863 470
176284 515598 470
599320 786785 509
705150 893283 525
161490 181320 365
641994 663185 429
233701 707610 509
466889 951920 525
359199 398309 443
778382 803423 507
401665 854922 525
313947 929402 525
740328 854514 525
120146 554526 470
360875 373318 392
317746 398905 443
264159 638737 509
386043 410092 449
45313 660506 509
711505 747633 444
497010 731439 509
523816 711437 509
23550 743219 509
514285 581238 452
112251 733821 509
314421 941216 525
445570 938870 525
441294 486086 446
727119 910388 525
291968 613894 470
173876 422453 449
991922 997985 365
865417 971926 515
131493 842974 525
962124 966359 414
712769 948836 525
534540 806646 509
850738 857065 452
138052 766131 509
359295 662710 509
718782 878686 525
718409 915430 525
498766 627048 509
868379 923965 476
596025 921658 525
548820 630983 509
663756 789772 507
778259 796297 507
907011 914554 476
448022 750994 509
176611 380004 443
492653 863374 525
835084 856919 525
57021 946780 525
466039 509099 446
118284 770907 509
==30588== 
==30588== HEAP SUMMARY:
==30588==     in use at exit: 122,880 bytes in 6 blocks
==30588==   total heap usage: 1,588,062 allocs, 1,588,056 frees, 59,346,272 bytes allocated
==30588== 
==30588== LEAK SUMMARY:
==30588==    definitely lost: 0 bytes in 0 blocks
==30588==    indirectly lost: 0 bytes in 0 blocks
==30588==      possibly lost: 0 bytes in 0 blocks
==30588==    still reachable: 122,880 bytes in 6 blocks
==30588==         suppressed: 0 bytes in 0 blocks
==30588== Rerun with --leak-check=full to see details of leaked memory
==30588== 
==30588== For counts of detected and suppressed errors, rerun with: -v
==30588== ERROR SUMMARY: 0 errors from 0 contexts (suppressed: 4 from 4)
