319079 747914 509
443725 522049 470
83659 414017 449
15345 165691 383
84365 596541 470
255865 617645 470
317079 350374 441
311278 947863 525
231860 929210 525
172556 447133 449
87933 897938 525
360805 728253 509
532223 717167 509
355634 372451 410
312170 688969 509
281140 326221 389
174628 581104 470
35455 881230 525
130600 701055 509
652736 759108 504
255613 495919 449
950207 957170 414
475846 620270 470
501003 622819 470
183806 424641 449
275323 398563 441
261144 524247 470
679925 829480 504
499729 813147 509
165546 753696 509
54221 878430 525
685207 931434 525
710902 866577 525
27143 848349 525
308027 460875 449
453282 855617 525
339424 729517 509
71069 437567 449
264966 590016 470
588015 999904 525
368345 794346 509
454244 590010 470
288743 842588 525
555975 794675 509
362987 379354 423
690162 850437 525
83264 558354 470
528469 853274 525
544495 802232 509
172276 778993 509
151766 383562 443
114626 449252 449
106141 614688 470
297898 529379 470
237902 966776 525
234503 395654 441
68339 933043 525
537098 939605 525
128661 796794 509
131301 795304 509
101173 588075 470
569807 763126 509
283099 625083 470
73427 714800 509
489186 829706 509
409770 902844 525
698186 828280 504
739249 867812 525
522906 602816 452
391157 627161 509
201732 439776 449
462764 789440 509
150949 864449 525
43084 666759 509
486815 937915 525
494106 956208 525
174919 880494 525
49110 278863 443
722541 798518 468
12689 539620 470
773395 811821 468
605081 685717 509
100693 666267 509
324297 491369 449
466488 591289 470
825910 855496 525
44701 901335 525
439694 554497 470
120144 926225 525
480822 821302 509
122887 813146 509
362579 639911 509
21645 552995 470
120341 994032 525
176361 461438 449
245375 808666 509
190452 389951 443
210548 420977 449
172893 205353 365
136351 948030 525
46682 265832 443
866561 899616 445
383441 957803 525
764813 880169 525
151596 328397 443
580845 932246 525
164416 645324 509
372283 909061 525
170088 988562 525
490925 542941 470
263530 726337 509
25228 437551 449
186139 584685 470
274980 509543 449
40263 529950 470
240997 908343 525
198270 360143 443
947669 959740 414
370168 655325 509
82331 226872 386
580104 710383 509
628810 629089 235
601585 723153 509
228155 609515 470
32244 867156 525
30494 748559 509
25372 635879 509
140738 313174 443
141294 458408 449
80649 184199 383
247769 438335 449
491624 982713 525
289270 761351 509
599267 689487 509
11901 201991 383
404634 456305 449
253134 518380 470
80495 366936 443
284569 764127 509
2556 26752 308
496336 780222 509
688023 737303 504
634032 732884 504
6231 849895 525
244724 711649 509
217952 548788 470
587791 848765 525
837875 937563 476
559767 889462 525
80118 279034 443
81597 985533 525
221130 590318 470
880495 883515 326
29790 301036 443
346043 908586 525
67321 848978 525
539131 939732 525
559649 762593 509
198720 586953 470
288492 502816 449
356071 624420 470
743059 875705 525
158985 470588 449
39392 801939 509
204798 533988 470
513982 819790 509
132525 678072 509
83233 404987 443
240831 447357 449
38692 62734 340
514841 921223 525
40452 811978 509
414830 421625 387
45939 282294 443
289316 739945 509
100024 766760 509
77 767120 509
276177 551180 470
314724 685640 509
369664 697387 509
129479 384672 443
9653 142431 354
855319 916944 476
639418 646770 416
774781 844053 525
659395 949423 525
218143 771272 509
62905 659835 509
645854 793622 504
43738 99655 351
520546 929312 525
411588 619170 470
164565 866073 525
161282 668353 509
79425 280795 443
638511 652582 416
676633 687059 398
496741 535360 470
317726 973740 525
103755 567506 470
861428 899958 445
643888 818496 504
332089 714164 509
674977 913202 525
521894 724484 509
593940 878031 525
318159 821135 509
514652 525253 439
482297 957752 525
563556 576906 421
309144 826021 509
406882 734244 509
216802 862531 525
161896 365493 443
610218 885450 525
368230 678978 509
192221 358440 443
60354 86659 351
181942 511468 449
1142 656597 509
106844 908585 525
737834 924207 525
248355 631358 509
188128 560971 470
94198 531397 470
159351 780056 509
261560 275090 407
11638 95931 351
80220 869839 525
11110 185547 383
170470 842904 525
755415 868306 525
532734 679402 509
138698 885665 525
324845 456941 449
35452 856326 525
567499 820121 509
493228 728044 509
702569 995896 525
596476 840916 525
51174 676249 509
31041 304549 443
422849 649879 509
461035 469984 444
574548 999301 525
43612 174637 383
396790 542536 470
116739 452950 449
280613 589477 470
526352 540259 377
941945 974358 458
205209 709700 509
170441 253539 443
573157 767368 509
713036 755844 424
233726 542671 470
469748 569480 470
172988 879558 525
3240 374728 443
691163 994635 525
315580 983616 525
247143 552344 470
578846 605743 434
366785 784074 509
309290 489508 449
275404 664694 509
87181 930827 525
519113 967492 525
161274 547639 470
293412 799521 509
282091 294424 389
153963 670873 509
173307 281493 443
120589 494919 449
146368 714735 509
411548 919870 525
467694 636065 509
300747 940661 525
57130 82242 351
424456 664374 509
200487 391634 443
207871 936993 525
487052 780087 509
210203 373141 443
141243 482723 449
297091 905539 525
573770 684613 509
389415 539292 470
21187 484483 449
72061 106430 354
157859 873351 525
1179 873945 525
97212 211520 383
742123 865631 525
584527 855923 525
75752 753336 509
767438 927171 525
440703 662704 509
292426 656101 509
67994 525341 470
145842 655824 509
267628 644348 509
698397 955356 525
184456 934367 525
302172 333848 384
715116 932358 525
223334 889545 525
97920 494240 449
78262 450829 449
175009 867562 525
27178 305404 443
713009 767202 424
303151 657801 509
323203 404587 441
312253 969269 525
450787 600967 470
434144 786949 509
277366 806781 509
313216 636119 509
299668 825669 509
885022 973813 507
350641 494936 449
310997 368739 441
207797 799551 509
674985 865882 525
401830 612266 470
151830 264649 443
386159 852286 525
303539 759351 509
111477 513595 470
404786 447027 449
108420 855730 525
205754 275762 443
477899 561704 470
695682 771240 504
700516 960586 525
206453 638071 509
5750 520539 470
122047 674687 509
611638 826471 509
669601 718550 504
265957 367193 441
57860 420321 449
216719 519802 470
651594 843499 525
137360 497748 449
353348 978929 525
857002 928451 476
236152 989888 525
31874 874863 525
33618 950340 525
294487 442477 449
206982 973824 525
320560 484754 449
162647 585171 470
581249 754871 509
618432 696103 509
286591 410896 449
70225 182264 383
124138 912936 525
753025 756906 424
90857 504504 449
217492 330985 443
709903 933368 525
240822 656885 509
699113 709075 504
346122 763406 509
410236 900706 525
19918 849845 525
116341 345121 443
501826 583144 470
849901 963687 507
72773 985116 525
190385 219921 386
257328 557968 470
779796 808579 468
300592 618700 470
290122 921260 525
36434 606035 470
89272 997563 525
670771 683840 385
685855 997365 525
193619 384667 443
509095 959502 525
528006 889065 525
460041 513842 470
126466 791741 509
315791 884167 525
640916 958225 525
565070 907472 525
440534 918306 525
547122 630759 509
340439 565129 470
82227 93993 333
572619 928781 525
609773 848390 525
248081 835634 509
33620 643446 509
651229 824594 504
64618 492723 449
303473 929594 525
210785 416673 449
169362 416568 449
335575 531932 470
516600 619269 452
501810 716175 509
6912 426826 449
374093 705940 509
602909 705121 509
794842 856194 525
31403 332763 443
698390 889523 525
896986 903667 401
81967 369697 443
258710 713704 509
237679 713496 509
51529 976523 525
373995 813020 509
105056 983133 525
125991 366754 443
355277 555766 470
634583 725371 504
41258 558356 470
753438 806176 468
512280 756772 509
728293 766890 424
53024 753803 509
616805 656015 509
69182 595367 470
105533 255627 443
407454 876700 525
245349 994216 525
67427 520474 470
583259 830989 509
64440 533614 470
239569 453917 449
671056 718101 504
794248 857717 525
347277 401591 436
494165 891408 525
360823 386550 423
523667 799619 509
137233 565521 470
792475 853596 525
32588 53475 340
45647 660577 509
526038 593458 452
57760 750667 509
69571 980817 525
3073 369040 443
340238 924940 525
711054 809729 468
595668 922367 525
15529 606137 470
601435 675459 509
496452 813639 509
100105 170226 383
314806 652676 509
760742 816943 468
404255 785278 509
192271 929605 525
155397 360173 443
44738 423433 449
14199 255744 443
152513 439972 449
515085 694508 509
111089 219233 386
818536 952428 525
340774 893354 525
424959 686147 509
129487 625966 470
45898 659982 509
188560 926719 525
229146 981807 525
265820 377170 441
566532 649200 509
237802 930032 525
104568 588975 470
369129 730050 509
520956 695349 509
755643 916108 525
352979 858395 525
244951 827654 509
74803 595029 470
328429 938338 525
161999 574562 470
218274 774146 509
139613 648306 509
304362 887196 525
446413 750259 509
436719 601432 470
672631 799892 504
744720 859512 525
295351 331219 384
200484 825758 509
785626 842841 525
466394 519284 470
246018 490442 449
20371 736824 509
143858 432410 449
220544 651082 509
390655 638664 509
596638 672067 509
503884 787268 509
316604 605189 470
139387 458819 449
390132 558118 470
330841 418962 449
166457 613291 470
612016 686357 509
164323 414977 449
40661 722902 509
379823 798875 509
549370 818176 509
295630 473004 449
563875 864595 525
229333 912042 525
362060 906177 525
63206 838577 525
263518 894030 525
69988 334138 443
228823 929983 525
598380 752505 509
520607 671272 509
865987 878164 432
394911 701326 509
140221 593674 470
262219 925974 525
406526 878899 525
197740 590475 470
510222 892847 525
184087 467957 449
59301 502795 449
522393 930462 525
227216 870070 525
301310 996421 525
238064 603224 470
590147 947016 525
202764 997141 525
99162 820510 509
260064 695947 509
261136 334569 407
253144 445394 449
73978 832307 509
432605 733542 509
1173 704955 509
172762 789328 509
134765 465175 449
365109 511709 449
338279 864150 525
376492 465345 449
381503 691959 509
89679 464732 449
468466 512312 470
295728 484017 449
478770 674053 509
106522 703073 509
206877 721109 509
203412 624716 470
72414 854896 525
941536 993017 458
168566 911129 525
607702 669462 509
568456 667099 509
615277 725408 509
205571 317506 443
340527 893435 525
272300 557256 470
356329 709643 509
735073 900359 525
338124 628468 509
494255 999106 525
99574 573787 470
757292 990032 525
216975 783742 509
347868 972812 525
133870 618701 470
43095 354206 443
122632 689948 509
187441 747425 509
619271 847692 525
205980 256675 443
910462 985148 507
134432 693372 509
736411 853386 525
216701 354876 443
195856 596975 470
429929 497618 444
62570 251906 443
518789 836558 509
212054 598570 470
645150 716147 504
587990 745251 509
12755 119271 354
378614 713680 509
701955 913446 525
405026 870958 525
236844 920566 525
276275 853471 525
283462 957843 525
737979 808018 468
407678 973969 525
593187 690944 509
756354 878069 525
302290 990174 525
581522 653513 509
371213 717331 509
245002 495427 449
215660 937549 525
371610 659782 509
271772 422996 449
288773 586105 470
355980 723822 509
661892 721055 504
616061 834058 509
934117 954373 507
391458 620263 470
14729 947336 525
280561 587365 470
394161 416037 449
68552 231436 443
454571 857616 525
357148 524054 470
383061 660901 509
28772 952323 525
298169 540552 470
480964 658875 509
235403 405135 441
239227 607873 470
157642 900524 525
168703 894919 525
174618 464941 449
45919 565893 470
335131 943109 525
269589 304256 407
211845 617886 470
148648 613749 470
495854 772849 509
281861 828720 509
439699 477195 444
807693 852353 525
516610 679342 509
701159 909048 525
443122 652716 509
82146 409308 443
802973 924584 525
713829 950420 525
123091 402282 443
214103 637627 509
620814 663168 509
211500 553974 470
459723 850627 525
39874 103480 351
285971 959629 525
1658 351647 443
537475 840571 525
395459 981777 525
52511 422519 449
44804 794260 509
580236 984953 525
47529 952210 525
400394 795917 509
24010 181933 383
406172 541142 470
518661 739718 509
304939 457500 449
877447 970488 507
511045 515673 470
775992 905595 525
465408 703761 509
217941 536405 470
64949 268001 443
566872 857229 525
360147 599249 470
651043 824845 504
696752 848869 525
687412 774129 504
9840 140404 354
667263 894395 525
776138 818656 468
542946 842563 525
193856 587094 470
299211 599835 470
237613 802991 509
56816 143424 375
87429 690683 509
305586 436939 449
516241 525086 439
282705 803164 509
30583 373859 443
567164 623691 447
37521 302259 443
403451 968440 525
467973 922525 525
200477 520009 470
331701 581137 470
299721 447637 449
318054 404406 441
222657 556904 470
87064 678813 509
192385 462700 449
817928 900544 525
97000 348398 443
221075 802561 509
716914 878997 525
50669 237089 443
201097 723663 509
271055 715766 509
622826 640667 509
652367 660214 429
652769 776772 504
918058 975094 507
244796 685673 509
99634 303095 443
471017 730595 509
518151 526532 439
270151 299085 407
380868 744153 509
310818 789274 509
477646 698863 509
127074 514192 470
647056 670478 442
486915 946747 525
37713 972599 525
171363 410686 449
505123 702388 509
39552 761064 509
184488 981964 525
97050 696977 509
695335 811335 504
703603 746153 504
612896 932069 525
705669 810405 468
169942 728775 509
405583 680071 509
351813 707464 509
21513 995108 525
502504 533379 470
236945 521541 470
131954 330007 443
469043 681316 509
40551 648751 509
52221 869809 525
677608 927092 525
151575 494619 449
71250 148932 375
136121 772711 509
100591 444892 449
213567 562846 470
119297 269842 443
292580 556936 470
260633 767188 509
478929 937876 525
297958 398562 441
297649 769355 509
486583 594851 470
157137 536913 470
134527 836494 509
476527 838088 525
224422 940137 525
368477 746054 509
233634 610342 470
449281 536574 470
16212 607287 470
542374 925777 525
411633 740939 509
260018 647845 509
122549 574681 470
228733 463296 449
568930 785115 509
360469 869151 525
390557 963576 525
757883 938477 525
530179 955049 525
31679 441575 449
286841 795035 509
10180 981760 525
177047 741539 509
349186 976011 525
647613 968595 525
91160 967411 525
187952 484353 449
236166 807119 509
875688 928588 476
174220 337199 443
15224 862848 525
727115 821158 468
248401 354471 441
446889 503595 444
230095 927967 525
240777 351586 441
456678 878147 525
311407 485648 449
830513 850162 525
44965 881473 525
723156 738410 424
524492 997637 525
324227 349968 441
811099 894887 525
354067 781832 509
27386 380116 443
411391 505296 444
176769 711049 509
517815 889714 525
402046 968574 525
398439 612021 470
650897 978951 525
158560 221556 386
267196 407050 441
104198 231384 443
318943 821466 509
51961 109493 354
131519 582682 470
643878 941256 525
542024 866232 525
79686 541675 470
311199 865523 525
559506 772741 509
308949 376952 441
473439 533671 470
30289 388234 443
229440 735066 509
116896 723528 509
102937 218172 386
805866 872935 525
212392 656114 509
134637 642554 509
95665 985523 525
377928 576740 470
641985 802857 504
17485 252812 443
290918 395706 441
305887 465093 449
329326 553609 470
298643 402505 441
826722 875276 525
282021 965789 525
722154 949982 525
563847 598005 434
912120 922298 432
307225 469298 449
816328 991800 525
517357 903074 525
461359 631463 509
717987 982084 525
705055 967107 525
741177 988467 525
721061 984093 525
60821 590381 470
278392 550835 470
188693 206228 360
266059 273739 407
669463 740321 504
272696 622913 470
341914 393603 441
144213 371524 443
335481 592604 470
253441 321716 407
4380 997293 525
225859 632372 509
425009 563562 470
610609 694722 509
675244 708854 504
79860 700992 509
26824 761369 509
58247 646327 509
51010 798928 509
182121 235372 443
672058 984047 525
119959 964460 525
274564 518034 470
336628 688899 509
176390 629685 509
94700 776513 509
480519 863439 525
669216 705001 504
77584 475756 449
126202 579147 470
275433 771900 509
37595 700258 509
11094 107871 354
219630 475623 449
775171 881919 525
118289 383255 443
640466 799033 504
51514 675877 509
509109 712030 509
138659 630827 509
878688 950674 507
360907 568536 470
679822 928742 525
648829 935485 525
64840 671988 509
559439 608389 434
138124 562568 470
86821 708874 509
54305 637623 509
277598 539151 470
217875 613253 470
133114 388986 443
519881 784471 509
543219 846500 525
13076 778090 509
551527 900575 525
638394 845327 525
116024 338682 443
383155 705265 509
259948 341489 407
402161 711175 509
110995 137178 349
817735 847970 525
51003 379115 443
769501 876465 525
809315 936054 525
498347 660505 509
685492 985947 525
9312 149955 375
380910 891299 525
446764 711604 509
393631 791601 509
149728 366597 443
676812 695232 442
208982 754700 509
3072 929796 525
482998 650689 509
544994 558482 452
137034 770080 509
517574 595682 452
153813 996617 525
277392 534363 470
262988 823463 509
379596 931251 525
115032 293920 443
231710 384377 441
731130 960351 525
234789 722650 509
47338 542652 470
57757 760276 509
439706 520073 470
43285 879256 525
236934 864651 525
283685 995263 525
72409 920349 525
471123 601267 470
217200 523077 470
392049 411087 449
679281 814083 504
15819 535645 470
462187 509688 426
17972 34048 308
409700 420083 449
111577 203009 383
930047 961833 507
455050 578909 470
364574 906921 525
389318 555426 470
455374 641634 509
416959 424178 418
96065 251555 443
539117 918442 525
144006 890659 525
212454 981006 525
184927 203431 360
595128 803139 509
578602 921219 525
8919 631996 509
229447 564121 470
476983 489804 413
518416 746156 509
288577 518898 470
725690 942304 525
17068 349486 443
56207 327462 443
388713 504839 449
404794 637158 509
842977 920973 476
442765 692092 509
72254 539417 470
757684 798992 468
172063 334335 443
311809 798799 509
771033 882538 525
796563 950321 525
507902 712675 509
671454 814900 504
344177 628248 509
309112 899748 525
274539 736743 509
236711 857162 525
583701 681923 509
372719 969994 525
669869 985594 525
39896 41250 306
495676 501575 395
174359 876831 525
667770 778973 504
223172 491479 449
4525 14455 276
12452 2052452 557
45 5451 238
