930886 289383 525
636915 692777 442
238335 747793 509
760492 885386 525
641421 516649 509
490027 202362 449
520059 368690 470
513926 897763 525
383426 180540 443
455736 89172 449
595368 5211 470
956429 702567 525
21530 465782 449
665123 722862 504
703135 174067 509
979802 513929 525
723058 634022 504
898167 133069 525
18456 961393 525
478042 175011 449
377373 176229 443
544919 484421 470
898537 413784 525
594324 575198 434
664370 798315 504
803526 566413 509
268980 776091 509
241873 759956 509
999170 806862 525
497281 906996 525
420925 702305 509
336327 477084 449
126505 660336 509
621729 750846 509
925857 661313 525
353895 616124 470
100545 819582 509
233367 898814 525
990364 515434 525
313750 344043 384
426808 171087 449
947178 117276 525
393584 695788 509
502651 705403 509
612399 392754 470
95060 999932 525
993368 549676 525
210012 947739 525
698586 636226 442
297539 348094 441
480570 140795 449
960378 651434 525
66601 97467 351
612902 710097 509
570492 573317 372
260756 926652 525
560280 997301 525
209441 724286 509
429689 953865 525
346619 228444 443
744729 558440 509
108117 958031 525
905771 738097 525
890675 834481 525
698927 120709 509
777856 704567 504
872353 179497 525
276965 254586 407
964683 455306 525
28624 406219 443
332871 51528 443
48829 805732 509
530019 409503 470
363368 258270 441
486715 959708 525
518149 226340 470
700723 747796 504
2245 142618 375
493451 122846 449
243555 892921 525
597488 192379 470
888228 537764 525
792350 469841 509
441500 165193 449
87764 757034 509
324914 470124 449
275856 936987 525
346491 373743 410
148365 322227 443
281936 709859 509
452551 151432 449
899228 316437 525
975407 153275 525
276121 901474 525
794395 468858 509
661237 36029 509
573793 908235 525
894428 65818 525
231011 366143 441
639529 335928 509
322404 318776 371
255763 964443 525
854538 114613 525
436840 118606 449
344818 2904 443
670688 235128 509
67917 797369 509
466996 569917 470
987743 43324 525
512183 259470 470
295499 298490 327
206725 689772 509
755590 385644 509
268139 617505 470
469786 502954 426
338082 907669 525
388464 308542 441
939507 110197 525
228804 759355 509
278611 376348 441
127828 573622 470
887343 949299 507
35568 195746 383
755422 354340 509
613810 23311 470
321801 267605 407
473730 425661 444
811305 44878 509
178736 229320 386
248626 79444 443
503465 648522 509
473416 586708 470
213258 408282 443
167637 412924 449
305624 442062 449
532036 962600 525
911899 433452 525
145550 419379 449
290071 947468 525
487131 900973 525
684930 903881 525
845894 808933 525
370163 158660 443
387981 657199 509
252996 548899 470
713773 152959 509
739668 272813 509
681095 187190 509
116466 952926 525
911340 365084 525
327684 422090 449
855542 443376 525
379107 755936 509
219756 517445 470
418418 669179 509
89412 706887 509
32172 103348 351
262009 451659 449
625210 402336 470
467587 166342 449
319301 878206 525
667372 697713 442
401255 575321 470
44599 864819 525
229904 517721 470
939811 955939 414
915667 73940 525
346228 311705 441
829150 811127 450
996658 565984 525
789224 763920 468
867269 602422 525
54081 821396 509
740084 645630 504
811972 679292 504
73850 207672 383
905385 647625 525
739299 741222 393
606042 306640 470
340713 783898 509
256190 352298 441
942590 280524 525
108581 688209 509
499336 288819 449
371155 937732 525
218004 495994 449
614769 160379 470
981776 85273 525
247255 668850 509
348142 721860 509
445884 575579 470
223205 421993 449
679567 867621 525
690613 962504 525
262754 801961 509
154259 31326 375
828202 518944 509
723506 613202 509
902021 936784 476
390868 222842 443
235189 789528 509
949908 608872 525
210498 849958 525
518808 448036 470
686248 457753 509
33333 383303 443
321648 132133 443
999754 772890 525
251746 517567 470
319529 690368 509
238046 514500 470
549797 473788 470
86990 66249 351
3033 273303 443
12497 505363 449
294892 910253 525
519125 247686 470
613996 761152 509
209188 245975 443
703729 649157 442
32460 895436 525
543921 253414 470
26304 870460 525
388027 60028 443
266748 278050 407
308902 707556 509
697697 504794 509
571043 858699 525
132002 301039 443
806403 90428 509
681 144500 375
908538 617647 525
895151 36159 525
282134 522535 470
171692 104339 383
516127 502215 470
755629 720504 424
590964 60049 470
636429 298285 509
576335 495343 470
202900 903177 525
407971 885238 525
260289 416949 449
717988 495367 509
585795 392292 470
53144 40743 340
658390 102829 509
655340 961682 525
569 553541 470
174232 453826 449
956042 172261 525
409117 690360 509
266761 228023 443
526309 81 470
495425 903190 525
806367 618996 509
504234 214677 449
631626 730690 504
226057 764524 509
673168 349614 509
390358 328205 441
947386 726312 525
204346 565100 470
634994 602726 509
56552 204916 383
893529 325578 525
532290 528946 346
756970 302647 509
819080 799051 450
218593 799631 509
418627 830857 509
561886 541312 452
788355 439214 509
720090 193512 509
59479 14412 340
858969 909610 445
152274 966189 525
47641 806355 509
925433 356620 525
77888 198987 383
524566 498338 470
27284 487770 449
790417 56856 509
372260 300606 441
100237 125849 354
473059 107205 449
648518 35217 509
990783 34945 525
228458 436873 449
967637 710873 525
620483 804289 509
770478 826607 468
149314 772757 509
645729 334471 509
533459 591100 452
89438 723618 509
211388 58025 383
631233 633074 385
933681 518157 525
160358 3493 383
110699 550270 470
101839 633417 509
668363 275569 509
228794 92622 386
319847 413173 449
217462 196431 386
539390 456682 470
745791 504292 509
355115 205057 443
796157 391521 509
631491 888574 525
462951 401947 449
35021 359231 443
393740 610537 470
614030 485054 470
35325 554098 470
187516 241081 443
33002 653516 509
746139 372231 509
785404 261796 509
974580 582338 525
39021 519218 470
539862 513970 439
235379 784812 509
692685 894977 525
299904 31536 443
433483 324176 449
199759 279207 443
889744 984857 507
469911 593499 470
663950 20127 509
777560 505236 509
675105 367818 509
740049 810563 468
588711 421244 470
519934 41805 470
77375 563291 470
593614 558955 434
343768 133589 443
544918 828993 509
376882 552805 470
876982 844822 432
124030 326717 443
311574 593093 470
186593 530126 470
550253 781486 509
803074 850543 525
734713 327814 509
138377 478179 449
415775 474762 444
32919 727088 509
806732 935710 525
11017 110294 354
760235 400346 509
745691 871137 525
423943 305153 449
666328 122573 509
449291 300925 449
894018 306710 525
836836 277217 509
575055 596963 434
963858 387090 525
714904 378130 509
372661 698571 509
689685 369633 509
613073 304789 470
756851 722604 424
349250 419805 449
336503 767868 509
639006 109485 509
414639 82195 449
721120 62949 509
880226 80967 525
387677 686763 509
963981 290596 525
887560 740865 525
127955 539036 470
433518 367770 449
66342 359211 443
245196 322532 407
627321 272379 509
994984 858270 507
794427 384172 509
152040 344234 443
970072 647283 525
245830 307398 407
370347 901063 525
982030 966950 458
653714 250573 509
57522 886059 525
626924 134047 509
189435 945082 525
829204 271232 509
630443 622954 509
945486 411898 525
684278 875640 525
250262 89159 443
989683 679262 525
539848 561041 452
208324 141723 383
449122 26272 449
927335 454154 525
937457 335821 525
102747 909365 525
311776 591171 470
725218 160269 509
621703 938701 525
209933 914653 525
53959 450907 449
862806 356728 525
748720 515797 509
121308 547084 470
742698 515334 509
76376 110991 354
252715 798898 509
825171 801052 450
771559 218189 509
554010 752506 509
178224 709016 509
816539 173109 509
333378 490000 449
945053 58109 525
489114 955081 525
405989 671338 509
28067 59426 340
575223 785147 509
332231 776787 509
292122 696532 509
323875 591281 470
390179 884850 525
202254 576590 470
311131 215350 443
967857 973813 458
199181 381494 443
554603 146081 470
152433 15720 375
590181 887982 525
359415 97487 443
768825 79296 509
138722 765404 509
550551 796892 509
90032 230297 386
443181 399134 449
990415 898506 507
299708 767057 509
859999 380595 525
112297 501962 449
475776 687483 509
68977 80154 351
742587 191309 509
723382 139932 509
544266 895021 525
508860 313563 449
909211 903682 445
669086 277685 509
590930 564285 434
794583 735990 468
651476 197314 509
95820 754116 509
37525 641892 509
538839 395528 470
897490 897525 326
101360 651136 509
247643 889618 525
80928 170337 383
826621 506582 509
917955 804310 525
634225 370888 509
274570 426815 449
220853 543437 470
107722 460008 449
712350 811783 468
9097 418657 449
689126 363827 509
522071 621269 452
533149 726651 509
140528 60910 354
228398 430639 449
836610 241888 509
928577 992393 507
498976 433890 444
754552 755199 318
126087 416931 449
360099 388777 423
448566 400657 449
377017 580952 470
392735 72641 443
491298 89368 449
453195 918184 525
55805 696776 509
423428 975266 525
552528 588954 434
19593 80308 351
322197 297278 384
289672 372555 441
806445 250774 509
522325 305000 470
238283 560997 470
466127 648412 509
565421 598382 434
179334 914693 525
987334 942439 458
548159 88421 470
522957 994985 525
691761 1354 509
492972 578762 470
167716 631541 509
711850 561852 509
375482 703662 509
76217 550399 470
801173 665154 504
486506 399015 449
476364 839851 525
488263 724790 509
323172 942491 525
373537 570037 470
28828 18859 308
107280 360871 443
355856 576987 470
578341 146590 470
725352 563970 509
195511 587665 470
149517 893069 525
113083 907361 525
974112 41351 525
706506 189300 509
104667 291638 443
131489 709364 509
434154 581032 470
39875 136104 354
706141 273679 509
292538 413412 449
290636 734969 509
311956 916170 525
62760 162844 383
726814 406649 509
994314 304465 525
713886 922326 525
346039 660183 509
701535 826969 504
532621 320152 470
611790 924393 525
150109 637289 509
734673 259631 509
395735 584264 470
374295 774548 509
704313 101877 509
353198 666833 509
99355 994949 525
157793 665155 509
588156 678468 509
982933 400960 525
323286 98823 443
275358 213171 443
40140 185677 383
22181 493245 449
933990 572761 525
210050 150323 383
409954 84100 443
668364 461075 509
235624 322042 407
423919 42659 449
225844 456289 449
451238 293469 449
474976 841551 525
520019 125383 470
526343 63133 470
161956 19304 383
232475 365981 441
68011 953666 525
446912 788967 509
361729 90192 443
756868 380902 509
465002 88131 449
549207 683174 509
5216 649718 509
692377 301183 509
757472 945487 525
238957 434573 449
276125 725062 509
366797 713933 509
293418 312496 384
848153 893141 445
775474 971726 525
925393 596980 525
385948 843485 525
450030 372305 449
269559 264029 345
352160 206898 443
406424 734562 509
384280 417719 449
718902 411641 509
873480 593010 525
27583 992726 525
234140 628789 509
342723 303708 384
132557 600938 470
10431 152493 375
124220 980710 525
577690 785905 509
629391 49613 509
938270 963638 507
227667 79421 386
802671 207829 509
458743 96180 449
513899 209095 470
137088 843024 525
952386 749154 525
258232 10569 443
155710 979969 525
800030 492373 509
609663 498433 470
167279 932587 525
429649 620094 470
922351 291499 525
857464 7339 525
487330 551742 470
147515 312086 443
519915 231349 470
843881 950186 507
675634 495011 509
854387 874133 432
623287 812722 509
339643 806773 509
786742 881519 525
890244 495354 525
510139 103124 449
552063 16259 470
636353 677418 442
485269 981712 525
505404 558705 470
626799 342733 509
654819 992734 525
740435 774315 468
240853 691087 509
702450 100669 509
974802 916487 507
245562 556837 470
363610 598089 470
995960 585205 525
596911 666704 509
769829 402557 509
418816 623403 470
300821 321892 384
303605 571522 470
646579 302443 509
161528 325361 443
834447 273378 509
564045 332700 470
23787 574882 470
675551 804899 504
721386 242589 509
799426 650353 504
764794 966948 525
68506 163036 383
346092 277107 441
679664 665417 398
288820 115921 443
954166 98480 525
186354 105994 383
408437 774123 509
99484 832933 509
106312 86317 354
419017 933931 525
25165 186709 383
991608 959156 458
201745 217069 386
867422 712995 525
196295 1171 383
680559 148569 509
425676 264801 449
446571 26652 449
658925 105340 509
720172 251743 509
874089 613091 525
903566 906527 445
255812 798878 509
885196 3050 525
453333 362124 449
65186 304213 443
263370 478499 449
695568 56794 509
286141 465115 449
982639 79342 525
744263 482437 509
263590 663198 509
206202 169939 365
791631 226513 509
478257 865128 525
994571 511804 525
934683 352346 525
151225 898138 525
417540 190495 449
68972 36421 340
340634 387226 441
865725 134158 525
190952 120356 383
585472 77645 470
673339 993446 525
475883 568111 470
747661 417603 509
587542 255825 470
482339 470216 413
335344 379174 441
407330 960596 525
829294 846267 525
260757 342013 407
48860 980519 525
533292 194650 470
581876 117832 470
251990 390279 441
510635 963953 525
41598 959295 525
952741 96107 525
180570 714937 509
132540 944976 525
200801 444584 449
914800 720083 525
615609 199492 470
676440 766496 504
612763 22939 470
881304 505735 525
2606 389873 443
584523 930164 525
564349 52251 470
442530 682751 509
646704 816339 504
291986 953165 525
565625 688302 509
919591 761079 525
222407 262547 443
707131 568484 509
804919 939561 525
139053 621931 470
388427 420528 449
959819 815494 525
837581 517543 509
423768 841123 525
287639 840187 525
892438 524643 525
207394 851988 525
184680 851320 525
804486 854098 525
58752 993018 525
754098 886463 525
149010 494695 449
63179 976505 525
916066 856142 476
994425 868098 507
804978 571472 509
386966 382853 348
416748 764797 509
122272 224547 386
581086 840516 525
365159 409912 436
261900 989877 525
841197 572553 525
943003 962932 414
955951 162035 525
48498 518107 470
529154 710049 509
202906 713861 509
570003 592334 434
976784 635325 525
206797 564428 470
463633 781763 509
546560 110115 470
851014 880381 432
720897 185185 509
595097 432100 470
938329 602408 525
691313 373349 509
852634 295879 525
457914 634316 509
668775 808585 504
34986 22765 311
736626 197930 509
306616 237892 407
389569 306629 441
387409 799752 509
581515 596366 434
222833 367395 443
247776 644428 509
829613 73847 509
22300 485026 449
603786 941062 525
830763 960629 525
256508 295100 407
929416 683397 525
491982 230775 449
253540 114544 443
828826 43320 509
797565 506518 509
329499 651794 509
451546 187134 449
299853 716908 509
84303 33062 351
193842 522686 470
596534 848432 525
849810 539807 525
480869 618834 470
95815 453596 449
748696 827984 468
511382 352324 449
99451 194465 383
825361 519716 509
563037 869343 525
375861 654187 509
305981 360602 441
64088 705360 509
938620 273879 525
823293 363941 509
886628 22924 525
387708 17135 443
556942 483162 470
101996 753870 509
207466 554163 470
898500 197811 525
66487 472515 449
183332 926234 525
445950 682290 509
551633 8693 470
662880 525339 509
402293 927494 525
632854 485213 509
275444 466382 449
830323 571475 509
110751 98738 354
115873 716951 509
716465 14811 509
768681 189168 509
259683 334813 407
48977 492499 449
965014 674535 525
600769 115464 470
314107 148346 443
673391 563072 509
88411 865740 525
309587 852623 525
337836 7057 443
473439 458793 444
546620 613281 452
228371 820114 509
53418 657371 509
188534 860596 525
49764 769883 509
104697 473567 449
966067 825800 525
500335 153674 449
785490 447433 509
112132 617457 470
180529 615949 470
481690 785523 509
638147 785292 504
792349 307629 509
766422 492335 509
621968 782140 509
602255 313043 470
486766 850339 525
710936 172025 509
458260 191653 449
665220 277052 509
619204 562957 447
232983 631287 509
78721 119540 354
736997 534826 509
667127 707205 504
492728 433878 444
219170 665169 509
972798 647227 525
139563 11520 354
793660 739221 468
568616 277883 470
128223 912267 525
84292 55382 351
247035 355511 441
632563 542553 509
621862 428608 470
59895 251768 443
887660 371198 525
422376 654968 509
362173 141009 443
574887 89503 470
754673 371254 509
18481 794057 509
321929 243823 407
983044 674396 525
952280 631942 525
544209 68012 470
639747 596855 509
952366 144854 525
203759 403134 443
831742 101281 509
869401 341973 525
713171 891638 525
62958 273413 443
414422 651899 509
257755 941484 525
829090 505661 509
816071 528780 509
772603 363923 509
38320 138000 354
769942 272000 509
340012 506952 449
103807 830504 509
975358 979759 383
382894 572525 470
190158 179117 365
521090 214636 470
622626 59560 470
332973 750614 509
918865 201937 525
143421 263748 443
769409 176620 509
705400 488863 509
852786 101832 525
239833 478004 449
266356 407458 441
914410 526127 525
356631 606368 470
586128 534569 452
623446 848341 525
27458 485374 449
700010 813605 504
873165 64901 525
331867 838989 525
40926 722490 509
986238 250732 525
943705 700699 525
189562 272000 443
373832 165457 443
643461 42348 509
449807 130017 449
172497 426169 449
32538 880569 525
415139 529128 470
377470 135018 443
620392 38585 470
368542 921280 525
502533 836754 509
675743 241707 509
480550 834400 509
601485 233021 470
933720 466788 525
255140 545190 470
710647 639634 504
681983 145325 509
791694 870461 525
296630 648142 509
45063 964191 525
493320 845520 525
980538 976554 383
531492 387142 470
308422 600930 470
437685 900034 525
658094 327308 509
161708 629780 509
862802 138644 525
121784 279545 443
341087 796522 509
436157 376925 449
38602 51735 314
438548 634492 509
798986 830296 450
310840 251530 407
97051 844049 525
336956 320512 384
707654 77589 509
194872 868448 525
768482 532428 509
376088 632557 509
262337 426576 449
565220 537797 452
333694 125139 443
438014 687005 509
580282 674782 509
242869 390523 441
25015 135236 354
481884 681417 509
449299 340353 449
700754 792724 504
113236 546350 470
140292 37710 354
906158 337242 525
386023 335164 441
967721 674641 525
617569 762111 509
816260 746410 468
387902 182790 443
386147 149955 443
341089 825916 509
216439 482781 449
618017 583958 447
265375 757806 509
614511 99901 470
408978 714674 509
777377 315265 509
352976 38566 443
892161 917669 476
252833 259134 363
