292992 932579 525
696140 640344 442
751708 239184 470
886825 763791 525
517842 643800 452
204413 492728 449
370257 522264 470
901852 517861 525
183271 386507 443
89781 458343 449
5282 596411 470
703156 959882 525
466455 23253 449
723419 665590 442
178358 704072 470
516132 983405 525
636653 724329 442
135808 900418 525
963512 22635 525
176268 481355 449
178492 380680 443
486140 548748 470
415001 900050 525
578667 598271 434
798614 668447 468
568672 803895 468
776916 271829 470
763779 243372 470
807137 999255 525
908961 497552 525
703328 425094 470
480959 339982 449
661481 128824 470
752457 624994 442
663514 928724 525
618407 354064 470
821461 104548 470
902811 236464 525
516655 993535 525
346792 315271 441
174042 427521 449
119167 950957 525
699349 395003 470
706386 506488 470
394259 615348 470
4041 97589 351
552499 997055 525
949626 213981 525
637937 702085 442
351033 301452 441
142868 481497 449
655515 964329 525
98102 70386 351
712850 614757 447
575978 571699 372
930027 262077 525
999220 561251 525
725091 210628 470
956254 431478 525
229173 350514 443
558883 745270 447
960158 111384 525
742326 909786 525
837420 892320 525
123930 700510 470
705830 778853 468
182008 873402 525
255241 280110 407
455845 968090 525
406924 31825 443
51849 336952 443
805957 51070 470
410260 531050 470
261697 366515 441
962527 490870 525
229087 521412 470
748197 701302 424
144853 2582 375
123147 494330 449
894902 247076 525
194842 600733 470
537987 888905 525
474136 793227 470
169016 442039 449
761319 87997 470
473863 325225 449
937004 279821 525
376294 347266 392
322928 150048 443
713780 285457 470
152975 454924 449
318926 901171 525
156228 975834 525
903753 279374 525
470165 798656 470
38508 665006 470
911446 576494 525
65971 897639 525
369722 234986 441
339679 643098 470
322983 325599 384
968322 259988 525
117478 856673 525
119311 440405 449
6723 345149 443
237919 671753 470
800072 68902 470
572926 468357 470
44737 988736 525
259789 514902 470
299451 298296 371
691965 210898 470
386847 757935 470
620594 268626 470
504979 472331 426
911724 340019 525
309987 392105 441
112064 939520 525
760836 231375 470
379927 279616 441
576523 129903 470
951368 888652 476
198805 36353 383
357011 755597 470
25090 616799 470
270500 324540 389
427152 474523 444
47495 813998 470
232459 180147 443
82625 249495 443
652477 506406 470
589513 474521 470
410569 213635 449
414043 171406 449
445009 306027 449
963077 533589 525
435929 914446 525
422242 146791 449
950799 291310 525
902388 487946 525
908108 684945 525
812486 847317 525
159469 372038 443
661316 391928 470
552184 255999 470
153480 716718 470
274462 742993 470
191241 685030 470
956627 117341 525
368493 913693 525
423367 331571 449
447283 859295 525
758075 381582 470
518144 220933 470
672892 420533 470
708878 93059 470
105479 33423 351
452434 264948 449
405461 625807 470
168933 469702 449
881805 322412 525
698478 668325 442
577462 401776 470
865412 46148 525
519116 233907 470
959840 942482 414
77535 919180 525
313836 347667 441
812820 831979 450
568599 997769 525
764569 789535 468
602885 870048 525
822957 55320 470
647053 740475 442
681127 815985 468
210179 74991 383
650454 908656 525
743315 739974 393
310433 608729 470
786121 341606 470
354693 258021 441
284089 944283 525
689258 109982 470
291952 502079 449
941961 372608 525
499849 218589 449
162144 614792 470
88638 985101 525
670111 247748 470
725577 351239 470
575790 447813 470
426230 226246 449
868526 681602 525
966219 691016 525
802388 264399 470
32623 157082 383
522419 828767 468
613423 723735 447
938749 905374 476
225815 392769 443
790039 237722 470
611357 952183 525
852513 212053 525
449343 522625 470
459800 686977 470
385922 35592 443
134792 324209 443
773893 3319 470
517868 252171 470
694335 320258 470
516569 239015 470
477339 551046 470
67784 90763 351
274782 6534 443
508194 12654 449
911358 298235 525
250375 522716 470
762475 614945 447
246826 211819 443
649628 706626 442
898795 35551 525
254275 545644 470
871815 28169 525
61021 389684 443
280339 267413 389
709941 308965 470
506427 699338 470
860010 574210 525
302158 134793 443
92801 810352 470
147447 4160 375
620644 909877 525
38934 895176 525
524824 285759 470
106996 174453 383
504442 517848 470
722059 758716 424
63494 593875 470
298942 636570 470
495616 579280 470
903982 205559 525
888245 410410 525
416954 260314 449
496678 719111 470
395107 589478 470
41522 54611 340
105696 662165 470
964487 656685 525
557342 1370 470
454501 176395 449
175822 958943 525
694243 409938 470
229718 269794 443
3814 528660 470
906363 499430 525
619997 810346 468
217046 508243 449
732813 633999 442
768557 229492 470
353111 675721 470
331028 394633 441
730331 948779 525
568855 206877 470
605465 638255 447
208247 59967 383
326707 896124 525
530967 533007 377
306064 760685 470
802800 821933 450
801402 221222 470
833420 421400 470
543625 562523 452
441701 788496 470
196523 722315 470
17989 61692 340
910093 861072 432
968380 152483 525
809852 49294 470
359359 927374 525
199606 79663 383
499399 526313 470
487845 30367 449
59321 793908 470
303109 374179 441
127900 104512 354
107458 473378 449
37970 651083 470
35902 991726 525
439580 232425 449
714042 969624 525
806172 624136 468
830698 774553 468
776618 152609 470
335904 648034 470
592041 535510 452
727697 91441 470
61824 215543 383
633863 633200 323
521508 936972 525
7380 161465 383
553541 114838 470
634842 103568 470
277978 670744 470
95295 229615 386
415226 321394 449
199240 221399 386
457587 541995 470
508009 746262 470
206662 355970 443
394298 798702 470
891479 634052 525
402200 465360 449
361652 36064 443
610618 395217 470
485093 617997 470
556681 38636 470
244892 191525 443
654259 34927 470
374326 749554 470
264541 789551 470
583005 975837 525
523007 40594 470
517833 543073 439
786855 236552 470
899042 693210 525
35255 302581 443
327263 437454 449
279998 200972 443
985574 890615 476
596188 470668 470
20672 664927 470
509303 777619 470
368509 675620 470
812546 742834 468
425175 589144 470
44444 520237 470
564982 79508 470
560830 594873 434
134638 347687 443
831424 545737 468
552954 378737 470
848317 880217 432
328248 128317 443
593246 313823 470
530989 189436 470
784491 551660 468
854362 805851 525
329281 734928 470
481472 141828 449
477763 418704 444
730971 34264 470
938941 808011 525
113771 11830 354
402885 760464 470
871572 746366 525
306202 424528 449
125104 666577 470
304746 453352 449
306951 897991 525
279232 837939 525
599484 575780 434
389601 965903 525
381633 718881 470
700832 375162 470
372766 690652 470
305924 615794 470
724915 756922 424
423806 350743 449
768751 338748 470
111208 640325 470
85116 417410 449
64854 722275 470
83988 881655 525
687684 390938 470
291705 966916 525
740934 891189 525
542697 130536 470
369151 436387 449
361474 69985 443
323607 246297 407
272694 629530 470
862091 997609 476
386453 797954 470
348353 155205 443
648760 971617 525
307587 245933 407
901084 372440 525
968207 985071 458
254096 655893 470
888066 57859 525
134868 629001 470
949047 189622 525
271595 830255 470
626009 633068 385
412297 949615 525
879365 684991 525
91204 253515 443
682601 989712 525
563526 543011 452
144918 212287 383
26687 452505 449
458219 927770 525
337002 938484 525
912842 103156 525
594378 312967 470
161014 729245 470
941968 622118 525
918866 213564 525
452374 56934 449
358689 864671 525
518606 750111 452
549663 121867 470
515683 744321 452
111580 79211 354
799389 256498 470
803553 826076 450
221060 773830 470
753847 558061 447
712315 178749 470
173274 818750 470
491715 334287 449
60054 945740 525
956404 490977 525
671361 408780 470
59969 30052 340
785508 578574 468
780162 335172 470
700441 295847 470
591550 324078 470
887113 390940 525
580575 202725 470
217017 313692 443
976554 970864 383
383811 200928 443
149614 557084 470
19679 153386 375
891371 591788 525
99128 359834 443
82767 770488 470
768613 142735 470
800539 554122 468
233366 92761 443
401351 445864 449
900663 992900 476
769942 299835 470
383842 862574 525
502559 112916 449
688324 479115 470
83781 72136 351
192100 745450 470
141277 723835 470
898836 544705 525
315624 510021 449
904539 910446 476
280510 673153 470
565238 593107 434
739333 798604 468
197925 652741 470
756525 98589 470
645643 38526 470
398423 541542 470
901100 900981 277
654457 101483 470
892153 250296 525
173618 84255 383
507803 826950 470
808089 918696 525
371657 635770 470
428718 276197 449
546218 221286 470
461407 111457 449
814392 712797 468
422118 12318 449
365540 690701 470
622962 523240 452
729226 533442 452
64783 142385 354
434424 231297 449
243867 838635 525
993648 929540 458
434947 501453 444
756492 755093 362
420150 128150 449
390864 360926 436
404346 449139 449
582211 377810 470
72654 396604 443
90609 494771 449
920977 456148 525
697529 55998 470
979387 426757 525
589439 556227 434
81199 23864 351
299581 325066 384
374556 293231 441
254607 809502 470
306741 523156 470
564596 238948 470
651305 467518 470
599873 567708 434
916656 182085 525
945518 989309 458
90746 548184 470
996138 523780 525
4333 693668 470
579777 495777 470
632482 169217 470
564061 713681 447
705137 375699 470
550804 79694 470
668929 805410 468
401254 487727 449
840624 477907 525
726675 491930 470
945424 326549 525
571696 374140 470
20692 29273 308
363450 111437 443
577456 359589 470
147275 581788 470
565315 727051 447
589622 197798 470
896268 153684 525
911478 113464 525
41440 974339 525
193157 710369 470
291809 106468 443
710153 132434 470
584375 436829 470
136421 41858 354
275436 708116 470
415997 296127 449
737388 291505 470
919619 314845 525
163151 66895 383
408690 728465 470
306004 998311 525
926263 714329 525
664052 349800 470
827792 705492 468
324141 533006 470
927918 615949 525
639474 150130 470
260440 735906 470
586959 396860 470
777763 374452 470
104978 705818 470
670578 354423 470
997322 102256 525
669268 160474 470
681207 590015 447
400997 987210 525
100386 327261 443
213598 276495 443
189118 41391 383
494044 25316 449
574396 934019 525
153322 213871 383
84151 413761 449
461834 671109 470
322679 239599 407
45562 427656 449
457474 228197 449
294136 454797 449
842508 475461 525
127328 523716 470
65478 528324 470
22985 165863 383
367642 236582 441
954413 68818 525
790028 448459 470
94133 364426 443
382479 759511 470
90354 466629 449
685329 552188 447
649795 8009 470
303844 695356 470
947720 761317 525
435610 241858 449
728171 278120 470
717318 367556 470
313893 294853 384
895880 848934 432
972771 775579 525
597573 927186 525
844396 387603 525
375646 450587 449
264086 270182 345
210099 354439 443
736811 407485 470
418684 386607 449
415494 722527 470
594021 875271 525
995901 29632 525
629186 236131 470
307751 346506 441
603687 133702 470
153416 11626 375
982635 126189 525
787204 580209 468
53376 631602 470
967811 941077 414
82190 231898 443
211260 804344 470
98395 460128 449
211830 517078 470
846735 139381 525
751663 952813 525
14654 259623 443
982444 155897 525
495754 802253 470
502402 611498 470
935954 167876 525
623123 430648 470
294064 922384 525
10858 859495 525
553987 490727 470
312631 148234 443
234682 523890 470
952577 845132 476
496076 676465 470
874268 854868 432
815845 625932 468
807682 342556 470
885554 790127 525
498453 893365 525
104439 512912 470
16922 552450 470
680787 640044 429
983097 486908 525
562430 506013 470
346404 628474 470
996739 659034 525
776708 743478 468
694982 241344 470
100670 703115 470
917808 974937 476
557984 245713 470
600870 365667 470
588268 998481 525
667851 598778 447
403906 772290 470
623748 420827 470
324741 304536 384
572929 307840 470
303502 647416 470
325910 161963 443
275891 834706 470
333055 564656 470
578185 28038 470
806000 678854 468
243210 723809 470
653792 801193 468
969521 766719 525
166861 69849 383
277260 346769 441
668626 681165 385
119060 292375 443
101993 955857 525
108969 186979 383
775754 412470 470
834394 101665 470
86490 110287 354
936370 419544 525
187000 26614 383
959637 992999 458
217526 202848 386
716810 871317 525
4042 198390 383
150096 682958 470
268238 427355 449
29729 448922 449
108521 660844 470
253354 722569 470
616702 874378 525
909548 904513 383
798905 256001 470
6179 885395 525
366287 454606 449
304940 65345 443
481220 264579 449
58345 698745 470
467426 287212 449
82121 983524 525
485602 744272 470
666483 265897 470
171628 208269 373
226876 792204 470
869113 480230 525
514775 997872 525
354609 936380 525
902387 153516 525
192382 420623 449
38912 70727 340
387287 343851 441
136071 868506 525
120487 194415 383
79310 587913 470
993683 673486 525
571438 479286 470
417760 749978 470
257240 589387 470
470305 484116 382
381593 339419 441
964345 408425 525
849348 831011 525
344806 263794 389
984526 49245 525
196475 535495 470
119971 583761 470
391404 256041 441
964324 511890 525
962512 43635 525
99804 956196 525
717120 183299 470
947539 134881 525
445335 204780 449
724268 915639 525
200953 617918 470
767115 677355 442
26344 616464 470
508368 883205 525
392316 4953 443
932449 588790 525
52506 564478 470
684608 443909 470
820518 648933 468
955798 295089 525
692567 567660 447
763342 921744 525
263016 222940 443
568683 708350 447
939776 805008 525
623990 140730 470
422927 391106 449
818085 961326 525
519628 838510 525
844532 424001 525
843462 289040 525
524848 895967 525
853517 209457 525
851933 186095 525
858389 807733 525
993239 63015 525
887450 756583 525
496816 150467 449
979522 65500 525
858817 919299 476
870507 994864 476
572087 805491 468
385972 390173 436
766818 417657 470
228684 123409 386
841657 584203 525
412449 366506 449
992228 265967 525
575962 844162 525
964117 946408 414
163954 957358 525
521480 51405 470
713942 530353 452
713928 205523 470
595853 572746 434
636880 978417 525
567611 208968 470
783910 465640 470
111198 550729 470
883296 851937 432
186196 724954 470
436141 598644 470
603517 940426 525
376668 691536 470
296648 852843 525
637945 460601 470
810202 671482 468
24064 36203 324
201837 737991 470
241725 309747 407
310738 390662 441
800221 390406 470
599629 584132 403
368104 222884 443
646919 251401 470
74822 833114 470
488413 23021 449
943815 603987 525
963446 832540 525
295525 260095 407
685384 933469 525
232754 495587 449
117011 256817 443
43847 830903 470
506865 797628 470
652707 329660 470
188291 452929 449
720065 299978 470
37063 88170 351
522861 196039 470
851627 597683 525
541210 852097 525
620703 485026 470
456085 96208 449
829623 751609 468
356303 515009 470
197138 101114 383
522653 826204 468
869986 566500 525
657108 376852 470
364129 309816 441
706511 64477 470
274802 938633 525
364454 823920 470
26805 887315 525
19960 390489 443
484999 561169 470
754643 105703 470
558252 210729 470
201910 899933 525
474396 70270 449
926999 183591 525
683439 449653 470
9796 553426 470
528210 666903 452
930277 404396 525
488776 636789 470
468873 275635 449
575424 833326 468
99557 114286 354
720642 119516 470
16832 717698 470
192743 771474 470
335458 263052 407
494260 49426 449
675042 968655 525
119695 602042 470
152247 315192 443
563753 674098 447
868617 91964 525
853058 310954 525
8418 341835 443
459800 477290 444
617470 547281 447
822673 229084 470
661566 55375 470
860655 190455 525
773072 53399 470
473986 108532 449
828507 968246 525
157957 503550 449
448960 789707 470
617650 113265 470
616956 181404 470
787362 485575 470
785423 640422 468
308586 793840 470
494314 768385 470
783187 623841 468
315668 605862 470
852924 489291 525
173294 713581 470
191804 458423 449
279037 665789 470
566954 619601 447
634036 236968 470
123153 82998 354
538733 740802 452
708318 667746 442
434263 495681 444
665378 219687 470
648160 973963 525
13529 142476 354
742350 796715 468
278374 570075 470
914634 131300 525
59367 87929 351
356938 251170 441
546352 635974 452
429017 625363 470
255577 63054 443
374389 890785 525
658107 425179 470
143646 366426 443
92926 577908 470
374165 758304 470
797594 22326 470
244326 323180 407
676857 986675 525
631953 955231 525
68809 546588 470
598588 640232 447
146575 955525 525
403459 204984 443
103558 832475 470
342404 871190 525
895529 716792 525
274034 65695 443
654028 417679 470
944177 259012 525
507644 830399 470
529373 817296 468
364782 773698 470
140477 41641 354
272433 772429 470
508929 341241 449
831075 107518 470
981472 977649 427
575100 384933 470
182634 190715 360
217409 525037 470
61907 624995 470
753887 335940 470
202748 919972 525
265677 146926 443
178985 773320 470
489382 708357 470
102675 854163 525
482057 243152 449
407861 266547 441
527638 916789 525
607787 358714 470
536364 589261 452
848420 623521 525
486251 31055 449
814236 703659 468
68150 876142 525
840712 334094 525
724139 43461 470
254067 989815 525
702442 945108 525
275195 191825 443
165524 377869 443
45989 647580 470
133078 453850 449
426184 172774 449
882696 33973 525
531487 419062 470
135291 379909 443
42584 621541 470
923019 368877 525
837257 503226 470
245020 677970 470
837319 481217 470
233488 603444 470
471033 935929 525
548553 258285 470
639811 714076 442
148212 685800 470
873714 793345 525
651707 299899 470
966118 46462 525
845927 497607 525
977579 981217 427
389573 532221 470
602759 312593 470
901097 440018 525
327877 658175 470
630045 165197 470
139393 863533 525
280698 122483 443
799463 341308 470
380768 439276 449
55386 41037 340
637133 441157 470
834381 800897 450
253113 312559 407
847358 99042 525
322223 336997 384
80260 711795 470
869217 195077 525
536445 770315 468
635094 376379 470
428491 265140 449
541576 567883 452
128674 334331 443
690366 440195 470
675639 583191 447
391528 243082 441
136285 28662 354
684238 482723 470
341616 449408 449
795281 701031 468
548449 117505 470
38029 140767 354
341357 907245 525
335843 389860 441
677562 970936 525
766238 618110 442
748133 819871 468
185995 388865 443
154204 388418 443
829059 341900 470
483666 220588 449
584981 619950 447
761305 269220 470
102674 614978 470
718627 410013 470
316010 779134 470
39575 354039 443
919900 892988 476
261285 255744 345
