887 384 55
916 778 37
336 794 171
493 387 49
422 650 145
28 363 144
60 691 145
927 764 117
427 541 142
737 173 140
369 212 20
430 568 142
531 783 171
124 863 171
136 68 16
803 930 179
59 23 33
168 70 11
457 394 129
43 12 30
374 230 46
920 422 37
538 785 171
325 199 25
371 316 46
527 414 80
981 92 24
874 957 174
171 863 171
282 997 179
926 306 130
328 85 113
506 337 111
730 847 153
858 314 104
896 125 24
546 583 137
368 815 171
365 435 134
751 44 140
809 88 47
179 277 128
585 789 171
652 404 26
400 755 171
61 933 179
369 677 145
13 740 171
587 227 119
540 95 44
571 796 171
379 435 134
602 468 18
903 98 117
493 318 49
757 653 109
281 302 118
442 287 116
690 866 171
620 445 88
730 441 96
118 32 34
772 98 122
676 482 52
928 710 24
857 568 29
354 498 142
966 587 24
684 307 127
625 220 26
872 529 117
830 733 135
20 504 144
369 271 20
716 709 34
150 341 144
724 797 153
246 619 144
452 847 171
556 922 179
489 380 49
229 765 171
351 842 171
501 194 111
765 35 47
915 125 130
857 988 179
492 744 171
366 228 95
937 860 174
552 433 18
229 438 144
408 276 28
122 475 144
396 859 171
238 30 35
794 236 29
429 819 171
12 144 122
530 929 179
405 777 171
764 444 47
539 614 137
841 607 42
819 905 179
689 129 127
918 370 130
997 918 50
744 325 21
184 471 144
500 491 111
726 773 153
591 645 132
140 506 144
787 955 179
83 670 145
465 543 142
508 198 49
805 356 21
612 349 39
829 623 91
344 300 33
569 747 171
423 341 33
811 312 135
802 606 21
731 662 140
306 879 179
737 321 140
627 445 132
466 523 142
417 709 171
259 283 123
638 925 179
625 63 26
37 601 144
900 453 55
551 380 44
72 469 144
132 974 179
931 882 37
895 934 130
164 661 145
982 200 143
997 900 50
774 960 179
669 814 171
96 191 125
467 927 179
341 85 12
685 91 127
543 377 137
108 937 179
757 446 109
419 180 41
413 888 179
173 349 144
10 660 145
211 337 144
588 343 119
302 207 17
373 714 171
256 322 131
600 820 171
905 722 68
812 940 179
668 941 179
229 706 171
151 128 16
659 985 179
225 921 179
270 423 144
82 397 144
85 631 144
973 293 99
851 673 60
386 626 142
300 223 17
43 641 144
714 899 179
191 299 128
591 525 57
582 210 119
337 820 171
156 733 171
5 995 179
770 380 34
777 274 34
256 851 171
143 861 171
885 580 117
206 994 179
568 622 132
614 505 39
755 962 179
260 327 144
203 945 179
507 203 36
22 785 171
869 843 29
190 529 144
909 873 16
499 959 179
809 37 47
249 754 171
334 304 69
649 134 145
755 891 179
747 568 47
530 369 124
47 501 144
798 789 122
991 250 99
34 304 128
498 364 49
893 254 73
126 687 145
997 153 50
189 976 179
730 158 96
461 437 36
922 415 37
305 461 144
28 29 19
749 51 47
903 557 117
698 795 171
44 700 145
3 40 112
404 429 134
682 501 13
539 648 137
152 160 86
135 536 144
693 340 34
128 216 125
630 505 39
965 50 24
430 286 103
336 344 126
901 178 55
972 239 99
290 950 179
989 368 50
796 293 122
145 744 171
391 830 171
341 683 145
570 542 106
233 827 171
43 262 128
118 361 144
762 24 109
310 82 87
426 191 15
368 997 179
235 678 145
627 691 145
58 525 144
169 615 144
359 206 51
387 313 121
347 101 126
995 727 24
553 917 179
530 579 137
291 947 179
971 648 37
81 52 23
594 632 132
628 858 171
887 313 55
356 215 33
91 513 144
480 413 23
970 611 99
275 190 92
642 356 26
434 621 142
889 988 174
567 339 62
285 771 171
418 857 171
261 607 144
238 850 171
60 206 125
519 218 62
784 946 179
459 874 179
638 874 179
484 290 98
479 608 142
315 758 171
730 472 96
460 101 36
439 619 142
389 26 121
234 75 22
682 158 13
359 494 142
700 271 83
840 418 42
364 570 142
795 623 104
848 174 16
463 432 129
391 683 145
792 293 29
116 58 21
158 522 144
492 575 137
952 948 37
22 232 128
741 538 47
31 55 113
326 99 25
517 82 124
3 517 144
140 232 128
405 797 171
581 339 119
22 219 125
863 971 179
380 813 171
686 978 179
905 537 68
484 177 98
760 208 109
745 858 153
912 500 37
951 128 29
561 237 44
106 819 171
50 564 144
712 245 34
935 806 130
376 292 108
615 956 179
769 590 34
919 994 174
883 806 29
983 823 143
31 718 171
575 94 44
594 127 75
254 487 144
75 544 144
714 815 153
378 180 108
776 763 122
920 89 37
733 711 96
18 295 128
236 347 144
692 138 34
944 154 37
329 574 142
292 926 179
19 711 171
837 218 42
56 964 179
859 91 148
905 131 68
662 572 26
686 634 127
74 790 171
852 605 16
251 806 171
504 869 171
7 486 144
640 196 13
121 950 179
227 968 179
678 764 171
982 597 143
561 866 171
956 37 55
519 771 171
343 212 126
197 533 144
322 380 144
985 271 24
428 173 103
41 235 128
73 284 128
831 399 135
348 64 33
31 951 179
715 574 26
523 60 124
925 48 130
436 83 116
205 233 128
444 955 179
487 899 179
279 641 144
263 160 79
684 263 127
849 42 60
325 724 171
123 273 128
336 155 12
458 822 171
748 366 47
777 172 34
219 270 128
704 702 21
934 654 86
960 908 24
807 729 73
721 798 153
309 85 25
699 335 65
377 992 179
716 899 179
172 53 32
560 190 18
11 507 144
225 17 53
540 110 44
379 1 59
54 110 119
115 82 34
990 339 99
68 427 144
224 148 22
232 788 171
123 533 144
876 282 55
180 851 171
255 591 144
132 351 144
858 814 104
182 495 144
604 82 18
434 721 171
182 983 179
416 488 142
826 297 91
723 405 47
552 893 179
33 298 128
182 135 94
416 507 142
709 58 34
1000 596 112
298 963 179
777 484 34
978 155 50
588 310 119
383 933 179
267 22 22
861 564 104
212 683 145
87 686 145
931 286 37
584 991 179
477 315 36
821 117 29
526 893 179
840 529 42
491 526 142
361 137 46
644 619 101
929 338 130
622 583 88
956 311 55
226 889 179
571 816 171
854 438 55
723 9 47
351 784 171
98 658 145
127 828 171
72 270 128
150 652 145
529 911 179
399 640 142
611 889 179
578 394 31
977 891 99
553 200 137
88 932 179
100 778 171
567 658 145
18 953 179
736 642 21
299 369 144
196 185 27
806 777 21
429 267 103
529 955 179
594 309 75
198 279 128
673 556 65
446 775 171
326 1 25
284 998 179
128 413 144
422 383 41
335 694 145
335 440 134
160 422 144
958 986 143
762 355 109
973 763 99
717 542 34
851 853 60
483 663 145
218 400 144
174 155 32
507 16 36
365 852 171
264 791 171
173 492 144
538 38 31
829 860 148
281 872 179
857 988 179
342 591 142
353 971 179
512 666 145
518 70 124
84 362 144
113 352 144
507 301 36
668 639 70
490 365 23
155 33 86
876 105 55
142 680 145
539 413 49
637 970 179
957 171 55
761 845 153
815 650 135
315 466 144
887 327 55
40 184 125
536 970 179
622 153 88
791 394 78
110 290 128
674 632 114
736 265 21
296 549 144
314 878 179
199 834 171
356 950 179
794 156 29
157 469 144
934 961 174
287 824 171
359 172 51
141 678 145
182 246 128
991 762 99
51 324 131
955 101 29
365 76 95
625 43 26
920 660 37
845 290 42
239 470 144
977 552 99
20 384 144
344 134 33
957 305 55
476 982 179
12 667 145
913 968 174
730 193 96
869 903 179
3 132 122
208 175 14
217 719 171
378 184 108
473 488 142
958 574 55
126 63 109
798 934 179
419 497 142
154 142 24
475 727 171
394 981 179
949 486 37
31 306 128
560 30 18
161 899 179
425 563 142
281 720 171
903 642 117
481 11 49
584 727 171
141 790 171
724 709 21
558 939 179
432 494 142
221 711 171
691 906 179
392 614 142
271 639 144
668 422 70
672 830 171
744 181 21
900 96 55
89 25 31
387 155 121
233 570 144
711 970 179
31 374 144
664 434 114
280 588 144
650 95 26
352 500 142
465 340 36
331 743 171
516 87 124
916 350 37
882 187 29
635 12 31
388 134 121
288 723 171
644 774 171
743 520 96
245 355 144
140 125 16
64 260 128
354 419 134
270 713 171
405 706 171
800 734 29
820 735 29
436 316 116
854 88 55
451 670 145
803 488 21
563 838 171
611 90 39
961 206 50
912 705 37
830 558 135
817 404 42
822 893 179
606 523 44
580 444 119
529 362 31
448 379 23
46 701 145
788 883 179
552 900 179
387 590 142
427 354 54
795 949 179
507 37 36
93 108 119
665 418 52
821 922 179
167 481 144
355 995 179
438 124 54
485 934 179
313 318 131
18 932 179
166 710 171
609 157 132
746 70 21
423 996 179
296 172 25
560 570 106
677 802 171
572 653 145
926 341 130
173 744 171
90 92 93
567 528 62
813 879 179
197 51 27
334 125 69
187 214 120
371 500 142
569 795 171
142 116 104
640 343 13
264 438 144
591 199 57
203 940 179
632 514 39
258 129 123
572 805 171
684 347 127
226 139 14
541 496 44
973 422 99
635 227 31
726 159 47
953 357 29
473 646 142
340 447 134
884 112 117
662 604 26
543 826 171
340 217 12
345 175 126
331 597 142
295 268 56
758 14 60
861 520 104
293 651 145
877 833 55
991 280 99
636 954 179
599 296 119
742 108 47
571 938 179
541 977 179
802 585 21
801 84 60
610 493 39
441 497 142
764 940 179
305 736 171
607 874 179
524 165 31
350 252 82
531 752 171
705 340 34
987 166 37
626 303 132
592 80 26
408 548 142
132 485 144
920 562 37
54 932 179
428 529 142
820 495 29
582 544 119
769 124 34
640 188 13
439 644 142
395 989 179
681 321 65
487 99 142
753 19 21
99 464 144
11 696 145
180 506 144
67 143 122
426 99 15
979 473 50
967 854 143
749 798 153
273 548 144
87 517 144
160 913 179
901 878 55
198 554 144
4 933 179
952 36 37
499 108 49
155 50 86
907 862 55
4 335 144
785 326 122
798 429 122
634 764 171
561 116 44
15 382 144
898 186 117
98 101 26
330 409 126
314 350 144
635 880 179
915 317 130
776 586 122
987 766 37
627 931 179
617 893 179
570 630 132
410 753 171
516 367 124
834 396 135
777 429 34
614 848 171
301 27 17
787 63 60
764 630 47
509 101 49
417 398 134
983 776 143
541 545 137
827 321 42
566 519 62
500 795 171
547 135 31
854 909 179
304 63 25
843 687 42
535 433 23
811 808 135
870 835 29
816 597 29
697 985 179
383 325 46
452 466 129
362 717 171
38 344 144
862 188 42
982 603 143
89 361 144
621 880 179
294 942 179
629 925 179
709 136 34
943 163 37
997 871 50
467 164 85
501 812 171
488 516 142
333 235 113
951 291 29
634 694 145
881 340 117
294 495 144
855 214 55
445 383 72
324 476 144
752 739 109
874 952 174
466 812 171
682 169 13
684 814 171
978 500 50
15 536 144
770 465 34
108 347 144
392 73 28
412 741 171
588 624 132
837 58 42
440 794 171
621 282 88
372 115 20
419 372 41
535 597 137
765 884 179
698 568 34
68 801 171
336 675 145
491 434 142
133 458 144
530 950 179
691 524 127
148 293 128
350 630 142
423 336 33
969 141 50
256 44 9
767 340 60
937 26 174
261 654 145
221 53 115
205 958 179
984 288 50
722 541 47
998 827 50
128 206 125
729 879 179
171 170 125
799 228 73
564 521 18
661 222 114
617 884 179
224 268 128
293 383 144
36 512 144
564 554 18
863 609 42
896 769 24
661 199 114
377 969 179
174 10 32
888 504 73
674 255 114
482 58 23
930 824 37
45 397 144
281 943 179
210 13 40
748 856 153
367 855 171
760 135 109
743 282 96
402 974 179
172 639 144
959 414 130
423 900 179
756 485 109
91 662 145
72 781 171
604 924 179
321 1 25
943 1 37
13 953 179
808 505 29
359 760 171
895 526 99
159 118 55
91 637 144
627 561 132
974 615 143
866 938 179
422 749 171
410 621 142
401 864 171
787 833 135
834 5 135
357 459 134
411 128 134
632 369 39
129 570 144
447 342 98
459 375 129
11 606 144
166 902 179
868 990 179
927 491 117
239 733 171
706 700 127
563 1 44
833 458 29
462 349 129
808 18 29
498 170 49
539 570 137
140 129 16
471 19 129
393 586 142
543 281 137
534 755 171
744 708 21
551 401 44
486 22 98
721 789 153
141 191 125
648 635 26
984 326 50
695 462 127
631 143 39
64 192 125
321 521 144
539 555 137
493 143 49
423 931 179
686 35 127
95 309 128
709 781 153
803 645 21
785 546 122
88 523 144
158 926 179
603 736 171
549 493 93
987 297 37
841 531 42
52 50 12
957 513 55
655 590 145
873 449 148
483 429 23
89 558 144
338 577 142
221 798 171
695 140 127
15 6 18
283 783 171
870 524 29
16 237 128
885 418 117
300 354 144
755 725 65
237 351 144
293 711 171
159 243 128
24 165 122
722 642 47
570 112 106
261 411 144
903 791 117
148 956 179
90 917 179
440 782 171
18 959 179
376 807 171
512 902 179
979 675 50
378 266 108
977 567 99
162 670 145
834 135 135
