289384 930887 525
692778 636916 442
747794 238336 509
885387 760493 525
516650 641422 509
202363 490028 449
368691 520060 470
897764 513927 525
180541 383427 443
89173 455737 449
5212 595369 470
702568 956430 525
465783 21531 449
722863 665124 504
174068 703136 509
513930 979803 525
634023 723059 504
133070 898168 525
961394 18457 525
175012 478043 449
176230 377374 443
484422 544920 470
413785 898538 525
575199 594325 434
798316 664371 504
566414 803527 509
776092 268981 509
759957 241874 509
806863 999171 525
906997 497282 525
702306 420926 509
477085 336328 449
660337 126506 509
750847 621730 509
661314 925858 525
616125 353896 470
819583 100546 509
898815 233368 525
515435 990365 525
344044 313751 384
171088 426809 449
117277 947179 525
695789 393585 509
705404 502652 509
392755 612400 470
999933 95061 525
549677 993369 525
947740 210013 525
636227 698587 442
348095 297540 441
140796 480571 449
651435 960379 525
97468 66602 351
710098 612903 509
573318 570493 372
926653 260757 525
997302 560281 525
724287 209442 509
953866 429690 525
228445 346620 443
558441 744730 509
958032 108118 525
738098 905772 525
834482 890676 525
120710 698928 509
704568 777857 504
179498 872354 525
254587 276966 407
455307 964684 525
406220 28625 443
51529 332872 443
805733 48830 509
409504 530020 470
258271 363369 441
959709 486716 525
226341 518150 470
747797 700724 504
142619 2246 375
122847 493452 449
892922 243556 525
192380 597489 470
537765 888229 525
469842 792351 509
165194 441501 449
757035 87765 509
470125 324915 449
936988 275857 525
373744 346492 410
322228 148366 443
709860 281937 509
151433 452552 449
316438 899229 525
153276 975408 525
901475 276122 525
468859 794396 509
36030 661238 509
908236 573794 525
65819 894429 525
366144 231012 441
335929 639530 509
318777 322405 371
964444 255764 525
114614 854539 525
118607 436841 449
2905 344819 443
235129 670689 509
797370 67918 509
569918 466997 470
43325 987744 525
259471 512184 470
298491 295500 327
689773 206726 509
385645 755591 509
617506 268140 470
502955 469787 426
907670 338083 525
308543 388465 441
110198 939508 525
759356 228805 509
376349 278612 441
573623 127829 470
949300 887344 507
195747 35569 383
354341 755423 509
23312 613811 470
267606 321802 407
425662 473731 444
44879 811306 509
229321 178737 386
79445 248627 443
648523 503466 509
586709 473417 470
408283 213259 443
412925 167638 449
442063 305625 449
962601 532037 525
433453 911900 525
419380 145551 449
947469 290072 525
900974 487132 525
903882 684931 525
808934 845895 525
158661 370164 443
657200 387982 509
548900 252997 470
152960 713774 509
272814 739669 509
187191 681096 509
952927 116467 525
365085 911341 525
422091 327685 449
443377 855543 525
755937 379108 509
517446 219757 470
669180 418419 509
706888 89413 509
103349 32173 351
451660 262010 449
402337 625211 470
166343 467588 449
878207 319302 525
697714 667373 442
575322 401256 470
864820 44600 525
517722 229905 470
955940 939812 414
73941 915668 525
311706 346229 441
811128 829151 450
565985 996659 525
763921 789225 468
602423 867270 525
821397 54082 509
645631 740085 504
679293 811973 504
207673 73851 383
647626 905386 525
741223 739300 393
306641 606043 470
783899 340714 509
352299 256191 441
280525 942591 525
688210 108582 509
288820 499337 449
937733 371156 525
495995 218005 449
160380 614770 470
85274 981777 525
668851 247256 509
721861 348143 509
575580 445885 470
421994 223206 449
867622 679568 525
962505 690614 525
801962 262755 509
31327 154260 375
518945 828203 509
613203 723507 509
936785 902022 476
222843 390869 443
789529 235190 509
608873 949909 525
849959 210499 525
448037 518809 470
457754 686249 509
383304 33334 443
132134 321649 443
772891 999755 525
517568 251747 470
690369 319530 509
514501 238047 470
473789 549798 470
66250 86991 351
273304 3034 443
505364 12498 449
910254 294893 525
247687 519126 470
761153 613997 509
245976 209189 443
649158 703730 442
895437 32461 525
253415 543922 470
870461 26305 525
60029 388028 443
278051 266749 407
707557 308903 509
504795 697698 509
858700 571044 525
301040 132003 443
90429 806404 509
144501 682 375
617648 908539 525
36160 895152 525
522536 282135 470
104340 171693 383
502216 516128 470
720505 755630 424
60050 590965 470
298286 636430 509
495344 576336 470
903178 202901 525
885239 407972 525
416950 260290 449
495368 717989 509
392293 585796 470
40744 53145 340
102830 658391 509
961683 655341 525
553542 570 470
453827 174233 449
172262 956043 525
690361 409118 509
228024 266762 443
82 526310 470
903191 495426 525
618997 806368 509
214678 504235 449
730691 631627 504
764525 226058 509
349615 673169 509
328206 390359 441
726313 947387 525
565101 204347 470
602727 634995 509
204917 56553 383
325579 893530 525
528947 532291 346
302648 756971 509
799052 819081 450
799632 218594 509
830858 418628 509
541313 561887 452
439215 788356 509
193513 720091 509
14413 59480 340
909611 858970 445
966190 152275 525
806356 47642 509
356621 925434 525
198988 77889 383
498339 524567 470
487771 27285 449
56857 790418 509
300607 372261 441
125850 100238 354
107206 473060 449
35218 648519 509
34946 990784 525
436874 228459 449
710874 967638 525
804290 620484 509
826608 770479 468
772758 149315 509
334472 645730 509
591101 533460 452
723619 89439 509
58026 211389 383
633075 631234 385
518158 933682 525
3494 160359 383
550271 110700 470
633418 101840 509
275570 668364 509
92623 228795 386
413174 319848 449
196432 217463 386
456683 539391 470
504293 745792 509
205058 355116 443
391522 796158 509
888575 631492 525
401948 462952 449
359232 35022 443
610538 393741 470
485055 614031 470
554099 35326 470
241082 187517 443
653517 33003 509
372232 746140 509
261797 785405 509
582339 974581 525
519219 39022 470
513971 539863 439
784813 235380 509
894978 692686 525
31537 299905 443
324177 433484 449
279208 199760 443
984858 889745 507
593500 469912 470
20128 663951 509
505237 777561 509
367819 675106 509
810564 740050 468
421245 588712 470
41806 519935 470
563292 77376 470
558956 593615 434
133590 343769 443
828994 544919 509
552806 376883 470
844823 876983 432
326718 124031 443
593094 311575 470
530127 186594 470
781487 550254 509
850544 803075 525
327815 734714 509
478180 138378 449
474763 415776 444
727089 32920 509
935711 806733 525
110295 11018 354
400347 760236 509
871138 745692 525
305154 423944 449
122574 666329 509
300926 449292 449
306711 894019 525
277218 836837 509
596964 575056 434
387091 963859 525
378131 714905 509
698572 372662 509
369634 689686 509
304790 613074 470
722605 756852 424
419806 349251 449
767869 336504 509
109486 639007 509
82196 414640 449
62950 721121 509
80968 880227 525
686764 387678 509
290597 963982 525
740866 887561 525
539037 127956 470
367771 433519 449
359212 66343 443
322533 245197 407
272380 627322 509
858271 994985 507
384173 794428 509
344235 152041 443
647284 970073 525
307399 245831 407
901064 370348 525
966951 982031 458
250574 653715 509
886060 57523 525
134048 626925 509
945083 189436 525
271233 829205 509
622955 630444 509
411899 945487 525
875641 684279 525
89160 250263 443
679263 989684 525
561042 539849 452
141724 208325 383
26273 449123 449
454155 927336 525
335822 937458 525
909366 102748 525
591172 311777 470
160270 725219 509
938702 621704 525
914654 209934 525
450908 53960 449
356729 862807 525
515798 748721 509
547085 121309 470
515335 742699 509
110992 76377 354
798899 252716 509
801053 825172 450
218190 771560 509
752507 554011 509
709017 178225 509
173110 816540 509
490001 333379 449
58110 945054 525
955082 489115 525
671339 405990 509
59427 28068 340
785148 575224 509
776788 332232 509
696533 292123 509
591282 323876 470
884851 390180 525
576591 202255 470
215351 311132 443
973814 967858 458
381495 199182 443
146082 554604 470
15721 152434 375
887983 590182 525
97488 359416 443
79297 768826 509
765405 138723 509
796893 550552 509
230298 90033 386
399135 443182 449
898507 990416 507
767058 299709 509
380596 860000 525
501963 112298 449
687484 475777 509
80155 68978 351
191310 742588 509
139933 723383 509
895022 544267 525
313564 508861 449
903683 909212 445
277686 669087 509
564286 590931 434
735991 794584 468
197315 651477 509
754117 95821 509
641893 37526 509
395529 538840 470
897526 897491 326
651137 101361 509
889619 247644 525
170338 80929 383
506583 826622 509
804311 917956 525
370889 634226 509
426816 274571 449
543438 220854 470
460009 107723 449
811784 712351 468
418658 9098 449
363828 689127 509
621270 522072 452
726652 533150 509
60911 140529 354
430640 228399 449
241889 836611 509
992394 928578 507
433891 498977 444
755200 754553 318
416932 126088 449
388778 360100 423
400658 448567 449
580953 377018 470
72642 392736 443
89369 491299 449
918185 453196 525
696777 55806 509
975267 423429 525
588955 552529 434
80309 19594 351
297279 322198 384
372556 289673 441
250775 806446 509
305001 522326 470
560998 238284 470
648413 466128 509
598383 565422 434
914694 179335 525
942440 987335 458
88422 548160 470
994986 522958 525
1355 691762 509
578763 492973 470
631542 167717 509
561853 711851 509
703663 375483 509
550400 76218 470
665155 801174 504
399016 486507 449
839852 476365 525
724791 488264 509
942492 323173 525
570038 373538 470
18860 28829 308
360872 107281 443
576988 355857 470
146591 578342 470
563971 725353 509
587666 195512 470
893070 149518 525
907362 113084 525
41352 974113 525
189301 706507 509
291639 104668 443
709365 131490 509
581033 434155 470
136105 39876 354
273680 706142 509
413413 292539 449
734970 290637 509
916171 311957 525
162845 62761 383
406650 726815 509
304466 994315 525
922327 713887 525
660184 346040 509
826970 701536 504
320153 532622 470
924394 611791 525
637290 150110 509
259632 734674 509
584265 395736 470
774549 374296 509
101878 704314 509
666834 353199 509
994950 99356 525
665156 157794 509
678469 588157 509
400961 982934 525
98824 323287 443
213172 275359 443
185678 40141 383
493246 22182 449
572762 933991 525
150324 210051 383
84101 409955 443
461076 668365 509
322043 235625 407
42660 423920 449
456290 225845 449
293470 451239 449
841552 474977 525
125384 520020 470
63134 526344 470
19305 161957 383
365982 232476 441
953667 68012 525
788968 446913 509
90193 361730 443
380903 756869 509
88132 465003 449
683175 549208 509
649719 5217 509
301184 692378 509
945488 757473 525
434574 238958 449
725063 276126 509
713934 366798 509
312497 293419 384
893142 848154 445
971727 775475 525
596981 925394 525
843486 385949 525
372306 450031 449
264030 269560 345
206899 352161 443
734563 406425 509
417720 384281 449
411642 718903 509
593011 873481 525
992727 27584 525
628790 234141 509
303709 342724 384
600939 132558 470
152494 10432 375
980711 124221 525
785906 577691 509
49614 629392 509
963639 938271 507
79422 227668 386
207830 802672 509
96181 458744 449
209096 513900 470
843025 137089 525
749155 952387 525
10570 258233 443
979970 155711 525
492374 800031 509
498434 609664 470
932588 167280 525
620095 429650 470
291500 922352 525
7340 857465 525
551743 487331 470
312087 147516 443
231350 519916 470
950187 843882 507
495012 675635 509
874134 854388 432
812723 623288 509
806774 339644 509
881520 786743 525
495355 890245 525
103125 510140 449
16260 552064 470
677419 636354 442
981713 485270 525
558706 505405 470
342734 626800 509
992735 654820 525
774316 740436 468
691088 240854 509
100670 702451 509
916488 974803 507
556838 245563 470
598090 363611 470
585206 995961 525
666705 596912 509
402558 769830 509
623404 418817 470
321893 300822 384
571523 303606 470
302444 646580 509
325362 161529 443
273379 834448 509
332701 564046 470
574883 23788 470
804900 675552 504
242590 721387 509
650354 799427 504
966949 764795 525
163037 68507 383
277108 346093 441
665418 679665 398
115922 288821 443
98481 954167 525
105995 186355 383
774124 408438 509
832934 99485 509
86318 106313 354
933932 419018 525
186710 25166 383
959157 991609 458
217070 201746 386
712996 867423 525
1172 196296 383
148570 680560 509
264802 425677 449
26653 446572 449
105341 658926 509
251744 720173 509
613092 874090 525
906528 903567 445
798879 255813 509
3051 885197 525
362125 453334 449
304214 65187 443
478500 263371 449
56795 695569 509
465116 286142 449
79343 982640 525
482438 744264 509
663199 263591 509
169940 206203 365
226514 791632 509
865129 478258 525
511805 994572 525
352347 934684 525
898139 151226 525
190496 417541 449
36422 68973 340
387227 340635 441
134159 865726 525
120357 190953 383
77646 585473 470
993447 673340 525
568112 475884 470
417604 747662 509
255826 587543 470
470217 482340 413
379175 335345 441
960597 407331 525
846268 829295 525
342014 260758 407
980520 48861 525
194651 533293 470
117833 581877 470
390280 251991 441
963954 510636 525
959296 41599 525
96108 952742 525
714938 180571 509
944977 132541 525
444585 200802 449
720084 914801 525
199493 615610 470
766497 676441 504
22940 612764 470
505736 881305 525
389874 2607 443
930165 584524 525
52252 564350 470
682752 442531 509
816340 646705 504
953166 291987 525
688303 565626 509
761080 919592 525
262548 222408 443
568485 707132 509
939562 804920 525
621932 139054 470
420529 388428 449
815495 959820 525
517544 837582 509
841124 423769 525
840188 287640 525
524644 892439 525
851989 207395 525
851321 184681 525
854099 804487 525
993019 58753 525
886464 754099 525
494696 149011 449
976506 63180 525
856143 916067 476
868099 994426 507
571473 804979 509
382854 386967 348
764798 416749 509
224548 122273 386
840517 581087 525
409913 365160 436
989878 261901 525
572554 841198 525
962933 943004 414
162036 955952 525
518108 48499 470
710050 529155 509
713862 202907 509
592335 570004 434
635326 976785 525
564429 206798 470
781764 463634 509
110116 546561 470
880382 851015 432
185186 720898 509
432101 595098 470
602409 938330 525
373350 691314 509
295880 852635 525
634317 457915 509
808586 668776 504
22766 34987 311
197931 736627 509
237893 306617 407
306630 389570 441
799753 387410 509
596367 581516 434
367396 222834 443
644429 247777 509
73848 829614 509
485027 22301 449
941063 603787 525
960630 830764 525
295101 256509 407
683398 929417 525
230776 491983 449
114545 253541 443
43321 828827 509
506519 797566 509
651795 329500 509
187135 451547 449
716909 299854 509
33063 84304 351
522687 193843 470
848433 596535 525
539808 849811 525
618835 480870 470
453597 95816 449
827985 748697 468
352325 511383 449
194466 99452 383
519717 825362 509
869344 563038 525
654188 375862 509
360603 305982 441
705361 64089 509
273880 938621 525
363942 823294 509
22925 886629 525
17136 387709 443
483163 556943 470
753871 101997 509
554164 207467 470
197812 898501 525
472516 66488 449
926235 183333 525
682291 445951 509
8694 551634 470
525340 662881 509
927495 402294 525
485214 632855 509
466383 275445 449
571476 830324 509
98739 110752 354
716952 115874 509
14812 716466 509
189169 768682 509
334814 259684 407
492500 48978 449
674536 965015 525
115465 600770 470
148347 314108 443
563073 673392 509
865741 88412 525
852624 309588 525
7058 337837 443
458794 473440 444
613282 546621 452
820115 228372 509
657372 53419 509
860597 188535 525
769884 49765 509
473568 104698 449
825801 966068 525
153675 500336 449
447434 785491 509
617458 112133 470
615950 180530 470
785524 481691 509
785293 638148 504
307630 792350 509
492336 766423 509
782141 621969 509
313044 602256 470
850340 486767 525
172026 710937 509
191654 458261 449
277053 665221 509
562958 619205 447
631288 232984 509
119541 78722 354
534827 736998 509
707206 667128 504
433879 492729 444
665170 219171 509
647228 972799 525
11521 139564 354
739222 793661 468
277884 568617 470
912268 128224 525
55383 84293 351
355512 247036 441
542554 632564 509
428609 621863 470
251769 59896 443
371199 887661 525
654969 422377 509
141010 362174 443
89504 574888 470
371255 754674 509
794058 18482 509
243824 321930 407
674397 983045 525
631943 952281 525
68013 544210 470
596856 639748 509
144855 952367 525
403135 203760 443
101282 831743 509
341974 869402 525
891639 713172 525
273414 62959 443
651900 414423 509
941485 257756 525
505662 829091 509
528781 816072 509
363924 772604 509
138001 38321 354
272001 769943 509
506953 340013 449
830505 103808 509
979760 975359 383
572526 382895 470
179118 190159 365
214637 521091 470
59561 622627 470
750615 332974 509
201938 918866 525
263749 143422 443
176621 769410 509
488864 705401 509
101833 852787 525
478005 239834 449
407459 266357 441
526128 914411 525
606369 356632 470
534570 586129 452
848342 623447 525
485375 27459 449
813606 700011 504
64902 873166 525
838990 331868 525
722491 40927 509
250733 986239 525
700700 943706 525
272001 189563 443
165458 373833 443
42349 643462 509
130018 449808 449
426170 172498 449
880570 32539 525
529129 415140 470
135019 377471 443
38586 620393 470
921281 368543 525
836755 502534 509
241708 675744 509
834401 480551 509
233022 601486 470
466789 933721 525
545191 255141 470
639635 710648 504
145326 681984 509
870462 791695 525
648143 296631 509
964192 45064 525
845521 493321 525
976555 980539 383
387143 531493 470
600931 308423 470
900035 437686 525
327309 658095 509
629781 161709 509
138645 862803 525
279546 121785 443
796523 341088 509
376926 436158 449
51736 38603 314
634493 438549 509
830297 798987 450
251531 310841 407
844050 97052 525
320513 336957 384
77590 707655 509
868449 194873 525
532429 768483 509
632558 376089 509
426577 262338 449
537798 565221 452
125140 333695 443
687006 438015 509
674783 580283 509
390524 242870 441
135237 25016 354
681418 481885 509
340354 449300 449
792725 700755 504
546351 113237 470
37711 140293 354
337243 906159 525
335165 386024 441
674642 967722 525
762112 617570 509
746411 816261 468
182791 387903 443
149956 386148 443
825917 341090 509
482782 216440 449
583959 618018 447
757807 265376 509
99902 614512 470
714675 408979 509
315266 777378 509
38567 352977 443
917670 892162 476
259135 252834 363
