509707 749615 509
152417 164523 383
12012 386316 443
435191 216178 449
879606 60583 525
505698 359581 449
633771 727646 504
758388 596382 509
791589 525036 509
178907 316018 443
26024 566820 470
943493 185321 525
126856 570825 470
985046 336604 525
298279 969569 525
719551 612411 509
74932 424065 449
587370 671171 509
443503 165260 449
995489 880096 507
907873 977153 507
295495 9740 443
832227 801389 450
149381 727530 509
750083 325464 509
2040 791825 509
190267 484810 449
768553 804785 468
488385 391396 449
365145 993264 525
766419 628140 504
446612 389908 449
373150 196938 443
244673 67304 443
134000 810592 509
312625 314302 340
280654 826599 509
632892 392945 509
150720 52673 375
411733 439887 418
933935 681160 525
255739 452209 449
607876 591813 403
749221 909039 525
816364 719429 468
356164 849900 525
671471 744022 504
13164 823441 509
180667 338870 443
969870 779681 525
100793 229478 386
879815 208973 525
739001 777297 468
664569 310428 509
759150 838967 525
175541 937207 525
864537 508087 525
765149 867414 525
679421 311492 509
694186 839516 525
790424 44881 509
355171 228835 443
55440 797702 509
696425 907346 525
301523 781383 509
610528 968169 525
912802 16590 525
615836 324801 470
631810 77320 509
751969 286388 509
759442 131215 509
35990 385342 443
523097 593120 452
148685 606918 470
437473 456790 400
221357 28950 386
534169 811597 509
49030 121763 354
324050 757103 509
492537 688525 509
955571 975359 458
365228 242276 441
222670 94393 386
670017 371270 509
656670 572754 509
663767 287619 509
163308 801379 509
80660 505051 449
471479 428497 444
205852 285949 443
288115 647306 509
379915 591066 470
180217 508996 449
492254 516980 470
421128 802988 509
395070 911083 525
861101 349620 525
939018 37375 525
257519 516580 470
560490 488833 470
489461 851138 525
555086 412170 470
567770 762487 509
782410 378316 509
125226 732633 509
176012 202750 365
593633 119692 470
787413 907133 525
951471 535634 525
57723 752259 509
514500 20212 470
35498 227850 386
582020 856433 525
405600 229578 443
203610 635572 509
2779 551791 470
430374 344801 449
995989 418780 525
397229 564039 470
411935 445014 418
689051 494895 509
383325 804074 509
646500 390193 509
220558 48224 386
561353 618098 447
570297 627816 509
879182 837328 525
376096 268741 441
407415 65073 443
581103 239578 470
907960 54555 525
343719 395947 441
150078 164805 383
878023 570790 525
6848 812669 509
251424 317998 407
892701 941727 507
993034 683072 525
113679 923846 525
785516 220865 509
859131 81492 525
77953 911295 525
134801 809273 509
699535 432491 509
381230 279454 441
33122 482623 449
15792 114060 354
402358 549072 470
966227 469721 525
622887 126572 470
539222 123833 470
323273 870408 525
242043 359313 441
64439 342471 443
18293 725622 509
508715 547587 470
79341 179354 383
88271 701324 509
218889 903387 525
744800 900427 525
981864 488226 525
305157 482753 449
236306 228124 443
562969 315033 470
427869 707207 509
983061 513866 525
135460 112560 349
908470 765772 525
289197 241235 407
711851 963099 525
437233 505105 444
921203 170754 525
334380 60807 443
398072 671595 509
899055 16348 525
675816 826461 504
197283 257395 443
373636 386988 423
785550 246040 509
6250 459372 449
522846 317643 470
823151 761413 468
883885 136387 525
614050 321851 470
282099 151925 443
376157 338535 441
923872 798898 525
921307 152501 525
582251 88040 470
130578 919508 525
948680 179381 525
860960 505538 525
808715 312818 509
237243 640907 509
604935 829457 509
68437 998729 525
128934 299056 443
857238 243003 525
948221 311763 525
43165 577396 470
593648 846918 525
134734 743405 509
429174 381376 449
805225 204106 509
274471 446613 449
578102 538063 452
211164 542026 470
124641 1994 354
937204 898310 476
245141 906564 525
830156 340900 509
849163 142736 525
158776 530488 470
732018 494896 509
75657 828204 509
985038 443213 525
206330 846056 525
783524 526034 509
933594 569978 525
480891 591487 470
459664 167258 449
646684 936839 525
906980 1940 525
266846 408586 441
541253 259078 470
709503 275066 509
623837 697840 509
886843 34084 525
510944 296805 449
507808 94982 449
228714 531662 470
949062 151337 525
646449 587359 509
186702 896013 525
441904 195359 449
263196 859221 525
813410 164291 509
311166 519422 470
789458 851384 525
896183 725047 525
605652 333791 470
99993 613715 470
721091 868294 525
251814 619101 470
660584 865474 525
48301 907005 525
182914 511634 449
299420 791078 509
127245 664147 509
249213 680237 509
305555 87396 443
244271 325678 407
949485 349199 525
87708 892596 525
367145 988879 525
53284 775397 509
538931 906048 525
832309 910313 525
658039 134852 509
442196 307229 449
306567 287390 389
792539 664059 504
999145 182213 525
95066 413639 449
862502 178294 525
815103 798761 406
874910 167095 525
185153 854946 525
630042 935382 525
134677 436615 449
191149 197711 360
381376 426351 449
51013 868162 525
965165 698708 525
888758 428264 525
672024 170099 509
147298 641993 509
446714 528214 470
623068 864693 525
989878 52029 525
331210 398980 441
704545 561411 509
152014 365465 443
978786 545491 525
808828 252595 509
802207 627132 504
287268 427061 449
238550 307041 407
770959 943122 525
595404 636626 509
298158 380058 441
714924 709679 411
585692 5034 470
595807 521319 452
965990 746453 525
931603 342358 525
1954 561492 470
761681 713776 424
736163 781681 468
588480 21707 470
312120 49605 443
419259 854691 525
384039 922237 525
48314 956083 525
245032 268693 407
591920 641389 509
878883 405743 525
585419 114346 470
147615 403566 443
83155 348032 443
948705 389201 525
175526 550960 470
390684 981415 525
229378 479495 449
543359 737178 509
831254 464129 509
132859 692723 509
45327 14494 324
255468 956906 525
889675 156612 525
141044 38435 354
360752 850774 525
159391 278385 443
579088 513150 452
431030 344678 449
285541 595718 470
668993 967787 525
371547 599745 470
104159 569596 470
209158 387296 443
570685 33821 470
470765 137405 449
75475 321505 443
340513 856332 525
128462 454544 449
89670 532842 470
812189 710006 468
402581 174129 443
690967 843415 525
600838 607124 403
251351 393747 441
873606 606283 525
702914 423311 509
328861 577994 470
648383 577797 509
684132 81233 509
333968 563454 470
66520 826828 509
820976 201463 509
722755 135899 509
730644 38507 509
512319 277655 470
795530 871890 525
801846 988782 525
453908 85799 449
891007 443932 525
318501 2414 443
903484 610565 525
734310 397149 509
38933 248065 443
379232 940099 525
850647 292603 525
509355 164472 449
134967 369198 443
973798 141138 525
55714 574138 470
751241 433376 509
196238 216372 386
101304 824504 509
329802 671472 509
657741 587513 509
134676 688587 509
429160 72222 449
185413 606813 470
379626 508953 449
89306 277605 443
729495 399644 509
790920 688098 504
863912 374280 525
338524 800044 509
992871 15965 525
297170 612615 470
6273 49020 324
391699 524918 470
604205 614470 403
914603 888794 476
354520 464539 449
369380 60461 443
796978 448718 509
708769 26299 509
972842 334671 525
638902 733656 504
343836 90628 443
549389 37290 470
121512 47191 354
686491 117750 509
520760 698013 509
432178 63982 449
36047 775882 509
54685 480323 449
929236 22300 525
268067 569652 470
548631 655509 509
936629 624527 525
38334 853571 525
759417 552737 509
108171 382823 443
511433 754461 509
693561 647398 442
644076 437496 509
237781 280056 407
704137 188454 509
676673 254460 509
511212 781317 509
780848 824258 468
745599 548138 509
573616 343655 470
397369 31658 443
380536 121037 443
252535 864716 525
111961 864501 525
138468 366593 443
583344 195837 470
943800 429720 525
77209 837893 525
666970 241882 509
294545 85637 443
829552 913193 525
404507 350696 436
322960 108914 443
309163 275279 389
370369 795136 509
203265 355219 443
98114 623505 470
725683 5848 509
747749 179833 509
448884 918559 525
369581 649679 509
620531 246778 470
360886 730467 509
242606 142794 443
109622 715334 509
452507 277416 449
708890 705241 349
384495 809002 509
364105 583287 470
114743 297834 443
561391 31451 470
666786 2182 509
757388 569668 509
724620 210087 509
567356 799639 509
534533 83718 470
332614 260844 407
540360 760942 509
831334 602447 509
413355 170946 449
66945 503342 449
94650 462113 449
755008 238678 509
538943 456105 470
219327 702670 509
425803 759648 509
850372 17595 525
100433 32501 351
242898 206042 443
532383 134078 470
668086 708753 504
550745 483976 470
462837 583300 470
560913 216126 470
247335 130292 443
342275 752559 509
327272 43427 443
116354 22374 354
232985 284203 407
738488 263440 509
224124 130519 386
423117 171668 449
659257 198057 509
941767 882861 507
766901 259398 509
864490 155542 525
206277 971809 525
842787 538069 525
796080 986509 525
464726 388568 449
91866 797062 509
235250 794090 509
892187 314772 525
742767 411025 509
257119 701581 509
910904 480242 525
997773 135871 525
942529 869590 507
203684 5795 383
71365 368358 443
132899 725022 509
1240 437305 449
338241 892992 525
186770 888811 525
256229 97563 443
746383 652686 504
190202 378260 443
181898 104097 383
944156 410705 525
707310 977213 525
186495 204879 360
107705 233716 443
639758 886863 525
553753 448060 470
901407 528072 525
174273 592733 470
459363 498974 444
815981 468346 509
16660 20212 279
799807 544540 509
213859 739826 509
437050 586440 470
722406 530545 509
177334 51942 383
124225 1004 354
474239 703165 509
63907 992686 525
955441 299867 525
624281 887747 525
891161 767670 525
996352 265583 525
890766 86005 525
510446 335119 449
926001 547733 525
8420 765424 509
315191 847834 525
517039 541281 439
97184 637609 509
287195 300398 389
198749 498038 449
281793 319440 389
267550 800039 509
553412 876845 525
173273 698145 509
668689 409231 509
87736 150674 375
331100 152423 443
61695 254699 443
833672 63726 509
300157 639889 509
991481 745731 525
143628 942302 525
235987 411971 449
26670 503776 449
328186 898568 525
889648 647422 525
652476 624047 509
329106 23652 443
294368 803662 509
39549 140445 354
572710 972891 525
516701 58016 470
793515 283289 509
809677 633606 504
101412 996891 525
407152 497168 449
805682 889196 525
755570 96400 509
925788 694003 525
245245 953265 525
619028 210681 470
691866 302355 509
450658 910190 525
108319 345382 443
711878 960479 525
36948 622971 470
64261 702063 509
407758 737949 509
779119 191361 509
101922 642271 509
525076 670392 509
559584 524031 452
377233 181627 443
628973 99402 509
465010 167210 449
790426 884032 525
843425 469203 525
71692 310231 443
674299 334986 509
322529 377304 441
13490 755961 509
690552 536535 509
247239 481101 449
962800 42813 525
486302 80196 449
246199 475055 449
355608 247891 441
900901 107227 525
724862 258215 509
677360 591831 509
433969 273626 449
616447 397026 470
299855 267425 407
861607 39372 525
426233 64085 449
970165 180218 525
25060 610013 470
49765 26780 324
707917 527736 509
821063 477816 509
676722 787057 504
584112 880474 525
891710 919003 476
3837 621489 470
667324 271895 509
485681 436842 444
880820 631799 525
592077 501900 470
738806 976622 525
646907 172514 509
57578 638655 509
570390 549849 421
827044 426586 509
185044 626082 470
824110 992708 525
521775 275281 470
884285 727324 525
479863 738011 509
200574 454656 449
391169 729147 509
56176 259712 443
224790 15198 386
907501 488423 525
471118 586027 470
714862 593355 509
409446 694727 509
881768 858864 432
727110 397278 509
148955 64942 375
79626 748558 509
341594 870878 525
897637 589902 525
840481 289017 525
445979 506801 444
254043 936869 525
185443 932686 525
550952 243246 470
231256 430136 449
220288 222122 355
345146 447513 449
14868 449558 449
827212 491171 509
32001 12523 308
244018 576597 470
779932 265597 509
741190 426799 509
557830 498239 470
181006 447209 449
74998 681948 509
950125 520402 525
258458 248289 363
394464 440966 449
417577 79625 449
910210 69822 525
84188 898910 525
502431 548087 470
482740 590608 470
956477 177008 525
997698 901110 507
913647 856505 476
695537 501022 509
446397 742686 509
77821 496189 449
885894 346724 525
668853 78566 509
219888 328493 443
814792 900693 525
511741 979562 525
339387 664208 509
642675 22302 509
714372 318516 509
588064 966954 525
78118 886221 525
839870 977965 507
844885 364116 525
836792 37885 509
432878 271774 449
584454 694995 509
704125 7108 509
405291 93541 443
538779 266760 470
60342 802316 509
13769 68017 340
260861 992517 525
376149 136868 443
24911 497575 449
849117 816624 525
310504 761508 509
656345 983253 525
272201 437960 449
74206 261178 443
803546 764174 468
530393 151208 470
534665 419714 470
819992 844403 525
266239 650023 509
532622 335866 470
339983 470965 449
574851 979056 525
769691 509417 509
817109 327387 509
407808 602574 470
658719 516075 509
975504 544401 525
485028 69886 449
699903 429387 509
65900 237143 443
568281 975258 525
639389 57060 509
484510 237695 449
2915 456773 449
901900 112931 525
903171 985728 507
347861 939891 525
530650 775162 509
884315 925298 476
635963 481818 509
81777 390647 443
259525 264892 407
726559 373447 509
643004 113347 509
69700 326354 443
888128 62427 525
444582 320930 449
712679 257015 509
93707 52235 351
521161 716842 509
222734 550711 470
542926 967688 525
581912 671416 509
96812 200429 383
518930 695290 509
746740 591081 509
868831 656385 525
58692 341276 443
61818 903471 525
572748 841721 525
591016 889189 525
128423 357979 443
846237 945013 507
611985 123945 470
573837 144056 470
809225 405317 509
874931 216692 525
759765 88664 509
4295 893163 525
254655 806832 509
558106 323986 470
519323 369716 470
898771 451015 525
552833 889783 525
85591 509654 449
300238 154053 443
471761 719675 509
719325 612837 509
469309 907696 525
342132 376090 441
467150 703257 509
329923 476517 449
180778 931758 525
84293 678464 509
696342 892920 525
581737 770768 509
531728 290513 470
582732 907870 525
222388 262442 443
321645 872433 525
853267 683104 525
206368 335881 443
888917 482064 525
601437 948035 525
262497 911400 525
513513 172502 470
233295 338155 407
493470 226934 449
84142 776835 509
979341 633425 525
849348 214551 525
145377 430836 449
161635 765781 509
492372 515058 470
388918 354692 423
330243 449131 449
573810 374585 470
178940 522333 470
450938 811737 509
306266 308521 371
927339 818920 525
761171 122106 509
444048 472576 444
176611 699257 509
509719 514320 470
722747 93844 509
319607 569011 470
734224 711373 411
389195 350459 436
137206 468586 449
718937 568239 509
233406 542607 470
863788 130780 525
689024 80190 509
173073 744613 509
716249 387355 509
49676 5357 324
522963 450631 470
404726 699925 509
194733 183670 360
837178 968837 525
693533 620628 509
478788 400148 449
306575 389040 441
51839 818159 509
150553 917783 525
527807 977597 525
175988 771969 509
651898 411455 509
445224 21380 449
188015 938999 525
912181 807912 525
171318 146796 383
847429 189215 525
400849 192239 443
306872 361224 441
931411 422688 525
527868 938766 525
968247 767397 525
289454 368489 441
944013 913629 507
583071 765068 509
626764 339046 509
167156 593978 470
44425 245934 443
899942 810212 525
723096 139122 509
834316 733210 468
575779 612349 434
980455 306337 525
700923 179297 509
953159 783214 525
939423 324807 525
420784 384370 449
534418 475367 470
210845 744796 509
981539 932278 507
802445 686771 504
911883 714492 525
434528 838190 525
237681 16032 443
804625 297261 509
6858 826905 509
301284 239536 407
971279 711357 525
41927 848452 525
28637 91013 351
217247 780777 509
794204 334819 509
961885 294501 525
860711 391811 525
79401 540761 470
757535 657457 504
525341 490407 470
275498 41656 443
255431 184681 443
986427 874531 507
264741 866179 525
441069 337512 449
220598 882525 525
979220 201444 525
284598 140033 443
891169 726499 525
712693 475408 509
310746 36651 443
477186 911892 525
290086 577199 470
917259 227466 525
457333 831391 509
788933 258446 509
820834 939990 525
670370 344225 509
356956 910327 525
24895 414614 449
300959 470861 449
795178 402593 509
79353 843239 525
778423 101321 509
564482 103491 470
853450 622373 525
103950 158024 383
200077 316540 443
819797 984509 525
835630 957987 525
756321 415102 509
732471 698915 504
507376 891123 525
353420 774587 509
716767 968562 525
782769 702897 504
708694 511490 509
577659 815475 509
255226 160993 443
957634 823327 525
586087 611702 403
61604 749824 509
198006 868941 525
198938 756220 509
543357 657986 509
56732 996408 525
505623 795864 509
538760 495476 470
197503 154357 383
834721 324680 509
433949 382325 449
493769 640406 509
519588 897238 525
215221 464237 449
414507 526506 470
663904 330963 509
382456 250962 441
438602 580546 470
130106 368412 443
52245 838024 525
420329 676104 509
53611 29477 340
746740 333229 509
967793 555663 525
33988 149911 375
167622 339351 443
726604 523130 509
40433 976655 525
618747 373963 470
709711 210759 509
157847 258194 443
467858 724180 509
598868 220357 470
732371 444981 509
571602 100344 470
169883 275771 443
532315 779247 509
211709 32087 383
712942 226744 509
604444 664795 509
848450 425575 525
373707 266607 441
863608 531210 525
110098 215238 383
207259 538524 470
845129 284392 525
225903 630637 509
808349 64424 509
758463 924809 525
547703 749402 509
183403 449789 449
719631 745213 424
931738 928171 383
533554 511436 470
908114 77466 525
293191 860177 525
30442 787803 509
288207 87702 443
431249 807407 509
12404 917496 525
877882 826720 525
235519 50965 443
529373 127174 470
5115 434869 449
169542 673188 509
360938 98735 443
498394 552063 470
505895 513535 470
993577 730913 525
484824 357602 449
273159 223963 443
879736 213745 525
751520 430416 509
266614 670060 509
635581 945650 525
572201 466508 470
159381 746981 509
429423 111677 449
488413 432100 444
170906 772585 509
575460 55305 470
467044 90425 449
492378 39121 449
148870 368823 443
486681 778113 509
685946 490796 509
848929 963369 507
521213 78576 470
826719 616861 509
637245 251859 509
996039 565985 525
102800 143517 375