1 1 1
1000000 1000000 153
325 472 144
252 912 179
448 569 142
586 792 171
249 944 179
508 841 171
145 647 144
27 375 144
370 781 171
65 387 144
740 840 153
746 895 179
553 879 179
129 207 125
258 650 145
337 587 142
43 469 144
434 946 179
449 832 171
6 727 171
91 957 179
596 691 145
230 396 144
532 767 171
78 149 122
355 505 142
234 264 128
103 454 144
22 894 179
182 568 144
484 875 179
350 804 171
774 926 179
514 673 145
102 757 171
784 954 179
755 819 153
67 930 179
371 842 171
414 878 179
60 729 171
322 647 144
115 444 144
510 946 179
347 910 179
629 783 171
882 925 148
51 58 113
436 827 171
361 600 142
684 836 171
306 656 145
391 986 179
272 530 144
286 682 145
374 680 145
251 486 144
113 911 179
216 683 145
103 227 125
313 326 131
410 697 145
225 803 171
51 784 171
715 839 153
254 864 171
96 511 144
433 979 179
653 885 179
547 776 171
192 500 144
360 784 171
367 785 171
435 966 179
683 809 171
96 913 179
514 750 171
763 976 179
476 570 142
421 713 171
718 791 153
53 198 125
492 614 137
484 924 179
520 744 171
359 378 108
433 696 145
738 895 179
875 929 148
982 993 143
251 650 145
402 966 179
438 644 142
629 721 171
436 695 145
49 181 125
108 275 128
327 881 179
449 463 129
422 607 142
95 293 128
105 987 179
406 920 179
124 864 171
578 969 179
11 317 131
507 521 124
371 744 171
193 206 120
770 942 179
543 903 179
406 723 171
237 557 144
293 733 171
301 698 145
617 668 145
141 480 144
579 898 179
374 735 171
565 889 179
312 838 171
139 783 171
712 963 179
127 935 179
271 821 171
892 904 117
590 728 171
60 356 144
21 447 144
53 935 179
22 483 144
62 498 144
336 797 171
31 395 144
158 630 144
403 774 171
822 887 179
182 404 144
964 971 143
186 316 131
579 889 179
786 792 78
350 700 145
64 316 131
13 400 144
35 962 179
725 921 179
451 681 145
67 224 125
75 458 144
53 511 144
222 485 144
77 523 144
185 747 171
184 675 145
791 982 179
588 969 179
76 972 179
129 706 171
6 918 179
773 801 153
627 916 179
557 586 119
366 980 179
393 684 145
444 737 171
54 334 144
338 381 126
342 991 179
257 576 144
548 569 137
110 587 144
205 658 145
638 666 145
469 723 171
33 431 144
302 657 145
10 388 144
189 404 144
33 378 144
55 438 144
182 708 171
93 216 125
422 788 171
215 425 144
271 715 171
547 939 179
365 551 142
259 897 179
353 936 179
102 597 144
77 643 144
286 489 144
122 563 144
435 923 179
302 689 145
122 874 179
375 710 171
408 670 145
629 953 179
51 690 145
249 627 144
113 917 179
553 893 179
11 391 144
159 811 171
395 718 171
213 872 179
480 984 179
9 419 144
539 795 171
78 574 144
140 892 179
119 646 144
186 999 179
558 755 171
946 987 143
143 252 128
394 809 171
306 643 144
244 805 171
256 862 171
26 363 144
426 939 179
421 723 171
55 873 179
247 337 144
526 693 145
810 976 179
169 953 179
514 649 145
13 496 144
112 234 128
106 419 144
230 579 144
157 381 144
147 952 179
549 550 93
85 120 119
14 189 125
21 754 171
342 496 142
381 489 142
132 865 171
161 688 145
169 667 145
10 365 144
607 738 171
136 987 179
224 234 128
255 701 145
38 64 113
137 845 171
44 108 119
481 946 179
79 332 144
875 932 148
521 856 171
94 640 144
149 436 144
340 354 126
476 895 179
117 422 144
116 377 144
681 814 171
469 622 142
2 292 128
304 688 145
65 298 128
256 967 179
387 769 171
624 953 179
80 734 171
503 821 171
669 708 171
450 836 171
157 492 144
557 859 171
554 831 171
417 512 142
481 910 179
136 670 145
335 873 179
256 984 179
646 916 179
381 827 171
26 41 112
337 344 126
94 255 128
199 839 171
950 952 37
670 961 179
201 655 145
514 584 137
187 275 128
141 392 144
652 814 171
31 94 116
342 801 171
170 892 179
41 209 125
178 398 144
726 768 153
742 801 153
251 400 144
81 382 144
261 681 145
475 543 142
568 767 171
135 489 144
198 583 144
192 882 179
141 829 171
616 654 145
241 369 144
245 766 171
697 906 179
10 868 171
338 503 142
60 806 171
174 785 171
343 610 142
36 201 125
465 770 171
360 412 134
417 427 134
252 915 179
423 830 171
2 218 125
48 507 144
186 291 128
286 537 144
678 745 171
93 805 171
15 544 144
131 228 125
338 469 134
147 499 144
35 386 144
362 914 179
614 648 132
798 950 179
142 294 128
37 262 128
95 293 128
220 659 145
245 385 144
182 678 145
250 394 144
132 655 145
344 385 126
200 461 144
328 622 142
802 828 135
343 799 171
271 636 144
363 969 179
388 873 179
12 341 144
141 945 179
332 468 134
127 330 144
292 625 144
449 666 145
247 434 144
86 900 179
598 970 179
15 74 116
160 604 144
698 951 179
225 847 171
285 699 145
516 875 179
54 256 128
29 82 116
218 665 145
363 867 171
21 741 171
611 911 179
70 270 128
294 626 144
31 813 171
157 957 179
289 773 171
677 980 179
135 543 144
480 798 171
85 814 171
57 383 144
46 609 144
537 691 145
415 630 142
258 718 171
426 623 142
847 935 179
240 374 144
775 842 153
187 672 145
17 287 128
367 612 142
380 962 179
400 462 134
324 946 179
348 679 145
245 449 144
267 615 144
174 780 171
906 953 174
634 763 171
43 989 179
276 419 144
70 301 128
243 551 144
716 772 153
439 940 179
640 663 145
69 629 144
783 930 179
288 311 118
405 420 134
628 765 171
243 699 145
104 240 128
52 944 179
268 961 179
179 218 120
75 836 171
25 423 144
540 809 171
324 740 171
123 600 144
594 873 179
9 187 125
344 455 134
173 222 120
937 939 174
295 570 144
145 225 125
290 732 171
132 308 128
560 904 179
459 535 142
798 864 148
52 964 179
293 460 144
345 556 142
296 446 144
595 908 179
82 300 128
277 770 171
205 564 144
292 482 144
748 803 153
549 561 137
217 979 179
60 485 144
292 619 144
345 811 171
4 278 128
459 654 145
452 906 179
214 513 144
11 467 144
233 729 171
268 531 144
653 829 171
49 840 171
146 562 144
107 159 122
20 175 125
137 994 179
546 890 179
535 762 171
287 598 144
682 690 127
330 729 171
541 943 179
239 582 144
71 698 145
80 652 145
803 932 179
777 911 179
426 610 142
295 954 179
59 606 144
272 505 144
429 853 171
281 291 118
39 407 144
185 388 144
229 975 179
508 684 145
9 635 144
640 873 179
329 432 134
492 667 145
307 996 179
553 743 171
88 880 179
675 872 179
294 728 171
471440 606664 470
403610 586743 470
864189 924675 476
505344 831062 509
202639 271405 443
340336 486379 449
746910 749904 393
482234 924298 525
683546 965159 525
588044 802609 509
513129 722985 509
429882 478212 444
101065 127378 354
362005 929866 525
424164 720127 509
230893 368883 441
65934 478362 449
950475 999852 458
201422 393529 443
568658 876360 525
118501 306124 443
812728 972239 525
293972 894394 525
505582 784240 509
75649 846061 525
94261 419176 449
13265 651682 509
588643 738769 509
485241 678471 509
840615 899625 445
119325 714500 509
556274 969591 525
70570 356622 443
419041 694886 509
205875 960119 525
316733 485275 449
909549 923040 476
280650 859497 525
672890 757270 504
771212 810974 468
554768 655064 509
235522 911375 525
51328 463549 449
208516 579085 470
119177 659280 509
164360 708836 509
851820 985824 507
389724 925169 525
295060 409996 441
691485 870458 525
153469 339843 443
115133 997933 525
133090 649350 509
8142 795174 509
631159 677395 442
116534 468104 449
488539 835050 509
268339 306239 407
301515 987324 525
465186 943243 525
35791 528237 470
716125 728300 411
408561 784205 509
854936 861455 388
97621 570788 470
673818 728292 504
234230 694444 509
719858 807284 468
228336 323305 443
128404 576784 470
52851 54628 322
357137 475938 449
757417 952055 525
136558 416104 449
242756 861540 525
474692 794524 509
176006 367548 443
56904 435704 449
99613 885743 525
346352 720478 509
623321 719171 509
140336 804454 509
22228 384596 443
86536 484254 449
9292 125420 354
574934 914819 525
132060 148978 375
213185 820577 509
403097 842103 525
340904 503343 449
58112 978296 525
142812 146728 357
245850 549480 470
232016 755418 509
75756 158245 383
673208 870050 525
65780 555115 470
412277 443457 418
590601 931425 525
417638 653980 509
89315 322045 443
325596 596049 470
293822 566344 470
77099 268855 443
253295 423996 449
14037 236472 443
430526 822739 509
777581 873984 525
751080 774509 468
649254 772471 504
111530 484472 449
465420 589528 470
601979 795807 509
475367 908688 525
102816 133791 354
654739 972093 525
600580 685089 509
106152 489743 449
25481 274767 443
135409 876250 525
431704 857908 525
359848 608486 470
813457 868088 525
170690 495220 449
594777 644922 509
577089 641779 509
504238 588716 470
17550 369972 443
714250 860573 525
577654 760697 509
190038 671722 509
356563 835159 509
206458 295591 443
237392 451072 449
344551 705652 509
66045 913656 525
215664 998554 525
79702 430557 449
586283 623246 447
326485 950753 525
706884 723152 411
642037 699023 442
734396 859540 525
21994 315940 443
173596 958463 525
289368 495840 449
526654 823559 509
589992 845247 525
49731 768041 509
490108 708370 509
309452 736733 509
668755 724517 504
300915 606857 470
102291 495746 449
441435 946397 525
714513 717108 380
587663 709216 509
66740 424115 449
236311 434499 449
137647 898864 525
561618 864767 525
287129 659663 509
219119 478519 449
158587 220452 386
110095 807566 509
93130 785281 509
298176 824792 509
891802 951059 507
64726 885414 525
285369 620562 470
5076 466187 449
196614 436086 449
257759 309981 407
576290 741010 509
354181 406031 436
494295 576245 470
180824 922183 525
58526 213243 383
723881 997456 525
920810 980927 507
357171 393627 436
630827 672306 442
504135 616889 470
557564 703086 509
11284 637515 509
312677 530376 470
409985 810054 509
469821 922485 525
95865 737500 509
12276 719439 509
338696 555146 470
199602 300990 443
507578 661476 509
54360 200010 383
457975 973346 525
833778 980270 525
76930 401619 443
24618 209844 383
126567 980948 525
716016 766169 424
874627 934204 476
558251 725289 509
30150 299391 443
291345 513134 470
96736 369072 443
55246 303645 443
289354 700837 509
16729 694343 509
76634 865227 525
633625 793154 504
421350 840950 525
228580 734070 509
325584 617146 470
375739 559530 470
834082 909821 525
135305 183384 383
545463 763262 509
575406 694952 509
597737 668874 509
27886 953357 525
252910 734872 509
688181 827986 504
122528 722849 509
59224 257823 443
176352 754094 509
223722 941363 525
226105 770082 509
332692 990490 525
277012 533490 470
858745 953041 507
758664 878013 525
474458 502065 426
717587 764418 424
105554 979642 525
86468 582501 470
295071 898463 525
265446 438505 449
332389 511879 449
822588 830116 419
792310 982163 525
689976 705463 504
930661 992602 507
216848 714207 509
170868 434754 449
255611 656742 509
866849 909701 445
720968 728188 411
98713 372229 443
714626 982523 525
330877 542867 470
694249 907862 525
105831 800762 509
164685 455285 449
124719 694149 509
766974 839911 525
378067 668638 509
541499 889382 525
297282 310487 371
348635 908306 525
281592 698002 509
202816 479155 449
160031 844913 525
186963 325795 443
591161 599608 403
227020 352755 443
833168 869286 525
577119 965741 525
129256 260435 443
778577 844903 525
507839 667702 509
284414 628651 509
72540 934571 525
710846 974013 525
312222 388069 441
718322 959805 525
15086 68050 340
271359 837972 525
190753 417854 449
505845 693499 509
25665 242397 443
307072 577015 470
78824 477426 449
675141 832676 504
148060 686728 509
339958 776402 509
120223 964395 525
27133 297412 443
414256 483697 444
162965 569857 470
126451 845602 525
356520 983845 525
462007 467386 369
187468 411983 449
391034 566131 470
305365 840504 525
71825 765226 509
389254 780854 509
583365 700684 509
358156 648418 509
166602 268457 443
100555 612161 470
35494 622177 470
302864 723959 509
312832 761625 509
464318 887052 525
443204 666596 509
325726 613441 470
174428 758810 509
290341 413754 449
318962 695968 509
686197 782830 504
327813 802974 509
427453 473767 444
603437 979911 525
599480 671163 509
479634 656241 509
585189 835637 509
381283 469797 449
615810 885457 525
367575 372143 392
572109 963809 525
42652 243510 443
128768 873467 525
470900 717746 509
672200 890741 525
511158 912878 525
231388 437296 449
72465 107162 354
687585 823466 504
360205 892559 525
20492 57730 340
724199 974274 525
497366 589684 470
507399 579356 470
137293 721713 509
99999 283040 443
876311 902276 445
330925 859841 525
71019 510866 449
77478 631923 509
464889 621966 470
196252 661025 509
748101 773208 468
399026 719483 509
48400 391284 443
499282 664206 509
207885 777613 509
95805 889346 525
174313 985869 525
305278 611825 470
150726 494295 449
476774 895865 525
121264 256122 443
29620 41500 324
9476 14005 276
839885 917146 476
776091 885246 525
46852 364848 443
883457 942254 507
205003 923764 525
170365 805359 509
521871 911433 525
201006 920063 525
665608 891540 525
289155 781424 509
123078 604224 470
105920 810313 509
730270 972445 525
623594 898373 525
250424 885723 525
172666 840400 525
217651 783606 509
59610 336240 443
702916 758301 504
631041 795164 504
149113 486786 449
151549 465179 449
13366 757095 509
583291 836326 509
109852 998652 525
508146 781355 509
420714 577430 470
751745 841820 525
117245 744944 509
684891 856619 525
128373 390170 443
486003 992978 525
307027 656866 509
62880 830417 509
443460 949912 525
2475 700049 509
422394 588671 470
330426 486823 449
612447 989414 525
665542 687749 398
259022 659261 509
745624 963248 525
849152 985971 507
425890 505483 444
121494 219958 386
530352 784343 509
236501 912326 525
722256 788790 468
390854 773599 509
21503 92967 351
613417 930069 525
312851 507985 449
70039 360376 443
475047 714807 509
337923 967783 525
414497 785956 509
197809 202589 342
627679 655344 416
353324 475852 449
700528 847779 525
13053 862195 525
449777 842966 525
47136 493934 449
616396 648149 509
334011 346005 441
436897 809378 509
109846 903111 525
321762 678796 509
391613 657242 509
271024 339064 389
457138 771312 509
695935 985385 525
275160 978399 525
649012 989011 525
574869 608787 434
239130 820045 509
271083 823558 509
906723 908669 370
116044 439670 449
92811 272613 443
169036 623298 470
26972 187010 383
23472 406755 443
99590 828204 509
728464 857880 525
80577 144789 375
915159 989169 507
65120 680297 509
854457 912871 476
40259 124744 354
290009 497409 449
516532 915213 525
252869 342114 407
40602 64720 340
83710 670225 509
337552 446394 449
116148 933059 525
284929 716111 509
365085 452826 449
79749 170242 383
240998 987636 525
282282 699991 509
939541 988828 458
329976 879627 525
824903 844889 525
25822 251475 443
335493 735009 509
5542 775506 509
650044 959151 525
752064 992765 525
182954 251809 443
70049 655848 509
493400 534156 470
386122 619238 470
3897 13160 268
208236 590746 470
562040 960269 525
363453 596228 470
226150 354897 443
479170 970602 525
230839 802392 509
712583 988043 525
780880 828820 468
82013 421063 449
140087 335581 443
406425 653464 509
684385 808302 504
724803 751104 424
649245 697999 442
278431 499577 449
886009 946033 507
447029 768338 509
350463 364610 410
413366 741496 509
350574 821250 509
743571 846731 525
133243 391946 443
493709 688120 509
135523 642825 509
520873 710646 509
97065 784848 509
225847 826022 509
438784 872052 525
511262 714354 509
176357 341057 443
461151 533438 470
