17 170 122
469 936 179
763 975 179
416 431 134
735 824 153
623 781 171
411 518 142
681 840 171
149 396 144
272 630 144
5 977 179
651 886 179
271 281 92
76 688 145
119 728 171
840 964 179
221 871 171
385 484 134
348 712 171
375 626 142
171 416 144
186 979 179
96 618 144
149 513 144
896 974 174
347 741 171
27 849 171
10 603 144
489 962 179
414 670 145
454 969 179
410 850 171
97 264 128
34 295 128
105 522 144
77 870 171
122 686 145
495 771 171
115 703 145
58 444 144
422 617 142
475 897 179
310 923 179
57 106 119
196 412 144
206 231 115
137 389 144
383 964 179
95 661 145
301 497 144
764 778 153
588 628 132
135 666 145
593 659 145
237 489 144
656 918 179
516 806 171
354 493 142
99 934 179
656 887 179
28 453 144
660 826 171
69 272 128
435 987 179
188 909 179
30 39 107
56 189 125
154 220 125
142 872 179
274 724 171
233 389 144
381 606 142
115 823 171
337 768 171
680 933 179
21 291 128
25 237 128
740 743 47
80 466 144
334 444 134
629 711 171
109 198 125
77 868 171
98 242 128
706 764 153
672 882 179
417 630 142
569 764 171
422 672 145
118 395 144
534 707 171
919 977 174
402 512 142
286 861 171
714 766 153
444 841 171
547 763 171
813 926 179
94 978 179
534 627 137
111 774 171
54 757 171
623 707 171
836 957 179
502 648 137
242 808 171
581 633 132
111 114 70
412 696 145
256 615 144
174 417 144
207 513 144
424 646 142
497 913 179
94 675 145
349 903 179
441 727 171
410 599 142
38 759 171
596 866 171
332 625 142
243 505 144
648 821 171
590 738 171
486 559 142
526 753 171
33 120 119
331 500 142
229 723 171
281 767 171
670 714 171
135 962 179
118 209 125
487 592 142
811 933 179
885 997 174
467 858 171
286 426 144
346 385 126
105 779 171
563 634 132
250 859 171
607 649 132
305 789 171
10 216 125
166 823 171
297 712 171
695 709 171
189 590 144
311 513 144
384 814 171
333 454 134
69 578 144
125 599 144
322 849 171
235 507 144
334 594 142
5 429 144
12 57 113
492 700 145
664 766 171
305 909 179
149 875 179
206 527 144
278 769 171
374 558 142
494 941 179
356 699 145
147 523 144
197 243 128
149 451 144
559 837 171
238 786 171
470 753 171
490 890 179
494 701 145
484 845 171
120 330 144
102 574 144
577 996 179
891 974 174
872 956 174
627 658 145
379 501 142
491 923 179
510 655 145
466 713 171
607 812 171
389 730 171
523 709 171
407 1000 179
650 814 171
578 965 179
568 806 171
168 508 144
232 657 145
125 550 144
533 827 171
67 137 122
476 667 145
288 955 179
325 892 179
270 384 144
296 575 144
76 942 179
362 872 179
328 552 142
547 708 171
901 910 117
109 781 171
331 487 134
332 791 171
194 335 144
420 899 179
476 638 142
277 728 171
118 959 179
268 614 144
224 885 179
211 436 144
305 615 144
96 489 144
497 908 179
177 857 171
130 775 171
587 910 179
665 967 179
228 432 144
142 239 128
823 983 179
41 994 179
841 861 148
85 676 145
959 984 143
578 679 145
249 558 144
751 784 153
183 944 179
95 992 179
533 980 179
296 902 179
153 599 144
433 611 142
866 890 179
887 896 148
548 868 171
637 832 171
120 438 144
237 338 144
178 635 144
361 883 179
27 823 171
158 954 179
187 236 128
555 887 179
643 744 171
412 461 134
77 720 171
142 929 179
66 856 171
986 996 112
485 790 171
71 496 144
267 938 179
944 956 37
352 876 179
69 898 179
257 708 171
523 824 171
533 797 171
12 561 144
878 908 148
370 415 134
415 580 142
661 880 179
225 548 144
177 233 128
407 499 142
420 654 145
321 692 145
11 12 15
674 884 179
959 982 143
400 824 171
235 969 179
243 671 145
220 403 144
113 323 131
246 727 171
147 493 144
133 691 145
53 282 128
162 408 144
200 727 171
74 965 179
146 592 144
320 779 171
770 902 179
103 562 144
16 739 171
285 344 144
722 964 179
149 347 144
588 945 179
299 516 144
207 545 144
752 848 153
285 537 144
150 181 125
180 415 144
487 815 171
508 857 171
559 700 145
580 834 171
566 958 179
277 586 144
167 997 179
33 161 122
424 438 116
402 926 179
1 833 171
454 510 142
272 372 144
911 943 174
785 828 135
584 593 119
847 909 179
328 860 171
224 638 144
287 367 144
487 726 171
358 757 171
463 991 179
448 482 129
578 845 171
115 309 128
77 80 36
171 319 131
257 379 144
470 692 145
495 975 179
439 720 171
445 935 179
128 944 179
22 879 179
131 788 171
152 529 144
499 893 179
298 367 144
780 810 122
727 738 140
244 531 144
635 975 179
375 810 171
365 622 142
806 924 179
112 467 144
411 886 179
359 688 145
35 909 179
122 436 144
234 392 144
676 922 179
3 888 179
871 910 179
169 491 144
23 649 144
603 808 171
640 840 171
19 661 145
744 963 179
162 252 128
192 927 179
544 948 179
430 674 145
206 290 128
100 800 171
101 781 171
72 284 128
515 585 137
850 974 179
624 718 171
325 895 179
301 562 144
258 650 145
652 961 179
509 764 171
381 636 142
321 732 171
609 906 179
738 987 179
8 77 116
772 960 179
327 562 144
125 451 144
754 965 179
138 808 171
154 662 145
432 710 171
311 986 179
357 580 142
195 752 171
651 889 179
83 736 171
122 683 145
5 550 144
223 819 171
100 755 171
24 567 144
929 992 174
266 888 179
48 517 144
505 939 179
375 457 134
298 673 145
169 205 125
235 982 179
420 942 179
175 489 144
109 472 144
535 807 171
306 308 38
251 792 171
322 750 171
50 848 171
48 842 171
846 976 179
85 321 131
291 360 144
701 949 179
811 837 135
168 632 144
365 974 179
352 392 126
139 912 179
102 891 179
137 513 144
338 389 126
567 681 145
43 614 144
89 158 122
608 896 179
264 968 179
192 599 144
360 389 121
111 191 125
784 927 179
10 594 144
344 495 142
126 634 144
528 804 171
12 589 144
106 497 144
490 540 142
464 692 145
195 752 171
853 996 179
274 729 171
241 332 144
323 486 144
455 999 179
539 666 145
280 474 144
456 665 145
61 772 171
65 444 144
143 218 125
464 717 171
450 795 171
262 391 144
213 254 128
316 333 144
428 701 145
26 460 144
344 350 126
253 583 144
780 849 135
376 713 171
393 768 171
6 676 145
84 226 125
52 216 125
2 230 125
729 851 153
139 311 128
214 242 128
253 825 171
258 765 171
561 895 179
156 663 145
249 525 144
462 757 171
32 731 171
364 923 179
125 985 179
169 853 171
511 565 137
520 804 171
79 247 128
33 984 179
501 503 111
73 523 144
97 750 171
592 666 145
44 997 179
384 756 171
209 283 128
62 880 179
466 913 179
485 853 171
880 975 174
575 814 171
364 970 179
439 445 116
131 245 128
124 722 171
272 796 171
107 830 171
471 671 145
356 720 171
215 755 171
251 680 145
859 874 179
596 642 132
351 970 179
63 877 179
18 263 128
100 280 128
431 492 142
152 930 179
103 453 144
6 772 171
136 907 179
287 999 179
43 105 119
633 900 179
92 295 128
204 495 144
851 968 179
474 694 145
414 527 142
95 140 122
61 666 145
669 802 171
100 106 88
446 615 142
617 981 179
141 422 144
132 703 145
209 264 128
8 952 179
294 747 171
190 639 144
322 901 179
436 819 171
174 988 179
412 787 171
641 782 171
126 961 179
450 818 171
156 439 144
277 872 179
45 884 179
480 657 145
176 352 144
45 221 125
492 953 179
73 520 144
55 657 145
137 259 128
182 825 171
253 267 123
261 378 144
14 712 171
204 983 179
99 367 144
36 706 171
427 689 145
172 659 145
548 681 145
472 962 179
488 628 142
213 664 145
409 796 171
149 806 171
793 863 148
24 274 128
414 451 134
134 151 117
820 857 135
682 749 171
669 847 171
56 305 128
651 871 171
257 366 144
645 779 171
607 953 179
355 391 121
413 933 179
672 894 179
255 512 144
23 971 179
303 622 144
148 432 144
548 874 179
267 481 144
343 373 126
394 619 142
847 861 148
505 638 137
348 528 142
698 994 179
481 985 179
29 542 144
120 819 171
934 965 174
105 460 144
187 368 144
459 655 145
531 643 137
50 229 125
551 761 171
261 375 144
315 467 144
53 660 145
16 478 144
280 355 144
31 347 144
570 953 179
958 994 143
31 666 145
143 891 179
483 572 142
380 445 134
11 861 171
708 933 179
710 899 179
408 540 142
159 782 171
334 348 126
283 464 144
535 891 179
286 391 144
84 564 144
773 794 153
536 759 171
434 909 179
788 904 179
484 978 179
48 350 144
81 817 171
761 991 179
469 706 171
454 616 142
424 859 171
500 619 137
409 639 142
207 611 144
218 576 144
404 999 179
449 509 142
433 541 142
879 909 148
311 667 145
429 459 129
408 925 179
411 565 142
60 273 128
413 710 171
84 824 171
540 685 145
362 916 179
390 411 121
452 898 179
389 698 145
281 369 144
400 626 142
241 858 171
546 855 171
162 924 179
355 492 142
469 631 142
426 509 142
720 762 140
308 951 179
401 406 28
116 419 144
101 944 179
856 988 179
635 729 171
576 720 171
449 880 179
118 809 171
12 105 119
209 855 171
49 168 122
172 760 171
479 626 142
393 697 145
19 740 171
339 891 179
27 847 171
163 581 144
120 550 144
440 609 142
288 524 144
185 958 179
273 339 144
234 660 145
579 666 145
447 549 142
735 970 179
260 363 144
59 745 171
596 648 132
561 780 171
623 969 179
192 768 171
91 889 179
469 642 142
453 880 179
315 969 179
825 887 179
242 416 144
311 569 144
103 645 144
617 723 171
585 771 171
399 869 171
625 782 171
311 876 179
360 761 171
251 535 144
220 755 171
335 744 171
302 808 171
397 930 179
150 985 179
406 431 134
830 989 179
57 550 144
217 826 171
84 460 144
84 910 179
275 912 179
442 721 171
778 950 179
806 983 179
131 876 179
189 345 144
231 731 171
437 530 142
218 468 144
149 529 144
596 926 179
42 287 128
70 943 179
747 901 179
514 984 179
384 842 171
352 590 142
34 195 125
439 818 171
235 620 144
289 685 145
10 942 179
365 930 179
385 655 145
348 710 171
570 912 179
646 741 171
627 803 171
356 738 171
233 726 171
36 417 144
9 399 144
144 600 144
32 101 119
898 919 130
39 606 144
176 421 144
127 436 144
132 282 128
200 735 171
830 859 135
168 579 144
60 68 108
94 879 179
330 812 171
357 507 142
226 482 144
331 500 142
60 958 179
48 765 171
255 453 144
298 958 179
200 343 144
511 870 171
759 767 153
613 812 171
732 950 179
327 437 144
267 742 171
603 877 179
408 987 179
22 182 125
384 694 145
334 773 171
199 905 179
280 974 179
742 874 179
574 894 179
840 862 148
251 842 171
359 832 171
455 617 142
381 533 142
7 456 144
684 690 127
303 358 144
267 797 171
492 560 137
251 877 179
283 501 144
310 817 171
104 592 144
317 939 179
238 380 144
139 408 144
112 284 128
258 803 171
722 838 153
73 507 144
65 986 179
285 902 179
103 291 128
843 938 179
861 982 179
542 642 137
69 81 116
119 868 171
145 297 128
597 955 179
680 759 171
6 396 144
285 370 144
104 806 171
53 690 145
466 942 179
242 486 144
90 490 144
501 668 145
449 974 179
48 285 128
494 624 137
553 711 171
731 793 153
619 626 132
413 912 179
875 980 174
41 551 144
142 774 171
40 883 179
494 901 179
671 833 171
566 928 179
526 921 179
73 914 179
409 949 179
617 775 171
913 991 174
542 646 137
290 530 144
87 189 125
136 383 144
333 409 126
605 904 179
288 950 179
501 773 171
184 501 144
238 622 144
124 914 179
453 593 142
129 598 144
146 925 179
679 959 179
367 581 142
205 237 128
318 325 100
751 943 179
14 926 179
19 621 144
201 366 144
440 930 179
121 837 171
522 827 171
597 905 179
125 597 144
699 928 179
278 693 145
348 848 171
288 622 144
360 835 171
703 951 179
190 862 171
890 892 73
558 968 179
716 727 52
386 668 145
215 550 144
401 515 142
790 791 78
583 703 145
742 898 179
96 993 179
10 275 128
445 499 142
573 989 179
354 652 145
170 268 128
340 801 171
274 409 144
482 649 142
319 711 171
397 493 142
255 664 145
132 286 128
735 897 179
516 835 171
244 524 144
241 408 144
241 723 171
301 631 144
803 808 73
108 696 145
22 442 144
954 989 143
101 617 144
870 974 179
148 726 171
554 724 171
481 584 142
30 699 145
43 79 116
61 144 122
293 908 179
267 287 105
123 128 109
414 999 179
349 360 126
230 276 128
847 912 179
513 948 179
612 678 145
26 794 171
744 855 153
452 799 171
345 838 171
510 533 124
7 54 112
34 445 144
223 249 128
68 722 171
206 784 171
306 589 144
56 898 179
314 403 144
574 628 132
177 698 145
581 789 171
46 603 144
76 434 144
554 570 106
70 284 128
95 601 144
212 369 144
360 953 179
92 873 179
318 522 144
27 740 171
236 928 179
12 532 144
813 889 179
335 907 179
306 568 144
156 421 144
268 959 179
247 825 171
298 544 144
216 244 128
38 608 144
180 200 120
691 707 171
6 393 144
173 277 128
172 318 131
739 972 179
376 873 179
410 719 171
159 660 145
