22932 5690 279
196 2186 182
341 24337 282
44149 17421 324
39539 4395 324
13669 16077 271
19307 31455 308
48312 9930 324
10501 48558 324
12641 31735 308
22306 45017 324
12493 43425 324
42032 32052 324
21280 19154 274
2748 30560 308
4267 42031 324
2601 20814 279
10568 2941 262
45151 4716 324
36713 1041 324
9110 16733 276
17117 28416 308
48187 31781 324
4698 25039 282
30338 17338 308
6773 18995 279
28707 19265 308
28772 20738 308
17669 51 279
39892 20416 324
46962 10510 324
28798 49563 324
31324 39365 324
18855 26474 282
44080 5568 324
43866 3190 324
22300 27335 308
31605 36839 324
9115 2654 262
11877 5804 268
19992 18650 274
24799 15050 282
4266 3570 238
2139 21934 279
19972 42030 324
8701 16934 276
18892 37498 324
16496 215 276
26862 35350 311
43040 37294 306
7269 3257 262
40483 29569 324
30591 38439 324
32759 6057 308
41093 44635 288
11861 11084 237
29636 3011 308
42485 254 324
6580 44623 324
22187 42903 324
3005 47240 324
9836 21896 279
1089 42683 324
38462 27951 324
28033 31501 285
15244 35301 311
34757 22078 311
31221 31700 285
10516 13979 276
37756 1608 324
24966 15968 282
29043 20953 308
18978 21527 274
21206 41909 324
32502 43393 324
34812 35506 311
6984 44647 324
23753 8072 282
37330 12214 324
2374 31714 308
43714 33969 324
33366 44822 324
6046 30939 308
26521 16562 282
11269 30629 308
34521 36234 324
46596 13564 324
23539 31926 308
1442 44744 324
23834 33943 308
4488 8645 262
35800 11471 324
19644 9552 279
19543 23325 274
21765 38268 324
21390 31830 308
22237 4755 279
43004 44634 270
35693 35876 249
11195 13314 276
16504 12068 276
15899 29452 308
41983 39437 306
11377 43424 324
34181 35210 311
27367 38668 324
10207 29518 308
139 46202 324
39070 36033 306
19526 27186 308
24300 40915 324
9016 46536 324
12021 2019 268
41170 14066 324
37894 18716 324
27379 20750 308
47135 43277 314
201 39117 324
49066 27929 324
32541 33246 267
29490 26259 308
38265 39696 275
5776 4755 236
35897 11197 324
40787 21774 324
38383 31439 324
29040 47398 324
44326 41061 288
15768 1847 276
5126 20013 279
36915 48856 314
7114 34049 308
8484 23666 282
39518 7549 324
1594 22058 279
40794 31084 324
14668 45411 324
37131 36795 262
165 39380 324
47992 7304 324
11153 36374 324
38742 40193 306
123 33067 308
47605 32242 324
1266 19082 279
18606 38180 324
17937 25720 282
38580 26420 324
49385 28097 324
33969 17331 308
16506 41114 324
48414 31173 324
36524 1896 324
34320 3041 311
41275 32311 324
10344 18780 279
35036 49085 324
25324 35158 311
48503 22928 324
33751 16120 308
42009 2356 324
4299 26297 282
28075 9231 308
19068 43812 324
3679 3036 199
11142 20185 279
10502 25907 282
17709 13377 279
27802 2028 308
16417 35429 311
690 26760 308
4208 35725 324
42196 29531 324
37234 40699 306
18810 20984 274
23170 27170 308
23340 27469 308
3466 17766 279
3051 22533 279
11577 6729 268
41921 39070 306
26913 2422 308
14976 10974 276
32150 9130 308
13001 48567 324
44558 13691 324
41678 48765 314
15767 33874 308
44647 3001 324
40924 13456 324
23984 14093 282
40625 13675 324
7913 10442 260
31441 10963 308
32974 9369 308
34044 41246 324
48439 27308 324
10019 13414 276
38281 42169 306
22543 17634 279
7087 33452 308
47676 48764 265
32216 13442 308
32637 26862 285
16442 39912 324
6669 6778 182
4005 13645 276
20452 28269 308
24086 1892 282
5584 23412 279
27613 39627 324
14657 26051 282
33286 24676 308
5816 21567 279
16844 44711 324
5552 23930 282
28162 3227 308
39045 26730 324
16668 38034 324
19943 33110 308
27945 26612 308
39887 48301 314
40256 26690 324
42922 30694 324
44934 48505 314
4105 22546 279
4483 18761 279
14948 37768 324
9788 20763 279
25686 42983 324
31825 31237 285
16912 9987 276
34463 22309 311
3068 1131 217
10342 23010 279
592 4638 238
15973 6830 276
19291 6229 279
33519 12212 308
3274 44804 324
27068 7378 308
17349 31550 308
42490 32296 324
19317 2278 279
19411 45003 324
45260 1235 324
26239 28524 308
27573 27054 259
832 30640 308
44536 27525 324
20002 45127 324
32162 35974 324
18308 17804 248
8554 18178 279
30015 11827 308
12982 7082 268
19204 46682 324
38631 28046 324
45330 24300 324
30323 14740 308
35654 41934 324
32326 28244 285
20457 26251 282
5297 37640 324
23242 49832 324
31516 43243 324
11310 30030 308
29217 45969 324
47833 37770 314
14147 44200 324
15949 43480 324
1281 1504 177
40161 6264 324
29549 35490 311
46915 26223 324
16581 48920 324
18157 15259 279
27163 4965 308
41509 48812 314
8957 31102 308
14995 40472 324
24345 42657 324
36853 19913 324
38625 34686 324
24034 19123 282
28885 39982 324
12602 46517 324
41486 19115 324
19132 21034 274
20956 16046 279
47257 3889 324
14965 31765 308
19147 8480 279
3081 27007 308
23643 28389 308
8108 38637 324
35213 48804 324
47645 22065 324
18716 36270 324
23102 42750 324
5392 18338 279
32731 34346 311
14855 40568 324
3460 338 217
11602 40767 324
16384 25210 282
44655 47700 314
23326 30153 308
22531 42758 324
7159 46173 324
21147 31619 308
1162 6359 262
46774 48806 314
28423 15490 308
1427 1525 172
24591 6819 282
19862 23673 282
7516 1068 262
14241 10975 276
1406 42194 324
18093 34141 308
33755 12748 308
48192 7080 324
42900 37075 306
49837 16411 324
49599 37335 314
48029 760 324
43693 44802 270
15918 22116 279
26643 17344 308
39992 17585 324
40514 26205 324
7610 48029 324
43625 21850 324
25355 11382 282
30395 43448 324
11874 14149 276
22547 10065 279
37580 15446 324
13491 3768 276
31856 13090 308
41103 46236 314
13849 1147 276
41038 46118 314
23262 34032 308
13462 29605 308
1617 3975 238
5810 9226 262
18356 15786 279
47427 43710 314
27167 44173 324
3509 39040 324
8321 26055 282
15456 12252 276
41501 28947 324
16019 39708 324
42036 23473 324
35944 22236 324
24620 43333 324
18354 14233 279
43716 48167 314
10190 45332 324
18493 32351 308
20909 36848 324
48136 34687 324
46910 25302 324
28859 16770 308
14341 3531 276
42825 46148 314
15782 677 276
25094 48153 324
6736 33481 308
37977 42679 306
5717 12596 268
2363 40422 324
43181 46079 314
38588 3370 324
7762 7080 239
35720 45023 306
10280 207 262
29709 23541 308
25508 24920 264
40310 6200 324
28450 49486 324
2347 10584 262
16514 43793 324
25088 23250 282
27273 13064 308
32280 49341 324
42012 34643 324
39762 35192 324
30721 44701 324
4913 4834 179
1781 6984 262
49856 28412 324
7190 45917 324
1952 49049 324
20836 8613 279
21600 15637 279
8099 40298 324
42572 24612 324
34090 17659 308
14213 27715 308
30723 46493 324
27055 39086 324
47487 16817 324
24277 44559 324
11517 45541 324
49392 29649 324
18876 15600 279
24412 26065 264
11516 42715 324
41465 48703 314
1328 13064 268
14339 25778 282
3361 23263 279
16741 3803 276
40921 30954 324
31517 37995 324
43798 24923 324
27080 41284 324
41739 17708 324
2194 19608 279
13248 1585 268
15608 32123 308
17184 40020 324
24539 45051 324
32734 16003 308
43753 413 324
45418 24444 324
26190 48779 324
47706 9283 324
18933 4978 279
6588 16801 276
42973 385 324
41723 20052 324
8020 33462 308
37760 10213 324
19421 17359 279
28149 35028 311
49482 11685 324
25047 40372 324
6735 24133 282
6375 16840 276
24545 1792 282
41283 17087 324
16922 5340 276
42721 2206 324
10317 49308 324
19006 19641 274
16044 10729 276
39693 40415 306
10542 43804 324
627 29962 308
11162 45127 324
31341 26995 272
6811 6388 244
17367 29898 308
46872 23741 324
46737 37768 314
41884 4371 324
4854 25158 282
9710 47574 324
27363 36378 324
13233 46369 324
6019 29276 308
7097 12063 268
19690 33990 308
5866 36668 324
30303 33379 285
31795 11643 308
10374 4957 262
18030 27740 308
34854 31253 311
17832 47942 324
19021 26067 282
2312 40226 324
1224 28373 308
37800 28587 324
31103 17384 308
41307 3473 324
46660 14755 324
31887 32701 267
48744 37752 314
35721 29046 324
37482 17515 324
40688 47855 314
38823 25070 324
41946 40029 288
6322 9777 260
37970 41694 306
2196 6634 262
31920 3419 308
35006 36071 324
48357 32460 324
3454 39663 324
35932 16465 324
4417 17818 279
49166 3160 324
21921 34886 311
48557 9403 324
18752 39245 324
23609 7574 282
30666 15555 308
13954 3339 276
41683 1924 324
45033 43878 270
24909 26952 308
13649 26266 282
13022 12005 263
8726 16475 276
1668 11009 268
32940 6084 308
28827 48457 324
25596 17099 282
49694 24152 324
42853 18445 324
29748 16462 308
42370 10413 324
48368 6324 324
13752 6402 276
24599 25136 264
16632 49507 324
2087 30280 308
25772 31460 308
8636 849 262
14286 10303 276
11858 13577 276
32739 40684 324
12033 24686 282
24134 11726 282
48837 16987 324
46522 44937 314
49800 38892 314
5349 48167 324
11567 35452 311
4568 36165 324
26939 21199 308
2023 29025 308
17830 44146 324
26836 26466 308
44995 41122 288
3120 6852 262
4698 35858 324
13887 33083 308
26895 38020 324
44808 25732 324
5006 41330 324
37020 4805 324
46573 42368 314
19323 8139 279
44172 40243 288
10655 21110 279
27793 29029 259
16487 45623 324
23174 43322 324
38440 18168 324
34443 41559 324
41371 5493 324
43769 5257 324
38575 20663 324
43277 49734 314
12746 14634 276
41063 49765 314
35791 3987 324
8485 5113 262
28477 19008 308
45355 39131 314
40117 39500 306
34511 22955 311
35122 7685 311
16277 23561 282
42204 17071 324
15119 33575 308
22563 25239 282
38831 27489 324
45902 32107 324
27223 24999 308
13093 34637 311
24764 48883 324
38624 33248 324
20347 17100 279
2255 32054 308
22583 8723 279
21553 7093 279
31678 6674 308
14777 14306 271
46586 23333 324
47728 28056 324
6907 36643 324
3295 45737 324
14131 15548 271
44196 41353 288
40546 7288 324
42342 15309 324
22522 30965 308
14908 42868 324
14416 33514 308
24921 36998 324
8589 46473 324
10443 6618 260
19498 25219 282
20923 16083 279
14903 18650 279
44139 21809 324
21644 13785 279
33898 35775 324
29332 28093 272
43479 19877 324
1732 35820 324
1538 24253 282
33136 16445 308
33472 47552 324
16311 8393 276
901 24899 282
21217 11343 279
31516 40715 324
36562 18790 324
23149 17816 274
3791 33639 308
39625 25435 324
47423 23522 324
11209 26754 308
17966 21039 274
46631 36049 314
23211 48168 324
26653 6346 308
30964 10124 308
3897 47274 324
34868 4798 311
38524 22437 324
16140 20039 279
29503 19053 308
38828 2651 324
36869 8971 324
36290 42845 306
34405 64 311
32718 11965 308
26818 683 308
33003 23448 308
3083 6213 262
37967 29735 324
12559 18930 279
6210 32807 308
32556 7430 308
3956 21079 279
29866 36448 324
7470 25720 282
5500 46297 324
28370 8720 308
21619 31011 308
1564 6023 238
47427 633 324
17987 24244 282
17667 17342 279
14043 20749 279
23554 2009 282
16835 2464 276
37290 23045 324
35271 19845 311
46826 5578 324
40924 26691 324
42025 48393 314
2410 47525 324
11041 47131 324
22596 49012 324
44494 40512 288
5034 41920 324
41144 23021 324
32515 8811 308
6714 46557 324
45911 30267 324
14917 12746 276
49083 2206 324
2142 705 182
38403 48967 314
6282 45678 324
42009 48307 314
10422 10770 255
12183 37814 324
24252 1130 282
36825 18745 324
41641 41859 257
27016 49137 324
31231 9530 308
24299 37944 324
22438 20209 269
34562 37354 324
49306 33644 324
5912 1447 238
34348 44314 324
413 6982 262
39991 8773 324
21640 16764 279
19542 33822 308
4577 43794 324
1303 41402 324
28890 42944 324
33260 22258 308
8432 30842 308
48139 32730 324
35137 20577 311
19290 19698 274
24282 18596 282
19694 30193 308
20042 4041 279
40858 36807 306
27374 47200 324
45579 49013 314
13963 31473 308
49186 18540 324
25266 489 282
26293 20507 282
43432 25904 324
42764 18215 324
6745 40903 324
17296 41881 324
11479 36585 324
27930 2112 308
5180 47623 324
32305 41574 324
18016 39514 324
44732 45389 314
36714 40310 306
44402 17028 324
21782 43587 324
1919 13399 276
44075 28211 324
33906 3858 308
4114 26669 308
38424 27210 324
33923 5719 308
19090 11753 279
42304 47020 314
13865 13835 227
10994 12521 263
21760 29009 308
2034 16491 276
24398 5099 282
23153 35151 311
38479 11286 324
28737 40397 324
24685 39164 324
18608 24942 282
9373 39073 324
17962 47797 324
16283 1885 276
19867 1724 279
13637 12170 276
48743 43853 314
42357 26089 324
6373 14116 276
5097 24759 282
46959 29494 324
46209 36463 314
30996 34687 311
47748 26085 324
41436 38784 306
15248 10043 276
13725 40972 324
15467 48039 324
5120 31749 308
49923 24987 324
33473 29911 285
3508 48567 324
23764 45864 324
24655 46488 324
26332 29752 308
37598 39642 275
25597 159 282
26104 6593 282
34845 23851 311
32677 26280 308
12635 14276 276
2674 42711 324
21599 18141 274
40749 26719 324
16241 7023 276
1705 49713 324
3286 21564 279
14632 27049 308
17428 5638 276
39888 10111 324
1741 27486 308
49752 27338 324
27644 25855 308
282 28840 308
16057 49310 324
21472 45043 324
29937 40497 324
4106 17887 279
24989 11206 282
44605 41230 288
18229 12661 279
7294 21514 279
34225 38277 324
14914 18004 279
43915 21153 324
44466 45655 314
48638 44217 314
39344 42633 306
36423 5977 324
37825 18831 324
21638 25648 282
13874 1574 276
16144 17979 279
19461 41133 324
45536 30417 324
48714 13764 324
43078 22359 324
1629 43654 324
10636 32894 308
28009 4550 308
4047 22474 279
16556 19036 279
33042 5900 308
28021 35816 324
28228 15845 308
4646 49866 324
41492 34871 324
1439 23987 282
19201 37251 324
31471 14737 308
34020 30184 285
44852 43449 270
2543 12833 268
37102 29530 324
45726 31462 324
431 16124 276
20287 16986 279
35160 19680 311
39237 13180 324
5495 17465 276
45376 26492 324
33682 3219 308
27715 1472 308
27205 13267 308
38723 8676 324
28003 22742 308
5211 39207 324
16190 24105 282
18391 19643 274
3634 30468 308
17456 4064 276
46592 37742 314
37402 48103 314
7421 26638 308
27634 29267 272
10454 39361 324
22110 44135 324
42579 49824 314
45607 36135 314
13091 681 268
44810 7445 324
39774 16373 324
13003 22315 279
40477 31393 324
41957 10463 324
11861 25764 282
14526 24804 282
13505 1927 276
22906 37277 324
44917 16891 324
16543 21722 279
6251 5004 262
15857 48829 324
4828 27815 308
1315 34270 311
28495 46125 324
8066 34620 311
28849 21069 308
6934 19325 279
18813 48890 324
46139 30673 324
24653 10665 282
21828 4509 279
28943 11085 308
41785 40211 288
27975 24679 308
11933 577 268
29682 44141 324
49405 861 324
21955 720 279
1482 16801 276
13196 9548 268
1420 8396 262
46968 8353 324
44072 15780 324
23594 40211 324
12805 14598 276
17227 34632 311
35458 12521 311
12069 43594 324
2732 40043 324
18272 31016 308
40620 14305 324
25156 6376 282
31518 13462 308
23447 32999 308
46614 2994 324
8898 48033 324
11389 5865 268
22737 21813 269
37997 12682 324
12023 801 268
43631 29249 324
1784 29088 308
41769 30204 324
39033 10852 324
20247 7304 279
41867 27218 324
37960 33374 324
49945 19477 324
13187 39744 324
18828 9800 279
42737 27725 324
24184 20478 282
49942 13272 324
42290 4290 324
25953 4312 282
21442 35935 324
49912 39577 314
31374 8032 308
19781 20406 274
18884 6379 279
27709 27102 259
49948 32021 324
10476 49892 324
17849 23662 282
39635 36676 306
49814 48724 296
30753 23997 308
19201 47046 324
37269 27842 324
1335 13221 268
48505 22776 324
15508 48416 324
12352 46881 324
6447 48484 324
17287 41682 324
4862 11347 268
18784 4809 279
43367 45611 314
4701 11216 268
35624 10687 311
14243 35437 311
25762 11347 282
9434 44962 324
8392 46702 324
39155 26078 324
26274 37659 324
15205 8133 276
36074 43909 306
5014 8873 262
42392 22300 324
16906 47254 324
33646 35689 324
18414 43365 324
47651 39466 314
20932 33275 308
153 1526 182
18711 25914 282
12873 44496 324
37228 37616 306
7549 42734 324
30046 175 308
30393 45250 324
8307 32818 308
5510 13320 276
8042 47902 324
1971 24948 282
11507 1969 268
26988 29920 272
45333 24639 324
35738 16264 324
24265 35890 324
34141 9327 308
28155 47013 324
3823 31734 308
981 27723 308
24468 31026 308
27897 21212 308
42627 36204 306
4029 48137 324
15875 12071 276
12390 17846 279
37018 23896 324
19814 30357 308
20167 31498 308
4995 5904 236
14113 29259 308
8145 48253 324
38586 2652 324
11618 8760 268
737 12598 268
36482 25204 324
43623 14379 324
12767 36249 324
16934 16796 204
34385 49160 324
